{"/Users/felipejeldesramirez/Desktop/Suitcase/luggage-app/src/components/external-link.tsx": {"path":"/Users/felipejeldesramirez/Desktop/Suitcase/luggage-app/src/components/external-link.tsx","statementMap":{"0":{"start":{"line":8,"column":2},"end":{"line":24,"column":4}},"1":{"start":{"line":14,"column":8},"end":{"line":21,"column":9}},"2":{"start":{"line":16,"column":10},"end":{"line":16,"column":33}},"3":{"start":{"line":18,"column":10},"end":{"line":20,"column":13}}},"fnMap":{"0":{"name":"ExternalLink","decl":{"start":{"line":7,"column":16},"end":{"line":7,"column":28}},"loc":{"start":{"line":7,"column":55},"end":{"line":25,"column":1}},"line":7},"1":{"name":"(anonymous_1)","decl":{"start":{"line":13,"column":15},"end":{"line":13,"column":16}},"loc":{"start":{"line":13,"column":32},"end":{"line":22,"column":7}},"line":13}},"branchMap":{"0":{"loc":{"start":{"line":14,"column":8},"end":{"line":21,"column":9}},"type":"if","locations":[{"start":{"line":14,"column":8},"end":{"line":21,"column":9}},{"start":{},"end":{}}],"line":14}},"s":{"0":0,"1":0,"2":0,"3":0},"f":{"0":0,"1":0},"b":{"0":[0,0]}}
,"/Users/felipejeldesramirez/Desktop/Suitcase/luggage-app/src/components/haptic-tab.tsx": {"path":"/Users/felipejeldesramirez/Desktop/Suitcase/luggage-app/src/components/haptic-tab.tsx","statementMap":{"0":{"start":{"line":6,"column":2},"end":{"line":17,"column":4}},"1":{"start":{"line":10,"column":8},"end":{"line":13,"column":9}},"2":{"start":{"line":12,"column":10},"end":{"line":12,"column":65}},"3":{"start":{"line":14,"column":8},"end":{"line":14,"column":30}}},"fnMap":{"0":{"name":"HapticTab","decl":{"start":{"line":5,"column":16},"end":{"line":5,"column":25}},"loc":{"start":{"line":5,"column":58},"end":{"line":18,"column":1}},"line":5},"1":{"name":"(anonymous_1)","decl":{"start":{"line":9,"column":17},"end":{"line":9,"column":18}},"loc":{"start":{"line":9,"column":25},"end":{"line":15,"column":7}},"line":9}},"branchMap":{"0":{"loc":{"start":{"line":10,"column":8},"end":{"line":13,"column":9}},"type":"if","locations":[{"start":{"line":10,"column":8},"end":{"line":13,"column":9}},{"start":{},"end":{}}],"line":10}},"s":{"0":0,"1":0,"2":0,"3":0},"f":{"0":0,"1":0},"b":{"0":[0,0]}}
,"/Users/felipejeldesramirez/Desktop/Suitcase/luggage-app/src/components/hello-wave.tsx": {"path":"/Users/felipejeldesramirez/Desktop/Suitcase/luggage-app/src/components/hello-wave.tsx","statementMap":{"0":{"start":{"line":4,"column":2},"end":{"line":18,"column":4}}},"fnMap":{"0":{"name":"HelloWave","decl":{"start":{"line":3,"column":16},"end":{"line":3,"column":25}},"loc":{"start":{"line":3,"column":28},"end":{"line":19,"column":1}},"line":3}},"branchMap":{},"s":{"0":0},"f":{"0":0},"b":{}}
,"/Users/felipejeldesramirez/Desktop/Suitcase/luggage-app/src/components/parallax-scroll-view.tsx": {"path":"/Users/felipejeldesramirez/Desktop/Suitcase/luggage-app/src/components/parallax-scroll-view.tsx","statementMap":{"0":{"start":{"line":14,"column":22},"end":{"line":14,"column":25}},"1":{"start":{"line":26,"column":26},"end":{"line":26,"column":57}},"2":{"start":{"line":27,"column":22},"end":{"line":27,"column":49}},"3":{"start":{"line":28,"column":20},"end":{"line":28,"column":57}},"4":{"start":{"line":29,"column":23},"end":{"line":29,"column":49}},"5":{"start":{"line":30,"column":30},"end":{"line":45,"column":4}},"6":{"start":{"line":31,"column":4},"end":{"line":44,"column":6}},"7":{"start":{"line":47,"column":2},"end":{"line":62,"column":4}},"8":{"start":{"line":65,"column":15},"end":{"line":79,"column":2}}},"fnMap":{"0":{"name":"ParallaxScrollView","decl":{"start":{"line":21,"column":24},"end":{"line":21,"column":42}},"loc":{"start":{"line":25,"column":10},"end":{"line":63,"column":1}},"line":25},"1":{"name":"(anonymous_1)","decl":{"start":{"line":30,"column":47},"end":{"line":30,"column":48}},"loc":{"start":{"line":30,"column":53},"end":{"line":45,"column":3}},"line":30}},"branchMap":{"0":{"loc":{"start":{"line":27,"column":22},"end":{"line":27,"column":49}},"type":"binary-expr","locations":[{"start":{"line":27,"column":22},"end":{"line":27,"column":38}},{"start":{"line":27,"column":42},"end":{"line":27,"column":49}}],"line":27}},"s":{"0":0,"1":0,"2":0,"3":0,"4":0,"5":0,"6":0,"7":0,"8":0},"f":{"0":0,"1":0},"b":{"0":[0,0]}}
,"/Users/felipejeldesramirez/Desktop/Suitcase/luggage-app/src/components/themed-text.tsx": {"path":"/Users/felipejeldesramirez/Desktop/Suitcase/luggage-app/src/components/themed-text.tsx","statementMap":{"0":{"start":{"line":18,"column":16},"end":{"line":18,"column":77}},"1":{"start":{"line":20,"column":2},"end":{"line":33,"column":4}},"2":{"start":{"line":36,"column":15},"end":{"line":60,"column":2}}},"fnMap":{"0":{"name":"ThemedText","decl":{"start":{"line":11,"column":16},"end":{"line":11,"column":26}},"loc":{"start":{"line":17,"column":20},"end":{"line":34,"column":1}},"line":17}},"branchMap":{"0":{"loc":{"start":{"line":15,"column":2},"end":{"line":15,"column":18}},"type":"default-arg","locations":[{"start":{"line":15,"column":9},"end":{"line":15,"column":18}}],"line":15},"1":{"loc":{"start":{"line":24,"column":8},"end":{"line":24,"column":55}},"type":"cond-expr","locations":[{"start":{"line":24,"column":29},"end":{"line":24,"column":43}},{"start":{"line":24,"column":46},"end":{"line":24,"column":55}}],"line":24},"2":{"loc":{"start":{"line":25,"column":8},"end":{"line":25,"column":51}},"type":"cond-expr","locations":[{"start":{"line":25,"column":27},"end":{"line":25,"column":39}},{"start":{"line":25,"column":42},"end":{"line":25,"column":51}}],"line":25},"3":{"loc":{"start":{"line":26,"column":8},"end":{"line":26,"column":71}},"type":"cond-expr","locations":[{"start":{"line":26,"column":37},"end":{"line":26,"column":59}},{"start":{"line":26,"column":62},"end":{"line":26,"column":71}}],"line":26},"4":{"loc":{"start":{"line":27,"column":8},"end":{"line":27,"column":57}},"type":"cond-expr","locations":[{"start":{"line":27,"column":30},"end":{"line":27,"column":45}},{"start":{"line":27,"column":48},"end":{"line":27,"column":57}}],"line":27},"5":{"loc":{"start":{"line":28,"column":8},"end":{"line":28,"column":49}},"type":"cond-expr","locations":[{"start":{"line":28,"column":26},"end":{"line":28,"column":37}},{"start":{"line":28,"column":40},"end":{"line":28,"column":49}}],"line":28}},"s":{"0":0,"1":0,"2":0},"f":{"0":0},"b":{"0":[0],"1":[0,0],"2":[0,0],"3":[0,0],"4":[0,0],"5":[0,0]}}
,"/Users/felipejeldesramirez/Desktop/Suitcase/luggage-app/src/components/themed-view.tsx": {"path":"/Users/felipejeldesramirez/Desktop/Suitcase/luggage-app/src/components/themed-view.tsx","statementMap":{"0":{"start":{"line":11,"column":26},"end":{"line":11,"column":93}},"1":{"start":{"line":13,"column":2},"end":{"line":13,"column":71}}},"fnMap":{"0":{"name":"ThemedView","decl":{"start":{"line":10,"column":16},"end":{"line":10,"column":26}},"loc":{"start":{"line":10,"column":93},"end":{"line":14,"column":1}},"line":10}},"branchMap":{},"s":{"0":0,"1":0},"f":{"0":0},"b":{}}
,"/Users/felipejeldesramirez/Desktop/Suitcase/luggage-app/src/components/auth/GoogleButton.styles.ts": {"path":"/Users/felipejeldesramirez/Desktop/Suitcase/luggage-app/src/components/auth/GoogleButton.styles.ts","statementMap":{"0":{"start":{"line":5,"column":22},"end":{"line":39,"column":2}}},"fnMap":{},"branchMap":{},"s":{"0":0},"f":{},"b":{}}
,"/Users/felipejeldesramirez/Desktop/Suitcase/luggage-app/src/components/auth/GoogleButton.tsx": {"path":"/Users/felipejeldesramirez/Desktop/Suitcase/luggage-app/src/components/auth/GoogleButton.tsx","statementMap":{"0":{"start":{"line":7,"column":28},"end":{"line":26,"column":1}},"1":{"start":{"line":8,"column":32},"end":{"line":8,"column":47}},"2":{"start":{"line":10,"column":2},"end":{"line":25,"column":3}},"3":{"start":{"line":13,"column":21},"end":{"line":13,"column":29}}},"fnMap":{"0":{"name":"(anonymous_0)","decl":{"start":{"line":7,"column":28},"end":{"line":7,"column":29}},"loc":{"start":{"line":7,"column":34},"end":{"line":26,"column":1}},"line":7},"1":{"name":"(anonymous_1)","decl":{"start":{"line":13,"column":15},"end":{"line":13,"column":16}},"loc":{"start":{"line":13,"column":21},"end":{"line":13,"column":29}},"line":13}},"branchMap":{"0":{"loc":{"start":{"line":12,"column":29},"end":{"line":12,"column":57}},"type":"binary-expr","locations":[{"start":{"line":12,"column":29},"end":{"line":12,"column":38}},{"start":{"line":12,"column":42},"end":{"line":12,"column":57}}],"line":12},"1":{"loc":{"start":{"line":16,"column":7},"end":{"line":23,"column":7}},"type":"cond-expr","locations":[{"start":{"line":17,"column":8},"end":{"line":17,"column":45}},{"start":{"line":19,"column":8},"end":{"line":22,"column":15}}],"line":16}},"s":{"0":0,"1":0,"2":0,"3":0},"f":{"0":0,"1":0},"b":{"0":[0,0],"1":[0,0]}}
,"/Users/felipejeldesramirez/Desktop/Suitcase/luggage-app/src/components/booking/BookingDetail.tsx": {"path":"/Users/felipejeldesramirez/Desktop/Suitcase/luggage-app/src/components/booking/BookingDetail.tsx","statementMap":{"0":{"start":{"line":31,"column":17},"end":{"line":31,"column":28}},"1":{"start":{"line":34,"column":44},"end":{"line":34,"column":67}},"2":{"start":{"line":35,"column":47},"end":{"line":35,"column":65}},"3":{"start":{"line":36,"column":55},"end":{"line":36,"column":112}},"4":{"start":{"line":37,"column":32},"end":{"line":37,"column":44}},"5":{"start":{"line":39,"column":98},"end":{"line":42,"column":4}},"6":{"start":{"line":41,"column":19},"end":{"line":41,"column":49}},"7":{"start":{"line":43,"column":46},"end":{"line":43,"column":75}},"8":{"start":{"line":45,"column":2},"end":{"line":50,"column":19}},"9":{"start":{"line":46,"column":4},"end":{"line":49,"column":5}},"10":{"start":{"line":47,"column":26},"end":{"line":47,"column":83}},"11":{"start":{"line":47,"column":54},"end":{"line":47,"column":65}},"12":{"start":{"line":48,"column":6},"end":{"line":48,"column":40}},"13":{"start":{"line":53,"column":26},"end":{"line":53,"column":69}},"14":{"start":{"line":55,"column":2},"end":{"line":57,"column":13}},"15":{"start":{"line":56,"column":4},"end":{"line":56,"column":57}},"16":{"start":{"line":56,"column":15},"end":{"line":56,"column":57}},"17":{"start":{"line":60,"column":36},"end":{"line":60,"column":56}},"18":{"start":{"line":61,"column":32},"end":{"line":61,"column":94}},"19":{"start":{"line":62,"column":36},"end":{"line":62,"column":51}},"20":{"start":{"line":65,"column":22},"end":{"line":78,"column":13}},"21":{"start":{"line":66,"column":4},"end":{"line":66,"column":42}},"22":{"start":{"line":66,"column":30},"end":{"line":66,"column":42}},"23":{"start":{"line":67,"column":16},"end":{"line":67,"column":26}},"24":{"start":{"line":68,"column":22},"end":{"line":68,"column":81}},"25":{"start":{"line":68,"column":58},"end":{"line":68,"column":80}},"26":{"start":{"line":69,"column":4},"end":{"line":69,"column":55}},"27":{"start":{"line":69,"column":42},"end":{"line":69,"column":55}},"28":{"start":{"line":71,"column":26},"end":{"line":74,"column":5}},"29":{"start":{"line":72,"column":21},"end":{"line":72,"column":45}},"30":{"start":{"line":73,"column":6},"end":{"line":73,"column":24}},"31":{"start":{"line":76,"column":24},"end":{"line":76,"column":62}},"32":{"start":{"line":77,"column":4},"end":{"line":77,"column":105}},"33":{"start":{"line":81,"column":15},"end":{"line":84,"column":26}},"34":{"start":{"line":82,"column":19},"end":{"line":82,"column":58}},"35":{"start":{"line":83,"column":4},"end":{"line":83,"column":66}},"36":{"start":{"line":86,"column":21},"end":{"line":89,"column":25}},"37":{"start":{"line":87,"column":4},"end":{"line":87,"column":46}},"38":{"start":{"line":87,"column":38},"end":{"line":87,"column":46}},"39":{"start":{"line":88,"column":4},"end":{"line":88,"column":136}},"40":{"start":{"line":91,"column":25},"end":{"line":100,"column":3}},"41":{"start":{"line":92,"column":21},"end":{"line":92,"column":39}},"42":{"start":{"line":93,"column":4},"end":{"line":93,"column":28}},"43":{"start":{"line":93,"column":22},"end":{"line":93,"column":28}},"44":{"start":{"line":94,"column":18},"end":{"line":94,"column":50}},"45":{"start":{"line":95,"column":4},"end":{"line":98,"column":5}},"46":{"start":{"line":96,"column":6},"end":{"line":96,"column":101}},"47":{"start":{"line":97,"column":6},"end":{"line":97,"column":12}},"48":{"start":{"line":99,"column":4},"end":{"line":99,"column":42}},"49":{"start":{"line":102,"column":24},"end":{"line":116,"column":3}},"50":{"start":{"line":103,"column":4},"end":{"line":103,"column":45}},"51":{"start":{"line":103,"column":39},"end":{"line":103,"column":45}},"52":{"start":{"line":105,"column":4},"end":{"line":108,"column":5}},"53":{"start":{"line":106,"column":6},"end":{"line":106,"column":80}},"54":{"start":{"line":107,"column":6},"end":{"line":107,"column":13}},"55":{"start":{"line":110,"column":4},"end":{"line":115,"column":6}},"56":{"start":{"line":118,"column":24},"end":{"line":123,"column":3}},"57":{"start":{"line":119,"column":19},"end":{"line":119,"column":44}},"58":{"start":{"line":120,"column":4},"end":{"line":122,"column":5}},"59":{"start":{"line":121,"column":6},"end":{"line":121,"column":27}},"60":{"start":{"line":125,"column":2},"end":{"line":125,"column":109}},"61":{"start":{"line":125,"column":17},"end":{"line":125,"column":109}},"62":{"start":{"line":126,"column":2},"end":{"line":126,"column":120}},"63":{"start":{"line":126,"column":13},"end":{"line":126,"column":120}},"64":{"start":{"line":129,"column":2},"end":{"line":401,"column":3}},"65":{"start":{"line":135,"column":69},"end":{"line":135,"column":82}},"66":{"start":{"line":144,"column":72},"end":{"line":144,"column":96}},"67":{"start":{"line":151,"column":16},"end":{"line":151,"column":249}},"68":{"start":{"line":166,"column":16},"end":{"line":166,"column":35}},"69":{"start":{"line":167,"column":16},"end":{"line":167,"column":95}},"70":{"start":{"line":167,"column":37},"end":{"line":167,"column":95}},"71":{"start":{"line":175,"column":34},"end":{"line":175,"column":50}},"72":{"start":{"line":199,"column":16},"end":{"line":217,"column":23}},"73":{"start":{"line":206,"column":24},"end":{"line":211,"column":26}},"74":{"start":{"line":224,"column":30},"end":{"line":224,"column":62}},"75":{"start":{"line":225,"column":30},"end":{"line":225,"column":52}},"76":{"start":{"line":227,"column":12},"end":{"line":276,"column":13}},"77":{"start":{"line":253,"column":35},"end":{"line":253,"column":59}},"78":{"start":{"line":264,"column":35},"end":{"line":264,"column":58}},"79":{"start":{"line":294,"column":28},"end":{"line":294,"column":38}},"80":{"start":{"line":295,"column":16},"end":{"line":295,"column":42}},"81":{"start":{"line":295,"column":31},"end":{"line":295,"column":42}},"82":{"start":{"line":296,"column":30},"end":{"line":296,"column":61}},"83":{"start":{"line":297,"column":33},"end":{"line":297,"column":51}},"84":{"start":{"line":298,"column":29},"end":{"line":298,"column":129}},"85":{"start":{"line":299,"column":16},"end":{"line":305,"column":17}},"86":{"start":{"line":332,"column":47},"end":{"line":332,"column":54}},"87":{"start":{"line":335,"column":39},"end":{"line":335,"column":65}},"88":{"start":{"line":336,"column":20},"end":{"line":360,"column":22}},"89":{"start":{"line":339,"column":39},"end":{"line":339,"column":65}},"90":{"start":{"line":404,"column":15},"end":{"line":720,"column":2}}},"fnMap":{"0":{"name":"BookingDetail","decl":{"start":{"line":30,"column":24},"end":{"line":30,"column":37}},"loc":{"start":{"line":30,"column":58},"end":{"line":402,"column":1}},"line":30},"1":{"name":"(anonymous_1)","decl":{"start":{"line":41,"column":13},"end":{"line":41,"column":14}},"loc":{"start":{"line":41,"column":19},"end":{"line":41,"column":49}},"line":41},"2":{"name":"(anonymous_2)","decl":{"start":{"line":45,"column":12},"end":{"line":45,"column":13}},"loc":{"start":{"line":45,"column":18},"end":{"line":50,"column":3}},"line":45},"3":{"name":"(anonymous_3)","decl":{"start":{"line":47,"column":42},"end":{"line":47,"column":43}},"loc":{"start":{"line":47,"column":54},"end":{"line":47,"column":65}},"line":47},"4":{"name":"(anonymous_4)","decl":{"start":{"line":55,"column":12},"end":{"line":55,"column":13}},"loc":{"start":{"line":55,"column":18},"end":{"line":57,"column":3}},"line":55},"5":{"name":"(anonymous_5)","decl":{"start":{"line":65,"column":30},"end":{"line":65,"column":31}},"loc":{"start":{"line":65,"column":36},"end":{"line":78,"column":3}},"line":65},"6":{"name":"(anonymous_6)","decl":{"start":{"line":68,"column":46},"end":{"line":68,"column":47}},"loc":{"start":{"line":68,"column":58},"end":{"line":68,"column":80}},"line":68},"7":{"name":"(anonymous_7)","decl":{"start":{"line":71,"column":26},"end":{"line":71,"column":27}},"loc":{"start":{"line":71,"column":41},"end":{"line":74,"column":5}},"line":71},"8":{"name":"(anonymous_8)","decl":{"start":{"line":81,"column":23},"end":{"line":81,"column":24}},"loc":{"start":{"line":81,"column":29},"end":{"line":84,"column":3}},"line":81},"9":{"name":"(anonymous_9)","decl":{"start":{"line":86,"column":29},"end":{"line":86,"column":30}},"loc":{"start":{"line":86,"column":35},"end":{"line":89,"column":3}},"line":86},"10":{"name":"(anonymous_10)","decl":{"start":{"line":91,"column":25},"end":{"line":91,"column":26}},"loc":{"start":{"line":91,"column":69},"end":{"line":100,"column":3}},"line":91},"11":{"name":"(anonymous_11)","decl":{"start":{"line":102,"column":24},"end":{"line":102,"column":25}},"loc":{"start":{"line":102,"column":36},"end":{"line":116,"column":3}},"line":102},"12":{"name":"(anonymous_12)","decl":{"start":{"line":118,"column":24},"end":{"line":118,"column":25}},"loc":{"start":{"line":118,"column":36},"end":{"line":123,"column":3}},"line":118},"13":{"name":"(anonymous_13)","decl":{"start":{"line":135,"column":63},"end":{"line":135,"column":64}},"loc":{"start":{"line":135,"column":69},"end":{"line":135,"column":82}},"line":135},"14":{"name":"(anonymous_14)","decl":{"start":{"line":144,"column":66},"end":{"line":144,"column":67}},"loc":{"start":{"line":144,"column":72},"end":{"line":144,"column":96}},"line":144},"15":{"name":"(anonymous_15)","decl":{"start":{"line":150,"column":40},"end":{"line":150,"column":41}},"loc":{"start":{"line":151,"column":16},"end":{"line":151,"column":249}},"line":151},"16":{"name":"(anonymous_16)","decl":{"start":{"line":165,"column":24},"end":{"line":165,"column":25}},"loc":{"start":{"line":165,"column":34},"end":{"line":168,"column":15}},"line":165},"17":{"name":"(anonymous_17)","decl":{"start":{"line":175,"column":24},"end":{"line":175,"column":25}},"loc":{"start":{"line":175,"column":34},"end":{"line":175,"column":50}},"line":175},"18":{"name":"(anonymous_18)","decl":{"start":{"line":198,"column":26},"end":{"line":198,"column":27}},"loc":{"start":{"line":199,"column":16},"end":{"line":217,"column":23}},"line":199},"19":{"name":"(anonymous_19)","decl":{"start":{"line":205,"column":43},"end":{"line":205,"column":44}},"loc":{"start":{"line":206,"column":24},"end":{"line":211,"column":26}},"line":206},"20":{"name":"(anonymous_20)","decl":{"start":{"line":223,"column":55},"end":{"line":223,"column":56}},"loc":{"start":{"line":223,"column":65},"end":{"line":277,"column":11}},"line":223},"21":{"name":"(anonymous_21)","decl":{"start":{"line":253,"column":29},"end":{"line":253,"column":30}},"loc":{"start":{"line":253,"column":35},"end":{"line":253,"column":59}},"line":253},"22":{"name":"(anonymous_22)","decl":{"start":{"line":264,"column":29},"end":{"line":264,"column":30}},"loc":{"start":{"line":264,"column":35},"end":{"line":264,"column":58}},"line":264},"23":{"name":"(anonymous_23)","decl":{"start":{"line":293,"column":59},"end":{"line":293,"column":60}},"loc":{"start":{"line":293,"column":69},"end":{"line":306,"column":15}},"line":293},"24":{"name":"(anonymous_24)","decl":{"start":{"line":332,"column":32},"end":{"line":332,"column":33}},"loc":{"start":{"line":332,"column":47},"end":{"line":332,"column":54}},"line":332},"25":{"name":"(anonymous_25)","decl":{"start":{"line":334,"column":30},"end":{"line":334,"column":31}},"loc":{"start":{"line":334,"column":59},"end":{"line":361,"column":19}},"line":334},"26":{"name":"(anonymous_26)","decl":{"start":{"line":339,"column":33},"end":{"line":339,"column":34}},"loc":{"start":{"line":339,"column":39},"end":{"line":339,"column":65}},"line":339}},"branchMap":{"0":{"loc":{"start":{"line":36,"column":66},"end":{"line":36,"column":111}},"type":"cond-expr","locations":[{"start":{"line":36,"column":91},"end":{"line":36,"column":101}},{"start":{"line":36,"column":104},"end":{"line":36,"column":111}}],"line":36},"1":{"loc":{"start":{"line":46,"column":4},"end":{"line":49,"column":5}},"type":"if","locations":[{"start":{"line":46,"column":4},"end":{"line":49,"column":5}},{"start":{},"end":{}}],"line":46},"2":{"loc":{"start":{"line":46,"column":8},"end":{"line":46,"column":62}},"type":"binary-expr","locations":[{"start":{"line":46,"column":8},"end":{"line":46,"column":18}},{"start":{"line":46,"column":22},"end":{"line":46,"column":43}},{"start":{"line":46,"column":47},"end":{"line":46,"column":62}}],"line":46},"3":{"loc":{"start":{"line":47,"column":26},"end":{"line":47,"column":83}},"type":"binary-expr","locations":[{"start":{"line":47,"column":26},"end":{"line":47,"column":66}},{"start":{"line":47,"column":70},"end":{"line":47,"column":83}}],"line":47},"4":{"loc":{"start":{"line":56,"column":4},"end":{"line":56,"column":57}},"type":"if","locations":[{"start":{"line":56,"column":4},"end":{"line":56,"column":57}},{"start":{},"end":{}}],"line":56},"5":{"loc":{"start":{"line":66,"column":4},"end":{"line":66,"column":42}},"type":"if","locations":[{"start":{"line":66,"column":4},"end":{"line":66,"column":42}},{"start":{},"end":{}}],"line":66},"6":{"loc":{"start":{"line":69,"column":4},"end":{"line":69,"column":55}},"type":"if","locations":[{"start":{"line":69,"column":4},"end":{"line":69,"column":55}},{"start":{},"end":{}}],"line":69},"7":{"loc":{"start":{"line":69,"column":8},"end":{"line":69,"column":40}},"type":"binary-expr","locations":[{"start":{"line":69,"column":8},"end":{"line":69,"column":18}},{"start":{"line":69,"column":22},"end":{"line":69,"column":40}}],"line":69},"8":{"loc":{"start":{"line":77,"column":11},"end":{"line":77,"column":104}},"type":"binary-expr","locations":[{"start":{"line":77,"column":11},"end":{"line":77,"column":55}},{"start":{"line":77,"column":59},"end":{"line":77,"column":104}}],"line":77},"9":{"loc":{"start":{"line":87,"column":4},"end":{"line":87,"column":46}},"type":"if","locations":[{"start":{"line":87,"column":4},"end":{"line":87,"column":46}},{"start":{},"end":{}}],"line":87},"10":{"loc":{"start":{"line":87,"column":8},"end":{"line":87,"column":36}},"type":"binary-expr","locations":[{"start":{"line":87,"column":8},"end":{"line":87,"column":14}},{"start":{"line":87,"column":18},"end":{"line":87,"column":36}}],"line":87},"11":{"loc":{"start":{"line":93,"column":4},"end":{"line":93,"column":28}},"type":"if","locations":[{"start":{"line":93,"column":4},"end":{"line":93,"column":28}},{"start":{},"end":{}}],"line":93},"12":{"loc":{"start":{"line":94,"column":18},"end":{"line":94,"column":50}},"type":"binary-expr","locations":[{"start":{"line":94,"column":18},"end":{"line":94,"column":45}},{"start":{"line":94,"column":49},"end":{"line":94,"column":50}}],"line":94},"13":{"loc":{"start":{"line":95,"column":4},"end":{"line":98,"column":5}},"type":"if","locations":[{"start":{"line":95,"column":4},"end":{"line":98,"column":5}},{"start":{},"end":{}}],"line":95},"14":{"loc":{"start":{"line":103,"column":4},"end":{"line":103,"column":45}},"type":"if","locations":[{"start":{"line":103,"column":4},"end":{"line":103,"column":45}},{"start":{},"end":{}}],"line":103},"15":{"loc":{"start":{"line":103,"column":8},"end":{"line":103,"column":37}},"type":"binary-expr","locations":[{"start":{"line":103,"column":8},"end":{"line":103,"column":17}},{"start":{"line":103,"column":21},"end":{"line":103,"column":37}}],"line":103},"16":{"loc":{"start":{"line":105,"column":4},"end":{"line":108,"column":5}},"type":"if","locations":[{"start":{"line":105,"column":4},"end":{"line":108,"column":5}},{"start":{},"end":{}}],"line":105},"17":{"loc":{"start":{"line":111,"column":18},"end":{"line":111,"column":63}},"type":"cond-expr","locations":[{"start":{"line":111,"column":43},"end":{"line":111,"column":53}},{"start":{"line":111,"column":56},"end":{"line":111,"column":63}}],"line":111},"18":{"loc":{"start":{"line":120,"column":4},"end":{"line":122,"column":5}},"type":"if","locations":[{"start":{"line":120,"column":4},"end":{"line":122,"column":5}},{"start":{},"end":{}}],"line":120},"19":{"loc":{"start":{"line":125,"column":2},"end":{"line":125,"column":109}},"type":"if","locations":[{"start":{"line":125,"column":2},"end":{"line":125,"column":109}},{"start":{},"end":{}}],"line":125},"20":{"loc":{"start":{"line":126,"column":2},"end":{"line":126,"column":120}},"type":"if","locations":[{"start":{"line":126,"column":2},"end":{"line":126,"column":120}},{"start":{},"end":{}}],"line":126},"21":{"loc":{"start":{"line":134,"column":32},"end":{"line":134,"column":146}},"type":"binary-expr","locations":[{"start":{"line":134,"column":32},"end":{"line":134,"column":47}},{"start":{"line":134,"column":51},"end":{"line":134,"column":146}}],"line":134},"22":{"loc":{"start":{"line":137,"column":44},"end":{"line":137,"column":71}},"type":"binary-expr","locations":[{"start":{"line":137,"column":44},"end":{"line":137,"column":55}},{"start":{"line":137,"column":59},"end":{"line":137,"column":71}}],"line":137},"23":{"loc":{"start":{"line":138,"column":131},"end":{"line":138,"column":166}},"type":"cond-expr","locations":[{"start":{"line":138,"column":145},"end":{"line":138,"column":155}},{"start":{"line":138,"column":158},"end":{"line":138,"column":166}}],"line":138},"24":{"loc":{"start":{"line":146,"column":28},"end":{"line":146,"column":69}},"type":"cond-expr","locations":[{"start":{"line":146,"column":40},"end":{"line":146,"column":52}},{"start":{"line":146,"column":55},"end":{"line":146,"column":69}}],"line":146},"25":{"loc":{"start":{"line":148,"column":11},"end":{"line":154,"column":11}},"type":"binary-expr","locations":[{"start":{"line":148,"column":11},"end":{"line":148,"column":20}},{"start":{"line":149,"column":12},"end":{"line":153,"column":19}}],"line":148},"26":{"loc":{"start":{"line":151,"column":139},"end":{"line":151,"column":173}},"type":"binary-expr","locations":[{"start":{"line":151,"column":139},"end":{"line":151,"column":152}},{"start":{"line":151,"column":156},"end":{"line":151,"column":173}}],"line":151},"27":{"loc":{"start":{"line":151,"column":177},"end":{"line":151,"column":234}},"type":"cond-expr","locations":[{"start":{"line":151,"column":193},"end":{"line":151,"column":201}},{"start":{"line":151,"column":204},"end":{"line":151,"column":234}}],"line":151},"28":{"loc":{"start":{"line":167,"column":16},"end":{"line":167,"column":95}},"type":"if","locations":[{"start":{"line":167,"column":16},"end":{"line":167,"column":95}},{"start":{},"end":{}}],"line":167},"29":{"loc":{"start":{"line":190,"column":13},"end":{"line":219,"column":13}},"type":"cond-expr","locations":[{"start":{"line":191,"column":14},"end":{"line":191,"column":51}},{"start":{"line":192,"column":16},"end":{"line":219,"column":13}}],"line":190},"30":{"loc":{"start":{"line":192,"column":16},"end":{"line":219,"column":13}},"type":"cond-expr","locations":[{"start":{"line":193,"column":14},"end":{"line":196,"column":21}},{"start":{"line":198,"column":14},"end":{"line":218,"column":16}}],"line":192},"31":{"loc":{"start":{"line":202,"column":23},"end":{"line":202,"column":61}},"type":"binary-expr","locations":[{"start":{"line":202,"column":23},"end":{"line":202,"column":51}},{"start":{"line":202,"column":55},"end":{"line":202,"column":61}}],"line":202},"32":{"loc":{"start":{"line":202,"column":64},"end":{"line":202,"column":97}},"type":"binary-expr","locations":[{"start":{"line":202,"column":64},"end":{"line":202,"column":91}},{"start":{"line":202,"column":95},"end":{"line":202,"column":97}}],"line":202},"33":{"loc":{"start":{"line":210,"column":33},"end":{"line":210,"column":72}},"type":"cond-expr","locations":[{"start":{"line":210,"column":51},"end":{"line":210,"column":60}},{"start":{"line":210,"column":63},"end":{"line":210,"column":72}}],"line":210},"34":{"loc":{"start":{"line":224,"column":30},"end":{"line":224,"column":62}},"type":"binary-expr","locations":[{"start":{"line":224,"column":30},"end":{"line":224,"column":57}},{"start":{"line":224,"column":61},"end":{"line":224,"column":62}}],"line":224},"35":{"loc":{"start":{"line":231,"column":21},"end":{"line":235,"column":46}},"type":"cond-expr","locations":[{"start":{"line":232,"column":24},"end":{"line":232,"column":42}},{"start":{"line":233,"column":24},"end":{"line":235,"column":46}}],"line":231},"36":{"loc":{"start":{"line":233,"column":24},"end":{"line":235,"column":46}},"type":"cond-expr","locations":[{"start":{"line":234,"column":26},"end":{"line":234,"column":43}},{"start":{"line":235,"column":26},"end":{"line":235,"column":46}}],"line":233},"37":{"loc":{"start":{"line":238,"column":53},"end":{"line":238,"column":84}},"type":"binary-expr","locations":[{"start":{"line":238,"column":53},"end":{"line":238,"column":79}},{"start":{"line":238,"column":83},"end":{"line":238,"column":84}}],"line":238},"38":{"loc":{"start":{"line":240,"column":56},"end":{"line":240,"column":94}},"type":"binary-expr","locations":[{"start":{"line":240,"column":56},"end":{"line":240,"column":71}},{"start":{"line":240,"column":75},"end":{"line":240,"column":94}}],"line":240},"39":{"loc":{"start":{"line":243,"column":57},"end":{"line":243,"column":94}},"type":"binary-expr","locations":[{"start":{"line":243,"column":57},"end":{"line":243,"column":72}},{"start":{"line":243,"column":76},"end":{"line":243,"column":94}}],"line":243},"40":{"loc":{"start":{"line":245,"column":25},"end":{"line":245,"column":73}},"type":"cond-expr","locations":[{"start":{"line":245,"column":41},"end":{"line":245,"column":60}},{"start":{"line":245,"column":63},"end":{"line":245,"column":73}}],"line":245},"41":{"loc":{"start":{"line":259,"column":29},"end":{"line":259,"column":67}},"type":"cond-expr","locations":[{"start":{"line":259,"column":46},"end":{"line":259,"column":55}},{"start":{"line":259,"column":58},"end":{"line":259,"column":67}}],"line":259},"42":{"loc":{"start":{"line":271,"column":29},"end":{"line":271,"column":66}},"type":"cond-expr","locations":[{"start":{"line":271,"column":45},"end":{"line":271,"column":54}},{"start":{"line":271,"column":57},"end":{"line":271,"column":66}}],"line":271},"43":{"loc":{"start":{"line":283,"column":17},"end":{"line":283,"column":45}},"type":"binary-expr","locations":[{"start":{"line":283,"column":17},"end":{"line":283,"column":30}},{"start":{"line":283,"column":34},"end":{"line":283,"column":45}}],"line":283},"44":{"loc":{"start":{"line":289,"column":11},"end":{"line":313,"column":11}},"type":"binary-expr","locations":[{"start":{"line":289,"column":11},"end":{"line":289,"column":25}},{"start":{"line":290,"column":12},"end":{"line":312,"column":19}}],"line":289},"45":{"loc":{"start":{"line":295,"column":16},"end":{"line":295,"column":42}},"type":"if","locations":[{"start":{"line":295,"column":16},"end":{"line":295,"column":42}},{"start":{},"end":{}}],"line":295},"46":{"loc":{"start":{"line":296,"column":30},"end":{"line":296,"column":61}},"type":"binary-expr","locations":[{"start":{"line":296,"column":30},"end":{"line":296,"column":56}},{"start":{"line":296,"column":60},"end":{"line":296,"column":61}}],"line":296},"47":{"loc":{"start":{"line":298,"column":29},"end":{"line":298,"column":129}},"type":"cond-expr","locations":[{"start":{"line":298,"column":48},"end":{"line":298,"column":66}},{"start":{"line":298,"column":69},"end":{"line":298,"column":129}}],"line":298},"48":{"loc":{"start":{"line":298,"column":69},"end":{"line":298,"column":129}},"type":"cond-expr","locations":[{"start":{"line":298,"column":89},"end":{"line":298,"column":106}},{"start":{"line":298,"column":109},"end":{"line":298,"column":129}}],"line":298},"49":{"loc":{"start":{"line":302,"column":78},"end":{"line":302,"column":103}},"type":"cond-expr","locations":[{"start":{"line":302,"column":89},"end":{"line":302,"column":95}},{"start":{"line":302,"column":98},"end":{"line":302,"column":103}}],"line":302},"50":{"loc":{"start":{"line":309,"column":72},"end":{"line":309,"column":97}},"type":"cond-expr","locations":[{"start":{"line":309,"column":83},"end":{"line":309,"column":89}},{"start":{"line":309,"column":92},"end":{"line":309,"column":97}}],"line":309},"51":{"loc":{"start":{"line":318,"column":13},"end":{"line":374,"column":13}},"type":"cond-expr","locations":[{"start":{"line":319,"column":14},"end":{"line":325,"column":21}},{"start":{"line":326,"column":16},"end":{"line":374,"column":13}}],"line":318},"52":{"loc":{"start":{"line":326,"column":16},"end":{"line":374,"column":13}},"type":"cond-expr","locations":[{"start":{"line":327,"column":14},"end":{"line":327,"column":82}},{"start":{"line":328,"column":16},"end":{"line":374,"column":13}}],"line":326},"53":{"loc":{"start":{"line":328,"column":16},"end":{"line":374,"column":13}},"type":"cond-expr","locations":[{"start":{"line":329,"column":14},"end":{"line":367,"column":17}},{"start":{"line":369,"column":14},"end":{"line":373,"column":33}}],"line":328},"54":{"loc":{"start":{"line":328,"column":16},"end":{"line":328,"column":51}},"type":"binary-expr","locations":[{"start":{"line":328,"column":16},"end":{"line":328,"column":26}},{"start":{"line":328,"column":30},"end":{"line":328,"column":51}}],"line":328},"55":{"loc":{"start":{"line":338,"column":51},"end":{"line":338,"column":90}},"type":"binary-expr","locations":[{"start":{"line":338,"column":51},"end":{"line":338,"column":61}},{"start":{"line":338,"column":65},"end":{"line":338,"column":90}}],"line":338},"56":{"loc":{"start":{"line":343,"column":34},"end":{"line":343,"column":81}},"type":"cond-expr","locations":[{"start":{"line":343,"column":58},"end":{"line":343,"column":64}},{"start":{"line":343,"column":67},"end":{"line":343,"column":81}}],"line":343},"57":{"loc":{"start":{"line":345,"column":35},"end":{"line":345,"column":69}},"type":"cond-expr","locations":[{"start":{"line":345,"column":48},"end":{"line":345,"column":57}},{"start":{"line":345,"column":60},"end":{"line":345,"column":69}}],"line":345},"58":{"loc":{"start":{"line":348,"column":67},"end":{"line":348,"column":101}},"type":"binary-expr","locations":[{"start":{"line":348,"column":67},"end":{"line":348,"column":77}},{"start":{"line":348,"column":81},"end":{"line":348,"column":101}}],"line":348},"59":{"loc":{"start":{"line":355,"column":32},"end":{"line":355,"column":83}},"type":"cond-expr","locations":[{"start":{"line":355,"column":45},"end":{"line":355,"column":62}},{"start":{"line":355,"column":65},"end":{"line":355,"column":83}}],"line":355},"60":{"loc":{"start":{"line":357,"column":33},"end":{"line":357,"column":67}},"type":"cond-expr","locations":[{"start":{"line":357,"column":46},"end":{"line":357,"column":55}},{"start":{"line":357,"column":58},"end":{"line":357,"column":67}}],"line":357},"61":{"loc":{"start":{"line":384,"column":44},"end":{"line":384,"column":97}},"type":"binary-expr","locations":[{"start":{"line":384,"column":45},"end":{"line":384,"column":61}},{"start":{"line":384,"column":65},"end":{"line":384,"column":74}},{"start":{"line":384,"column":79},"end":{"line":384,"column":97}}],"line":384},"62":{"loc":{"start":{"line":385,"column":24},"end":{"line":385,"column":53}},"type":"binary-expr","locations":[{"start":{"line":385,"column":24},"end":{"line":385,"column":40}},{"start":{"line":385,"column":44},"end":{"line":385,"column":53}}],"line":385},"63":{"loc":{"start":{"line":388,"column":15},"end":{"line":395,"column":15}},"type":"cond-expr","locations":[{"start":{"line":389,"column":16},"end":{"line":389,"column":51}},{"start":{"line":391,"column":16},"end":{"line":394,"column":19}}],"line":388}},"s":{"0":0,"1":0,"2":0,"3":0,"4":0,"5":0,"6":0,"7":0,"8":0,"9":0,"10":0,"11":0,"12":0,"13":0,"14":0,"15":0,"16":0,"17":0,"18":0,"19":0,"20":0,"21":0,"22":0,"23":0,"24":0,"25":0,"26":0,"27":0,"28":0,"29":0,"30":0,"31":0,"32":0,"33":0,"34":0,"35":0,"36":0,"37":0,"38":0,"39":0,"40":0,"41":0,"42":0,"43":0,"44":0,"45":0,"46":0,"47":0,"48":0,"49":0,"50":0,"51":0,"52":0,"53":0,"54":0,"55":0,"56":0,"57":0,"58":0,"59":0,"60":0,"61":0,"62":0,"63":0,"64":0,"65":0,"66":0,"67":0,"68":0,"69":0,"70":0,"71":0,"72":0,"73":0,"74":0,"75":0,"76":0,"77":0,"78":0,"79":0,"80":0,"81":0,"82":0,"83":0,"84":0,"85":0,"86":0,"87":0,"88":0,"89":0,"90":0},"f":{"0":0,"1":0,"2":0,"3":0,"4":0,"5":0,"6":0,"7":0,"8":0,"9":0,"10":0,"11":0,"12":0,"13":0,"14":0,"15":0,"16":0,"17":0,"18":0,"19":0,"20":0,"21":0,"22":0,"23":0,"24":0,"25":0,"26":0},"b":{"0":[0,0],"1":[0,0],"2":[0,0,0],"3":[0,0],"4":[0,0],"5":[0,0],"6":[0,0],"7":[0,0],"8":[0,0],"9":[0,0],"10":[0,0],"11":[0,0],"12":[0,0],"13":[0,0],"14":[0,0],"15":[0,0],"16":[0,0],"17":[0,0],"18":[0,0],"19":[0,0],"20":[0,0],"21":[0,0],"22":[0,0],"23":[0,0],"24":[0,0],"25":[0,0],"26":[0,0],"27":[0,0],"28":[0,0],"29":[0,0],"30":[0,0],"31":[0,0],"32":[0,0],"33":[0,0],"34":[0,0],"35":[0,0],"36":[0,0],"37":[0,0],"38":[0,0],"39":[0,0],"40":[0,0],"41":[0,0],"42":[0,0],"43":[0,0],"44":[0,0],"45":[0,0],"46":[0,0],"47":[0,0],"48":[0,0],"49":[0,0],"50":[0,0],"51":[0,0],"52":[0,0],"53":[0,0],"54":[0,0],"55":[0,0],"56":[0,0],"57":[0,0],"58":[0,0],"59":[0,0],"60":[0,0],"61":[0,0,0],"62":[0,0],"63":[0,0]}}
,"/Users/felipejeldesramirez/Desktop/Suitcase/luggage-app/src/components/booking/BookingSummary.tsx": {"path":"/Users/felipejeldesramirez/Desktop/Suitcase/luggage-app/src/components/booking/BookingSummary.tsx","statementMap":{"0":{"start":{"line":23,"column":30},"end":{"line":102,"column":1}},"1":{"start":{"line":35,"column":24},"end":{"line":35,"column":75}},"2":{"start":{"line":35,"column":67},"end":{"line":35,"column":74}},"3":{"start":{"line":36,"column":22},"end":{"line":40,"column":6}},"4":{"start":{"line":41,"column":4},"end":{"line":101,"column":6}},"5":{"start":{"line":46,"column":30},"end":{"line":46,"column":80}},"6":{"start":{"line":48,"column":33},"end":{"line":48,"column":51}},"7":{"start":{"line":50,"column":16},"end":{"line":57,"column":18}},"8":{"start":{"line":104,"column":15},"end":{"line":122,"column":2}}},"fnMap":{"0":{"name":"(anonymous_0)","decl":{"start":{"line":23,"column":30},"end":{"line":23,"column":31}},"loc":{"start":{"line":34,"column":27},"end":{"line":102,"column":1}},"line":34},"1":{"name":"(anonymous_1)","decl":{"start":{"line":35,"column":53},"end":{"line":35,"column":54}},"loc":{"start":{"line":35,"column":67},"end":{"line":35,"column":74}},"line":35},"2":{"name":"(anonymous_2)","decl":{"start":{"line":45,"column":29},"end":{"line":45,"column":30}},"loc":{"start":{"line":45,"column":46},"end":{"line":58,"column":13}},"line":45}},"branchMap":{"0":{"loc":{"start":{"line":39,"column":31},"end":{"line":39,"column":57}},"type":"cond-expr","locations":[{"start":{"line":39,"column":52},"end":{"line":39,"column":53}},{"start":{"line":39,"column":56},"end":{"line":39,"column":57}}],"line":39},"1":{"loc":{"start":{"line":46,"column":30},"end":{"line":46,"column":80}},"type":"binary-expr","locations":[{"start":{"line":46,"column":30},"end":{"line":46,"column":75}},{"start":{"line":46,"column":79},"end":{"line":46,"column":80}}],"line":46},"2":{"loc":{"start":{"line":53,"column":91},"end":{"line":53,"column":116}},"type":"cond-expr","locations":[{"start":{"line":53,"column":102},"end":{"line":53,"column":108}},{"start":{"line":53,"column":111},"end":{"line":53,"column":116}}],"line":53},"3":{"loc":{"start":{"line":61,"column":13},"end":{"line":69,"column":13}},"type":"binary-expr","locations":[{"start":{"line":61,"column":13},"end":{"line":61,"column":20}},{"start":{"line":62,"column":16},"end":{"line":68,"column":23}}],"line":61},"4":{"loc":{"start":{"line":76,"column":59},"end":{"line":76,"column":108}},"type":"cond-expr","locations":[{"start":{"line":76,"column":70},"end":{"line":76,"column":88}},{"start":{"line":76,"column":91},"end":{"line":76,"column":108}}],"line":76},"5":{"loc":{"start":{"line":81,"column":13},"end":{"line":85,"column":13}},"type":"binary-expr","locations":[{"start":{"line":81,"column":13},"end":{"line":81,"column":26}},{"start":{"line":82,"column":16},"end":{"line":84,"column":35}}],"line":81},"6":{"loc":{"start":{"line":87,"column":13},"end":{"line":99,"column":13}},"type":"binary-expr","locations":[{"start":{"line":87,"column":13},"end":{"line":87,"column":21}},{"start":{"line":87,"column":26},"end":{"line":87,"column":48}},{"start":{"line":87,"column":52},"end":{"line":87,"column":72}},{"start":{"line":88,"column":16},"end":{"line":98,"column":35}}],"line":87},"7":{"loc":{"start":{"line":93,"column":21},"end":{"line":97,"column":21}},"type":"cond-expr","locations":[{"start":{"line":94,"column":24},"end":{"line":94,"column":61}},{"start":{"line":96,"column":24},"end":{"line":96,"column":83}}],"line":93}},"s":{"0":0,"1":0,"2":0,"3":0,"4":0,"5":0,"6":0,"7":0,"8":0},"f":{"0":0,"1":0,"2":0},"b":{"0":[0,0],"1":[0,0],"2":[0,0],"3":[0,0],"4":[0,0],"5":[0,0],"6":[0,0,0,0],"7":[0,0]}}
,"/Users/felipejeldesramirez/Desktop/Suitcase/luggage-app/src/components/booking/LuggageItem.tsx": {"path":"/Users/felipejeldesramirez/Desktop/Suitcase/luggage-app/src/components/booking/LuggageItem.tsx","statementMap":{"0":{"start":{"line":12,"column":27},"end":{"line":40,"column":1}},"1":{"start":{"line":13,"column":2},"end":{"line":13,"column":34}},"2":{"start":{"line":13,"column":22},"end":{"line":13,"column":34}},"3":{"start":{"line":15,"column":17},"end":{"line":19,"column":3}},"4":{"start":{"line":21,"column":2},"end":{"line":39,"column":4}},"5":{"start":{"line":42,"column":15},"end":{"line":84,"column":2}}},"fnMap":{"0":{"name":"(anonymous_0)","decl":{"start":{"line":12,"column":27},"end":{"line":12,"column":28}},"loc":{"start":{"line":12,"column":88},"end":{"line":40,"column":1}},"line":12}},"branchMap":{"0":{"loc":{"start":{"line":13,"column":2},"end":{"line":13,"column":34}},"type":"if","locations":[{"start":{"line":13,"column":2},"end":{"line":13,"column":34}},{"start":{},"end":{}}],"line":13},"1":{"loc":{"start":{"line":25,"column":16},"end":{"line":25,"column":65}},"type":"cond-expr","locations":[{"start":{"line":25,"column":35},"end":{"line":25,"column":48}},{"start":{"line":25,"column":51},"end":{"line":25,"column":65}}],"line":25},"2":{"loc":{"start":{"line":36,"column":67},"end":{"line":36,"column":76}},"type":"binary-expr","locations":[{"start":{"line":36,"column":67},"end":{"line":36,"column":71}},{"start":{"line":36,"column":75},"end":{"line":36,"column":76}}],"line":36},"3":{"loc":{"start":{"line":36,"column":80},"end":{"line":36,"column":112}},"type":"cond-expr","locations":[{"start":{"line":36,"column":87},"end":{"line":36,"column":103}},{"start":{"line":36,"column":106},"end":{"line":36,"column":112}}],"line":36}},"s":{"0":0,"1":0,"2":0,"3":0,"4":0,"5":0},"f":{"0":0},"b":{"0":[0,0],"1":[0,0],"2":[0,0],"3":[0,0]}}
,"/Users/felipejeldesramirez/Desktop/Suitcase/luggage-app/src/components/booking/MainBookingCard.tsx": {"path":"/Users/felipejeldesramirez/Desktop/Suitcase/luggage-app/src/components/booking/MainBookingCard.tsx","statementMap":{"0":{"start":{"line":12,"column":31},"end":{"line":106,"column":1}},"1":{"start":{"line":13,"column":17},"end":{"line":13,"column":28}},"2":{"start":{"line":14,"column":28},"end":{"line":14,"column":79}},"3":{"start":{"line":14,"column":55},"end":{"line":14,"column":78}},"4":{"start":{"line":16,"column":20},"end":{"line":19,"column":4}},"5":{"start":{"line":20,"column":18},"end":{"line":23,"column":4}},"6":{"start":{"line":25,"column":23},"end":{"line":28,"column":3}},"7":{"start":{"line":26,"column":4},"end":{"line":26,"column":30}},"8":{"start":{"line":27,"column":4},"end":{"line":27,"column":45}},"9":{"start":{"line":30,"column":27},"end":{"line":34,"column":3}},"10":{"start":{"line":31,"column":4},"end":{"line":31,"column":30}},"11":{"start":{"line":33,"column":4},"end":{"line":33,"column":57}},"12":{"start":{"line":35,"column":2},"end":{"line":35,"column":22}},"13":{"start":{"line":36,"column":2},"end":{"line":105,"column":3}},"14":{"start":{"line":108,"column":15},"end":{"line":170,"column":2}}},"fnMap":{"0":{"name":"(anonymous_0)","decl":{"start":{"line":12,"column":31},"end":{"line":12,"column":32}},"loc":{"start":{"line":12,"column":70},"end":{"line":106,"column":1}},"line":12},"1":{"name":"(anonymous_1)","decl":{"start":{"line":14,"column":44},"end":{"line":14,"column":45}},"loc":{"start":{"line":14,"column":55},"end":{"line":14,"column":78}},"line":14},"2":{"name":"(anonymous_2)","decl":{"start":{"line":25,"column":23},"end":{"line":25,"column":24}},"loc":{"start":{"line":25,"column":29},"end":{"line":28,"column":3}},"line":25},"3":{"name":"(anonymous_3)","decl":{"start":{"line":30,"column":27},"end":{"line":30,"column":28}},"loc":{"start":{"line":30,"column":33},"end":{"line":34,"column":3}},"line":30}},"branchMap":{"0":{"loc":{"start":{"line":39,"column":23},"end":{"line":39,"column":86}},"type":"binary-expr","locations":[{"start":{"line":39,"column":23},"end":{"line":39,"column":49}},{"start":{"line":39,"column":53},"end":{"line":39,"column":86}}],"line":39},"1":{"loc":{"start":{"line":47,"column":14},"end":{"line":47,"column":76}},"type":"binary-expr","locations":[{"start":{"line":47,"column":14},"end":{"line":47,"column":42}},{"start":{"line":47,"column":46},"end":{"line":47,"column":76}}],"line":47},"2":{"loc":{"start":{"line":51,"column":20},"end":{"line":51,"column":75}},"type":"cond-expr","locations":[{"start":{"line":51,"column":53},"end":{"line":51,"column":66}},{"start":{"line":51,"column":69},"end":{"line":51,"column":75}}],"line":51},"3":{"loc":{"start":{"line":74,"column":11},"end":{"line":78,"column":11}},"type":"binary-expr","locations":[{"start":{"line":74,"column":11},"end":{"line":74,"column":35}},{"start":{"line":75,"column":12},"end":{"line":77,"column":19}}],"line":74},"4":{"loc":{"start":{"line":79,"column":11},"end":{"line":83,"column":11}},"type":"binary-expr","locations":[{"start":{"line":79,"column":11},"end":{"line":79,"column":36}},{"start":{"line":80,"column":12},"end":{"line":82,"column":19}}],"line":79},"5":{"loc":{"start":{"line":84,"column":11},"end":{"line":88,"column":11}},"type":"binary-expr","locations":[{"start":{"line":84,"column":11},"end":{"line":84,"column":35}},{"start":{"line":85,"column":12},"end":{"line":87,"column":19}}],"line":84}},"s":{"0":0,"1":0,"2":0,"3":0,"4":0,"5":0,"6":0,"7":0,"8":0,"9":0,"10":0,"11":0,"12":0,"13":0,"14":0},"f":{"0":0,"1":0,"2":0,"3":0},"b":{"0":[0,0],"1":[0,0],"2":[0,0],"3":[0,0],"4":[0,0],"5":[0,0]}}
,"/Users/felipejeldesramirez/Desktop/Suitcase/luggage-app/src/components/booking/MiniBookingCard.tsx": {"path":"/Users/felipejeldesramirez/Desktop/Suitcase/luggage-app/src/components/booking/MiniBookingCard.tsx","statementMap":{"0":{"start":{"line":7,"column":31},"end":{"line":63,"column":1}},"1":{"start":{"line":14,"column":18},"end":{"line":19,"column":4}},"2":{"start":{"line":20,"column":17},"end":{"line":20,"column":28}},"3":{"start":{"line":21,"column":21},"end":{"line":21,"column":109}},"4":{"start":{"line":23,"column":2},"end":{"line":62,"column":4}},"5":{"start":{"line":56,"column":69},"end":{"line":56,"column":127}},"6":{"start":{"line":65,"column":15},"end":{"line":86,"column":2}}},"fnMap":{"0":{"name":"(anonymous_0)","decl":{"start":{"line":7,"column":31},"end":{"line":7,"column":32}},"loc":{"start":{"line":13,"column":6},"end":{"line":63,"column":1}},"line":13},"1":{"name":"(anonymous_1)","decl":{"start":{"line":56,"column":63},"end":{"line":56,"column":64}},"loc":{"start":{"line":56,"column":69},"end":{"line":56,"column":127}},"line":56}},"branchMap":{"0":{"loc":{"start":{"line":21,"column":22},"end":{"line":21,"column":47}},"type":"binary-expr","locations":[{"start":{"line":21,"column":22},"end":{"line":21,"column":42}},{"start":{"line":21,"column":46},"end":{"line":21,"column":47}}],"line":21},"1":{"loc":{"start":{"line":21,"column":52},"end":{"line":21,"column":78}},"type":"binary-expr","locations":[{"start":{"line":21,"column":52},"end":{"line":21,"column":73}},{"start":{"line":21,"column":77},"end":{"line":21,"column":78}}],"line":21},"2":{"loc":{"start":{"line":21,"column":83},"end":{"line":21,"column":108}},"type":"binary-expr","locations":[{"start":{"line":21,"column":83},"end":{"line":21,"column":103}},{"start":{"line":21,"column":107},"end":{"line":21,"column":108}}],"line":21},"3":{"loc":{"start":{"line":28,"column":10},"end":{"line":28,"column":74}},"type":"binary-expr","locations":[{"start":{"line":28,"column":10},"end":{"line":28,"column":40}},{"start":{"line":28,"column":44},"end":{"line":28,"column":74}}],"line":28},"4":{"loc":{"start":{"line":32,"column":12},"end":{"line":32,"column":66}},"type":"binary-expr","locations":[{"start":{"line":32,"column":12},"end":{"line":32,"column":42}},{"start":{"line":32,"column":46},"end":{"line":32,"column":66}}],"line":32},"5":{"loc":{"start":{"line":45,"column":11},"end":{"line":53,"column":11}},"type":"binary-expr","locations":[{"start":{"line":45,"column":11},"end":{"line":45,"column":41}},{"start":{"line":45,"column":45},"end":{"line":45,"column":60}},{"start":{"line":46,"column":12},"end":{"line":52,"column":31}}],"line":45}},"s":{"0":0,"1":0,"2":0,"3":0,"4":0,"5":0,"6":0},"f":{"0":0,"1":0},"b":{"0":[0,0],"1":[0,0],"2":[0,0],"3":[0,0],"4":[0,0],"5":[0,0,0]}}
,"/Users/felipejeldesramirez/Desktop/Suitcase/luggage-app/src/components/booking/ReviewModal.tsx": {"path":"/Users/felipejeldesramirez/Desktop/Suitcase/luggage-app/src/components/booking/ReviewModal.tsx","statementMap":{"0":{"start":{"line":22,"column":27},"end":{"line":111,"column":1}},"1":{"start":{"line":23,"column":30},"end":{"line":23,"column":41}},"2":{"start":{"line":24,"column":32},"end":{"line":24,"column":44}},"3":{"start":{"line":25,"column":44},"end":{"line":25,"column":56}},"4":{"start":{"line":27,"column":23},"end":{"line":39,"column":3}},"5":{"start":{"line":28,"column":4},"end":{"line":38,"column":7}},"6":{"start":{"line":34,"column":8},"end":{"line":34,"column":18}},"7":{"start":{"line":35,"column":8},"end":{"line":35,"column":23}},"8":{"start":{"line":36,"column":8},"end":{"line":36,"column":21}},"9":{"start":{"line":41,"column":2},"end":{"line":110,"column":4}},"10":{"start":{"line":69,"column":16},"end":{"line":79,"column":35}},"11":{"start":{"line":71,"column":33},"end":{"line":71,"column":48}},"12":{"start":{"line":113,"column":15},"end":{"line":188,"column":2}}},"fnMap":{"0":{"name":"(anonymous_0)","decl":{"start":{"line":22,"column":27},"end":{"line":22,"column":28}},"loc":{"start":{"line":22,"column":82},"end":{"line":111,"column":1}},"line":22},"1":{"name":"(anonymous_1)","decl":{"start":{"line":27,"column":23},"end":{"line":27,"column":24}},"loc":{"start":{"line":27,"column":29},"end":{"line":39,"column":3}},"line":27},"2":{"name":"(anonymous_2)","decl":{"start":{"line":33,"column":17},"end":{"line":33,"column":18}},"loc":{"start":{"line":33,"column":23},"end":{"line":37,"column":7}},"line":33},"3":{"name":"(anonymous_3)","decl":{"start":{"line":68,"column":35},"end":{"line":68,"column":36}},"loc":{"start":{"line":69,"column":16},"end":{"line":79,"column":35}},"line":69},"4":{"name":"(anonymous_4)","decl":{"start":{"line":71,"column":27},"end":{"line":71,"column":28}},"loc":{"start":{"line":71,"column":33},"end":{"line":71,"column":48}},"line":71}},"branchMap":{"0":{"loc":{"start":{"line":50,"column":20},"end":{"line":50,"column":64}},"type":"cond-expr","locations":[{"start":{"line":50,"column":44},"end":{"line":50,"column":53}},{"start":{"line":50,"column":56},"end":{"line":50,"column":64}}],"line":50},"1":{"loc":{"start":{"line":74,"column":26},"end":{"line":74,"column":66}},"type":"cond-expr","locations":[{"start":{"line":74,"column":43},"end":{"line":74,"column":49}},{"start":{"line":74,"column":52},"end":{"line":74,"column":66}}],"line":74},"2":{"loc":{"start":{"line":76,"column":27},"end":{"line":76,"column":65}},"type":"cond-expr","locations":[{"start":{"line":76,"column":44},"end":{"line":76,"column":53}},{"start":{"line":76,"column":56},"end":{"line":76,"column":65}}],"line":76},"3":{"loc":{"start":{"line":96,"column":40},"end":{"line":96,"column":77}},"type":"binary-expr","locations":[{"start":{"line":96,"column":40},"end":{"line":96,"column":55}},{"start":{"line":96,"column":59},"end":{"line":96,"column":77}}],"line":96},"4":{"loc":{"start":{"line":100,"column":15},"end":{"line":104,"column":15}},"type":"cond-expr","locations":[{"start":{"line":101,"column":16},"end":{"line":101,"column":51}},{"start":{"line":103,"column":16},"end":{"line":103,"column":71}}],"line":100}},"s":{"0":0,"1":0,"2":0,"3":0,"4":0,"5":0,"6":0,"7":0,"8":0,"9":0,"10":0,"11":0,"12":0},"f":{"0":0,"1":0,"2":0,"3":0,"4":0},"b":{"0":[0,0],"1":[0,0],"2":[0,0],"3":[0,0],"4":[0,0]}}
,"/Users/felipejeldesramirez/Desktop/Suitcase/luggage-app/src/components/booking/ticket/InfoBadge.tsx": {"path":"/Users/felipejeldesramirez/Desktop/Suitcase/luggage-app/src/components/booking/ticket/InfoBadge.tsx","statementMap":{"0":{"start":{"line":9,"column":25},"end":{"line":18,"column":1}},"1":{"start":{"line":10,"column":2},"end":{"line":17,"column":4}},"2":{"start":{"line":20,"column":15},"end":{"line":42,"column":2}}},"fnMap":{"0":{"name":"(anonymous_0)","decl":{"start":{"line":9,"column":25},"end":{"line":9,"column":26}},"loc":{"start":{"line":9,"column":63},"end":{"line":18,"column":1}},"line":9}},"branchMap":{},"s":{"0":0,"1":0,"2":0},"f":{"0":0},"b":{}}
,"/Users/felipejeldesramirez/Desktop/Suitcase/luggage-app/src/components/booking/ticket/ItemSummary.tsx": {"path":"/Users/felipejeldesramirez/Desktop/Suitcase/luggage-app/src/components/booking/ticket/ItemSummary.tsx","statementMap":{"0":{"start":{"line":10,"column":27},"end":{"line":42,"column":1}},"1":{"start":{"line":12,"column":20},"end":{"line":16,"column":3}},"2":{"start":{"line":18,"column":2},"end":{"line":41,"column":4}},"3":{"start":{"line":23,"column":25},"end":{"line":23,"column":60}},"4":{"start":{"line":26,"column":8},"end":{"line":26,"column":39}},"5":{"start":{"line":26,"column":27},"end":{"line":26,"column":39}},"6":{"start":{"line":28,"column":8},"end":{"line":38,"column":10}},"7":{"start":{"line":44,"column":15},"end":{"line":79,"column":2}}},"fnMap":{"0":{"name":"(anonymous_0)","decl":{"start":{"line":10,"column":27},"end":{"line":10,"column":28}},"loc":{"start":{"line":10,"column":60},"end":{"line":42,"column":1}},"line":10},"1":{"name":"(anonymous_1)","decl":{"start":{"line":22,"column":21},"end":{"line":22,"column":22}},"loc":{"start":{"line":22,"column":31},"end":{"line":39,"column":7}},"line":22}},"branchMap":{"0":{"loc":{"start":{"line":26,"column":8},"end":{"line":26,"column":39}},"type":"if","locations":[{"start":{"line":26,"column":8},"end":{"line":26,"column":39}},{"start":{},"end":{}}],"line":26}},"s":{"0":0,"1":0,"2":0,"3":0,"4":0,"5":0,"6":0,"7":0},"f":{"0":0,"1":0},"b":{"0":[0,0]}}
,"/Users/felipejeldesramirez/Desktop/Suitcase/luggage-app/src/components/booking/ticket/TicketCard.tsx": {"path":"/Users/felipejeldesramirez/Desktop/Suitcase/luggage-app/src/components/booking/ticket/TicketCard.tsx","statementMap":{"0":{"start":{"line":4,"column":26},"end":{"line":26,"column":1}},"1":{"start":{"line":5,"column":2},"end":{"line":25,"column":4}},"2":{"start":{"line":28,"column":15},"end":{"line":57,"column":2}}},"fnMap":{"0":{"name":"(anonymous_0)","decl":{"start":{"line":4,"column":26},"end":{"line":4,"column":27}},"loc":{"start":{"line":4,"column":94},"end":{"line":26,"column":1}},"line":4}},"branchMap":{},"s":{"0":0,"1":0,"2":0},"f":{"0":0},"b":{}}
,"/Users/felipejeldesramirez/Desktop/Suitcase/luggage-app/src/components/booking/ticket/TicketInfoSection.tsx": {"path":"/Users/felipejeldesramirez/Desktop/Suitcase/luggage-app/src/components/booking/ticket/TicketInfoSection.tsx","statementMap":{"0":{"start":{"line":5,"column":33},"end":{"line":24,"column":1}},"1":{"start":{"line":6,"column":2},"end":{"line":23,"column":9}},"2":{"start":{"line":26,"column":15},"end":{"line":49,"column":2}}},"fnMap":{"0":{"name":"(anonymous_0)","decl":{"start":{"line":5,"column":33},"end":{"line":5,"column":34}},"loc":{"start":{"line":6,"column":2},"end":{"line":23,"column":9}},"line":6}},"branchMap":{},"s":{"0":0,"1":0,"2":0},"f":{"0":0},"b":{}}
,"/Users/felipejeldesramirez/Desktop/Suitcase/luggage-app/src/components/client/booking.tsx": {"path":"/Users/felipejeldesramirez/Desktop/Suitcase/luggage-app/src/components/client/booking.tsx","statementMap":{"0":{"start":{"line":21,"column":36},"end":{"line":21,"column":73}},"1":{"start":{"line":22,"column":66},"end":{"line":22,"column":85}},"2":{"start":{"line":23,"column":49},"end":{"line":23,"column":67}},"3":{"start":{"line":26,"column":2},"end":{"line":36,"column":18}},"4":{"start":{"line":27,"column":4},"end":{"line":27,"column":37}},"5":{"start":{"line":27,"column":30},"end":{"line":27,"column":37}},"6":{"start":{"line":28,"column":4},"end":{"line":35,"column":7}},"7":{"start":{"line":29,"column":6},"end":{"line":29,"column":34}},"8":{"start":{"line":29,"column":27},"end":{"line":29,"column":34}},"9":{"start":{"line":30,"column":6},"end":{"line":34,"column":25}},"10":{"start":{"line":31,"column":8},"end":{"line":33,"column":9}},"11":{"start":{"line":32,"column":10},"end":{"line":32,"column":55}},"12":{"start":{"line":38,"column":28},"end":{"line":41,"column":3}},"13":{"start":{"line":39,"column":4},"end":{"line":39,"column":38}},"14":{"start":{"line":40,"column":4},"end":{"line":40,"column":48}},"15":{"start":{"line":43,"column":27},"end":{"line":52,"column":27}},"16":{"start":{"line":44,"column":4},"end":{"line":44,"column":29}},"17":{"start":{"line":44,"column":19},"end":{"line":44,"column":29}},"18":{"start":{"line":45,"column":4},"end":{"line":51,"column":7}},"19":{"start":{"line":46,"column":6},"end":{"line":49,"column":7}},"20":{"start":{"line":48,"column":8},"end":{"line":48,"column":95}},"21":{"start":{"line":50,"column":6},"end":{"line":50,"column":66}},"22":{"start":{"line":54,"column":2},"end":{"line":60,"column":3}},"23":{"start":{"line":55,"column":4},"end":{"line":59,"column":6}},"24":{"start":{"line":62,"column":2},"end":{"line":119,"column":4}},"25":{"start":{"line":73,"column":10},"end":{"line":79,"column":29}},"26":{"start":{"line":76,"column":27},"end":{"line":76,"column":44}},"27":{"start":{"line":85,"column":32},"end":{"line":85,"column":50}},"28":{"start":{"line":97,"column":10},"end":{"line":107,"column":11}},"29":{"start":{"line":100,"column":30},"end":{"line":100,"column":63}},"30":{"start":{"line":105,"column":30},"end":{"line":105,"column":63}},"31":{"start":{"line":122,"column":15},"end":{"line":136,"column":2}}},"fnMap":{"0":{"name":"BookingsScreen","decl":{"start":{"line":20,"column":24},"end":{"line":20,"column":38}},"loc":{"start":{"line":20,"column":41},"end":{"line":120,"column":1}},"line":20},"1":{"name":"(anonymous_1)","decl":{"start":{"line":26,"column":12},"end":{"line":26,"column":13}},"loc":{"start":{"line":26,"column":18},"end":{"line":36,"column":3}},"line":26},"2":{"name":"(anonymous_2)","decl":{"start":{"line":28,"column":45},"end":{"line":28,"column":46}},"loc":{"start":{"line":28,"column":55},"end":{"line":35,"column":5}},"line":28},"3":{"name":"(anonymous_3)","decl":{"start":{"line":30,"column":40},"end":{"line":30,"column":41}},"loc":{"start":{"line":30,"column":54},"end":{"line":34,"column":7}},"line":30},"4":{"name":"(anonymous_4)","decl":{"start":{"line":34,"column":15},"end":{"line":34,"column":16}},"loc":{"start":{"line":34,"column":21},"end":{"line":34,"column":23}},"line":34},"5":{"name":"(anonymous_5)","decl":{"start":{"line":38,"column":28},"end":{"line":38,"column":29}},"loc":{"start":{"line":38,"column":34},"end":{"line":41,"column":3}},"line":38},"6":{"name":"(anonymous_6)","decl":{"start":{"line":43,"column":35},"end":{"line":43,"column":36}},"loc":{"start":{"line":43,"column":41},"end":{"line":52,"column":3}},"line":43},"7":{"name":"(anonymous_7)","decl":{"start":{"line":45,"column":27},"end":{"line":45,"column":28}},"loc":{"start":{"line":45,"column":39},"end":{"line":51,"column":5}},"line":45},"8":{"name":"(anonymous_8)","decl":{"start":{"line":72,"column":43},"end":{"line":72,"column":44}},"loc":{"start":{"line":73,"column":10},"end":{"line":79,"column":29}},"line":73},"9":{"name":"(anonymous_9)","decl":{"start":{"line":76,"column":21},"end":{"line":76,"column":22}},"loc":{"start":{"line":76,"column":27},"end":{"line":76,"column":44}},"line":76},"10":{"name":"(anonymous_10)","decl":{"start":{"line":85,"column":22},"end":{"line":85,"column":23}},"loc":{"start":{"line":85,"column":32},"end":{"line":85,"column":50}},"line":85},"11":{"name":"(anonymous_11)","decl":{"start":{"line":96,"column":20},"end":{"line":96,"column":21}},"loc":{"start":{"line":97,"column":10},"end":{"line":107,"column":11}},"line":97},"12":{"name":"(anonymous_12)","decl":{"start":{"line":100,"column":24},"end":{"line":100,"column":25}},"loc":{"start":{"line":100,"column":30},"end":{"line":100,"column":63}},"line":100},"13":{"name":"(anonymous_13)","decl":{"start":{"line":105,"column":24},"end":{"line":105,"column":25}},"loc":{"start":{"line":105,"column":30},"end":{"line":105,"column":63}},"line":105}},"branchMap":{"0":{"loc":{"start":{"line":27,"column":4},"end":{"line":27,"column":37}},"type":"if","locations":[{"start":{"line":27,"column":4},"end":{"line":27,"column":37}},{"start":{},"end":{}}],"line":27},"1":{"loc":{"start":{"line":29,"column":6},"end":{"line":29,"column":34}},"type":"if","locations":[{"start":{"line":29,"column":6},"end":{"line":29,"column":34}},{"start":{},"end":{}}],"line":29},"2":{"loc":{"start":{"line":31,"column":8},"end":{"line":33,"column":9}},"type":"if","locations":[{"start":{"line":31,"column":8},"end":{"line":33,"column":9}},{"start":{},"end":{}}],"line":31},"3":{"loc":{"start":{"line":31,"column":12},"end":{"line":31,"column":52}},"type":"binary-expr","locations":[{"start":{"line":31,"column":12},"end":{"line":31,"column":24}},{"start":{"line":31,"column":28},"end":{"line":31,"column":52}}],"line":31},"4":{"loc":{"start":{"line":44,"column":4},"end":{"line":44,"column":29}},"type":"if","locations":[{"start":{"line":44,"column":4},"end":{"line":44,"column":29}},{"start":{},"end":{}}],"line":44},"5":{"loc":{"start":{"line":46,"column":6},"end":{"line":49,"column":7}},"type":"if","locations":[{"start":{"line":46,"column":6},"end":{"line":49,"column":7}},{"start":{},"end":{}}],"line":46},"6":{"loc":{"start":{"line":48,"column":15},"end":{"line":48,"column":94}},"type":"binary-expr","locations":[{"start":{"line":48,"column":15},"end":{"line":48,"column":39}},{"start":{"line":48,"column":43},"end":{"line":48,"column":65}},{"start":{"line":48,"column":69},"end":{"line":48,"column":94}}],"line":48},"7":{"loc":{"start":{"line":50,"column":13},"end":{"line":50,"column":65}},"type":"binary-expr","locations":[{"start":{"line":50,"column":13},"end":{"line":50,"column":37}},{"start":{"line":50,"column":41},"end":{"line":50,"column":65}}],"line":50},"8":{"loc":{"start":{"line":54,"column":2},"end":{"line":60,"column":3}},"type":"if","locations":[{"start":{"line":54,"column":2},"end":{"line":60,"column":3}},{"start":{},"end":{}}],"line":54},"9":{"loc":{"start":{"line":54,"column":6},"end":{"line":54,"column":28}},"type":"binary-expr","locations":[{"start":{"line":54,"column":6},"end":{"line":54,"column":15}},{"start":{"line":54,"column":19},"end":{"line":54,"column":28}}],"line":54},"10":{"loc":{"start":{"line":75,"column":38},"end":{"line":75,"column":81}},"type":"binary-expr","locations":[{"start":{"line":75,"column":38},"end":{"line":75,"column":55}},{"start":{"line":75,"column":59},"end":{"line":75,"column":81}}],"line":75},"11":{"loc":{"start":{"line":78,"column":42},"end":{"line":78,"column":83}},"type":"binary-expr","locations":[{"start":{"line":78,"column":42},"end":{"line":78,"column":59}},{"start":{"line":78,"column":63},"end":{"line":78,"column":83}}],"line":78},"12":{"loc":{"start":{"line":97,"column":10},"end":{"line":107,"column":11}},"type":"cond-expr","locations":[{"start":{"line":98,"column":12},"end":{"line":101,"column":14}},{"start":{"line":103,"column":12},"end":{"line":106,"column":14}}],"line":97},"13":{"loc":{"start":{"line":111,"column":7},"end":{"line":117,"column":7}},"type":"binary-expr","locations":[{"start":{"line":111,"column":7},"end":{"line":111,"column":31}},{"start":{"line":112,"column":8},"end":{"line":116,"column":10}}],"line":111}},"s":{"0":0,"1":0,"2":0,"3":0,"4":0,"5":0,"6":0,"7":0,"8":0,"9":0,"10":0,"11":0,"12":0,"13":0,"14":0,"15":0,"16":0,"17":0,"18":0,"19":0,"20":0,"21":0,"22":0,"23":0,"24":0,"25":0,"26":0,"27":0,"28":0,"29":0,"30":0,"31":0},"f":{"0":0,"1":0,"2":0,"3":0,"4":0,"5":0,"6":0,"7":0,"8":0,"9":0,"10":0,"11":0,"12":0,"13":0},"b":{"0":[0,0],"1":[0,0],"2":[0,0],"3":[0,0],"4":[0,0],"5":[0,0],"6":[0,0,0],"7":[0,0],"8":[0,0],"9":[0,0],"10":[0,0],"11":[0,0],"12":[0,0],"13":[0,0]}}
,"/Users/felipejeldesramirez/Desktop/Suitcase/luggage-app/src/components/location/LocationCard.styles.ts": {"path":"/Users/felipejeldesramirez/Desktop/Suitcase/luggage-app/src/components/location/LocationCard.styles.ts","statementMap":{},"fnMap":{},"branchMap":{},"s":{},"f":{},"b":{}}
,"/Users/felipejeldesramirez/Desktop/Suitcase/luggage-app/src/components/location/LocationCard.tsx": {"path":"/Users/felipejeldesramirez/Desktop/Suitcase/luggage-app/src/components/location/LocationCard.tsx","statementMap":{},"fnMap":{},"branchMap":{},"s":{},"f":{},"b":{}}
,"/Users/felipejeldesramirez/Desktop/Suitcase/luggage-app/src/components/map/MapView.tsx": {"path":"/Users/felipejeldesramirez/Desktop/Suitcase/luggage-app/src/components/map/MapView.tsx","statementMap":{"0":{"start":{"line":7,"column":17},"end":{"line":7,"column":34}},"1":{"start":{"line":9,"column":2},"end":{"line":13,"column":14}},"2":{"start":{"line":10,"column":4},"end":{"line":12,"column":5}},"3":{"start":{"line":11,"column":6},"end":{"line":11,"column":51}},"4":{"start":{"line":15,"column":2},"end":{"line":34,"column":3}},"5":{"start":{"line":23,"column":8},"end":{"line":31,"column":10}},"6":{"start":{"line":30,"column":25},"end":{"line":30,"column":59}},"7":{"start":{"line":37,"column":15},"end":{"line":41,"column":2}}},"fnMap":{"0":{"name":"Map","decl":{"start":{"line":6,"column":16},"end":{"line":6,"column":19}},"loc":{"start":{"line":6,"column":48},"end":{"line":35,"column":1}},"line":6},"1":{"name":"(anonymous_1)","decl":{"start":{"line":9,"column":12},"end":{"line":9,"column":13}},"loc":{"start":{"line":9,"column":18},"end":{"line":13,"column":3}},"line":9},"2":{"name":"(anonymous_2)","decl":{"start":{"line":22,"column":21},"end":{"line":22,"column":22}},"loc":{"start":{"line":23,"column":8},"end":{"line":31,"column":10}},"line":23},"3":{"name":"(anonymous_3)","decl":{"start":{"line":30,"column":19},"end":{"line":30,"column":20}},"loc":{"start":{"line":30,"column":25},"end":{"line":30,"column":59}},"line":30}},"branchMap":{"0":{"loc":{"start":{"line":10,"column":4},"end":{"line":12,"column":5}},"type":"if","locations":[{"start":{"line":10,"column":4},"end":{"line":12,"column":5}},{"start":{},"end":{}}],"line":10}},"s":{"0":0,"1":0,"2":0,"3":0,"4":0,"5":0,"6":0,"7":0},"f":{"0":0,"1":0,"2":0,"3":0},"b":{"0":[0,0]}}
,"/Users/felipejeldesramirez/Desktop/Suitcase/luggage-app/src/components/owner/ActionTile.tsx": {"path":"/Users/felipejeldesramirez/Desktop/Suitcase/luggage-app/src/components/owner/ActionTile.tsx","statementMap":{"0":{"start":{"line":4,"column":26},"end":{"line":11,"column":1}},"1":{"start":{"line":5,"column":2},"end":{"line":10,"column":21}},"2":{"start":{"line":13,"column":15},"end":{"line":36,"column":2}}},"fnMap":{"0":{"name":"(anonymous_0)","decl":{"start":{"line":4,"column":26},"end":{"line":4,"column":27}},"loc":{"start":{"line":5,"column":2},"end":{"line":10,"column":21}},"line":5}},"branchMap":{},"s":{"0":0,"1":0,"2":0},"f":{"0":0},"b":{}}
,"/Users/felipejeldesramirez/Desktop/Suitcase/luggage-app/src/components/owner/GlobalSummaryButton.tsx": {"path":"/Users/felipejeldesramirez/Desktop/Suitcase/luggage-app/src/components/owner/GlobalSummaryButton.tsx","statementMap":{"0":{"start":{"line":4,"column":35},"end":{"line":9,"column":3}},"1":{"start":{"line":5,"column":4},"end":{"line":8,"column":23}},"2":{"start":{"line":11,"column":17},"end":{"line":23,"column":4}}},"fnMap":{"0":{"name":"(anonymous_0)","decl":{"start":{"line":4,"column":35},"end":{"line":4,"column":36}},"loc":{"start":{"line":5,"column":4},"end":{"line":8,"column":23}},"line":5}},"branchMap":{},"s":{"0":0,"1":0,"2":0},"f":{"0":0},"b":{}}
,"/Users/felipejeldesramirez/Desktop/Suitcase/luggage-app/src/components/owner/LocationList.tsx": {"path":"/Users/felipejeldesramirez/Desktop/Suitcase/luggage-app/src/components/owner/LocationList.tsx","statementMap":{"0":{"start":{"line":16,"column":28},"end":{"line":79,"column":1}},"1":{"start":{"line":17,"column":42},"end":{"line":17,"column":54}},"2":{"start":{"line":18,"column":32},"end":{"line":18,"column":46}},"3":{"start":{"line":20,"column":2},"end":{"line":22,"column":9}},"4":{"start":{"line":21,"column":4},"end":{"line":21,"column":20}},"5":{"start":{"line":24,"column":24},"end":{"line":34,"column":3}},"6":{"start":{"line":25,"column":4},"end":{"line":33,"column":5}},"7":{"start":{"line":26,"column":6},"end":{"line":26,"column":23}},"8":{"start":{"line":27,"column":19},"end":{"line":27,"column":57}},"9":{"start":{"line":28,"column":6},"end":{"line":28,"column":27}},"10":{"start":{"line":30,"column":6},"end":{"line":30,"column":55}},"11":{"start":{"line":32,"column":6},"end":{"line":32,"column":24}},"12":{"start":{"line":36,"column":2},"end":{"line":38,"column":3}},"13":{"start":{"line":37,"column":4},"end":{"line":37,"column":88}},"14":{"start":{"line":39,"column":2},"end":{"line":78,"column":4}},"15":{"start":{"line":50,"column":8},"end":{"line":75,"column":27}},"16":{"start":{"line":81,"column":15},"end":{"line":172,"column":2}}},"fnMap":{"0":{"name":"(anonymous_0)","decl":{"start":{"line":16,"column":28},"end":{"line":16,"column":29}},"loc":{"start":{"line":16,"column":34},"end":{"line":79,"column":1}},"line":16},"1":{"name":"(anonymous_1)","decl":{"start":{"line":20,"column":12},"end":{"line":20,"column":13}},"loc":{"start":{"line":20,"column":18},"end":{"line":22,"column":3}},"line":20},"2":{"name":"(anonymous_2)","decl":{"start":{"line":24,"column":24},"end":{"line":24,"column":25}},"loc":{"start":{"line":24,"column":36},"end":{"line":34,"column":3}},"line":24},"3":{"name":"(anonymous_3)","decl":{"start":{"line":49,"column":23},"end":{"line":49,"column":24}},"loc":{"start":{"line":50,"column":8},"end":{"line":75,"column":27}},"line":50}},"branchMap":{"0":{"loc":{"start":{"line":36,"column":2},"end":{"line":38,"column":3}},"type":"if","locations":[{"start":{"line":36,"column":2},"end":{"line":38,"column":3}},{"start":{},"end":{}}],"line":36}},"s":{"0":0,"1":0,"2":0,"3":0,"4":0,"5":0,"6":0,"7":0,"8":0,"9":0,"10":0,"11":0,"12":0,"13":0,"14":0,"15":0,"16":0},"f":{"0":0,"1":0,"2":0,"3":0},"b":{"0":[0,0]}}
,"/Users/felipejeldesramirez/Desktop/Suitcase/luggage-app/src/components/owner/NewLocationButton.tsx": {"path":"/Users/felipejeldesramirez/Desktop/Suitcase/luggage-app/src/components/owner/NewLocationButton.tsx","statementMap":{"0":{"start":{"line":6,"column":33},"end":{"line":21,"column":1}},"1":{"start":{"line":7,"column":17},"end":{"line":7,"column":28}},"2":{"start":{"line":9,"column":2},"end":{"line":20,"column":4}},"3":{"start":{"line":12,"column":21},"end":{"line":12,"column":60}},"4":{"start":{"line":23,"column":15},"end":{"line":54,"column":2}}},"fnMap":{"0":{"name":"(anonymous_0)","decl":{"start":{"line":6,"column":33},"end":{"line":6,"column":34}},"loc":{"start":{"line":6,"column":39},"end":{"line":21,"column":1}},"line":6},"1":{"name":"(anonymous_1)","decl":{"start":{"line":12,"column":15},"end":{"line":12,"column":16}},"loc":{"start":{"line":12,"column":21},"end":{"line":12,"column":60}},"line":12}},"branchMap":{},"s":{"0":0,"1":0,"2":0,"3":0,"4":0},"f":{"0":0,"1":0},"b":{}}
,"/Users/felipejeldesramirez/Desktop/Suitcase/luggage-app/src/components/owner/RecentActivity.styles.ts": {"path":"/Users/felipejeldesramirez/Desktop/Suitcase/luggage-app/src/components/owner/RecentActivity.styles.ts","statementMap":{"0":{"start":{"line":5,"column":22},"end":{"line":37,"column":2}}},"fnMap":{},"branchMap":{},"s":{"0":0},"f":{},"b":{}}
,"/Users/felipejeldesramirez/Desktop/Suitcase/luggage-app/src/components/owner/RecentActivity.tsx": {"path":"/Users/felipejeldesramirez/Desktop/Suitcase/luggage-app/src/components/owner/RecentActivity.tsx","statementMap":{"0":{"start":{"line":18,"column":21},"end":{"line":57,"column":1}},"1":{"start":{"line":20,"column":17},"end":{"line":25,"column":3}},"2":{"start":{"line":27,"column":18},"end":{"line":27,"column":30}},"3":{"start":{"line":29,"column":2},"end":{"line":56,"column":4}},"4":{"start":{"line":45,"column":14},"end":{"line":45,"column":99}},"5":{"start":{"line":59,"column":30},"end":{"line":131,"column":1}},"6":{"start":{"line":60,"column":17},"end":{"line":60,"column":28}},"7":{"start":{"line":61,"column":36},"end":{"line":61,"column":55}},"8":{"start":{"line":63,"column":21},"end":{"line":78,"column":3}},"9":{"start":{"line":64,"column":17},"end":{"line":64,"column":37}},"10":{"start":{"line":65,"column":16},"end":{"line":65,"column":26}},"11":{"start":{"line":67,"column":4},"end":{"line":69,"column":5}},"12":{"start":{"line":68,"column":6},"end":{"line":68,"column":81}},"13":{"start":{"line":71,"column":22},"end":{"line":71,"column":32}},"14":{"start":{"line":72,"column":4},"end":{"line":72,"column":41}},"15":{"start":{"line":73,"column":4},"end":{"line":75,"column":5}},"16":{"start":{"line":74,"column":6},"end":{"line":74,"column":25}},"17":{"start":{"line":77,"column":4},"end":{"line":77,"column":75}},"18":{"start":{"line":80,"column":2},"end":{"line":87,"column":3}},"19":{"start":{"line":81,"column":4},"end":{"line":86,"column":6}},"20":{"start":{"line":89,"column":2},"end":{"line":100,"column":3}},"21":{"start":{"line":90,"column":4},"end":{"line":99,"column":6}},"22":{"start":{"line":102,"column":2},"end":{"line":130,"column":4}},"23":{"start":{"line":108,"column":25},"end":{"line":108,"column":68}},"24":{"start":{"line":109,"column":32},"end":{"line":109,"column":57}},"25":{"start":{"line":110,"column":31},"end":{"line":110,"column":60}},"26":{"start":{"line":112,"column":24},"end":{"line":114,"column":11}},"27":{"start":{"line":113,"column":12},"end":{"line":113,"column":152}},"28":{"start":{"line":116,"column":10},"end":{"line":116,"column":143}},"29":{"start":{"line":116,"column":42},"end":{"line":116,"column":143}},"30":{"start":{"line":117,"column":10},"end":{"line":117,"column":128}},"31":{"start":{"line":117,"column":51},"end":{"line":117,"column":128}},"32":{"start":{"line":118,"column":10},"end":{"line":118,"column":121}},"33":{"start":{"line":118,"column":48},"end":{"line":118,"column":121}},"34":{"start":{"line":119,"column":10},"end":{"line":119,"column":88}},"35":{"start":{"line":119,"column":46},"end":{"line":119,"column":88}},"36":{"start":{"line":120,"column":10},"end":{"line":120,"column":53}},"37":{"start":{"line":125,"column":87},"end":{"line":125,"column":126}}},"fnMap":{"0":{"name":"(anonymous_0)","decl":{"start":{"line":18,"column":21},"end":{"line":18,"column":22}},"loc":{"start":{"line":18,"column":93},"end":{"line":57,"column":1}},"line":18},"1":{"name":"(anonymous_1)","decl":{"start":{"line":44,"column":33},"end":{"line":44,"column":34}},"loc":{"start":{"line":45,"column":14},"end":{"line":45,"column":99}},"line":45},"2":{"name":"(anonymous_2)","decl":{"start":{"line":59,"column":30},"end":{"line":59,"column":31}},"loc":{"start":{"line":59,"column":75},"end":{"line":131,"column":1}},"line":59},"3":{"name":"(anonymous_3)","decl":{"start":{"line":63,"column":21},"end":{"line":63,"column":22}},"loc":{"start":{"line":63,"column":45},"end":{"line":78,"column":3}},"line":63},"4":{"name":"(anonymous_4)","decl":{"start":{"line":107,"column":37},"end":{"line":107,"column":38}},"loc":{"start":{"line":107,"column":51},"end":{"line":121,"column":9}},"line":107},"5":{"name":"(anonymous_5)","decl":{"start":{"line":112,"column":24},"end":{"line":112,"column":25}},"loc":{"start":{"line":113,"column":12},"end":{"line":113,"column":152}},"line":113},"6":{"name":"(anonymous_6)","decl":{"start":{"line":125,"column":81},"end":{"line":125,"column":82}},"loc":{"start":{"line":125,"column":87},"end":{"line":125,"column":126}},"line":125}},"branchMap":{"0":{"loc":{"start":{"line":34,"column":9},"end":{"line":34,"column":48}},"type":"binary-expr","locations":[{"start":{"line":34,"column":9},"end":{"line":34,"column":16}},{"start":{"line":34,"column":20},"end":{"line":34,"column":48}}],"line":34},"1":{"loc":{"start":{"line":42,"column":9},"end":{"line":53,"column":9}},"type":"cond-expr","locations":[{"start":{"line":43,"column":10},"end":{"line":47,"column":17}},{"start":{"line":49,"column":10},"end":{"line":52,"column":17}}],"line":42},"2":{"loc":{"start":{"line":59,"column":33},"end":{"line":59,"column":45}},"type":"default-arg","locations":[{"start":{"line":59,"column":44},"end":{"line":59,"column":45}}],"line":59},"3":{"loc":{"start":{"line":67,"column":4},"end":{"line":69,"column":5}},"type":"if","locations":[{"start":{"line":67,"column":4},"end":{"line":69,"column":5}},{"start":{},"end":{}}],"line":67},"4":{"loc":{"start":{"line":73,"column":4},"end":{"line":75,"column":5}},"type":"if","locations":[{"start":{"line":73,"column":4},"end":{"line":75,"column":5}},{"start":{},"end":{}}],"line":73},"5":{"loc":{"start":{"line":80,"column":2},"end":{"line":87,"column":3}},"type":"if","locations":[{"start":{"line":80,"column":2},"end":{"line":87,"column":3}},{"start":{},"end":{}}],"line":80},"6":{"loc":{"start":{"line":89,"column":2},"end":{"line":100,"column":3}},"type":"if","locations":[{"start":{"line":89,"column":2},"end":{"line":100,"column":3}},{"start":{},"end":{}}],"line":89},"7":{"loc":{"start":{"line":89,"column":6},"end":{"line":89,"column":32}},"type":"binary-expr","locations":[{"start":{"line":89,"column":6},"end":{"line":89,"column":11}},{"start":{"line":89,"column":15},"end":{"line":89,"column":32}}],"line":89},"8":{"loc":{"start":{"line":110,"column":31},"end":{"line":110,"column":60}},"type":"binary-expr","locations":[{"start":{"line":110,"column":31},"end":{"line":110,"column":49}},{"start":{"line":110,"column":53},"end":{"line":110,"column":60}}],"line":110},"9":{"loc":{"start":{"line":116,"column":10},"end":{"line":116,"column":143}},"type":"if","locations":[{"start":{"line":116,"column":10},"end":{"line":116,"column":143}},{"start":{},"end":{}}],"line":116},"10":{"loc":{"start":{"line":116,"column":82},"end":{"line":116,"column":118}},"type":"binary-expr","locations":[{"start":{"line":116,"column":82},"end":{"line":116,"column":107}},{"start":{"line":116,"column":111},"end":{"line":116,"column":118}}],"line":116},"11":{"loc":{"start":{"line":117,"column":10},"end":{"line":117,"column":128}},"type":"if","locations":[{"start":{"line":117,"column":10},"end":{"line":117,"column":128}},{"start":{},"end":{}}],"line":117},"12":{"loc":{"start":{"line":118,"column":10},"end":{"line":118,"column":121}},"type":"if","locations":[{"start":{"line":118,"column":10},"end":{"line":118,"column":121}},{"start":{},"end":{}}],"line":118},"13":{"loc":{"start":{"line":119,"column":10},"end":{"line":119,"column":88}},"type":"if","locations":[{"start":{"line":119,"column":10},"end":{"line":119,"column":88}},{"start":{},"end":{}}],"line":119},"14":{"loc":{"start":{"line":124,"column":7},"end":{"line":128,"column":7}},"type":"binary-expr","locations":[{"start":{"line":124,"column":7},"end":{"line":124,"column":29}},{"start":{"line":125,"column":8},"end":{"line":127,"column":27}}],"line":124
[...]
,"/Users/felipejeldesramirez/Desktop/Suitcase/luggage-app/src/services/reviewServices.ts": {"path":"/Users/felipejeldesramirez/Desktop/Suitcase/luggage-app/src/services/reviewServices.ts","statementMap":{"0":{"start":{"line":23,"column":29},"end":{"line":38,"column":1}},"1":{"start":{"line":25,"column":21},"end":{"line":25,"column":69}},"2":{"start":{"line":26,"column":4},"end":{"line":26,"column":25}},"3":{"start":{"line":30,"column":21},"end":{"line":30,"column":77}},"4":{"start":{"line":31,"column":4},"end":{"line":31,"column":25}},"5":{"start":{"line":35,"column":21},"end":{"line":35,"column":52}},"6":{"start":{"line":36,"column":4},"end":{"line":36,"column":25}}},"fnMap":{"0":{"name":"(anonymous_0)","decl":{"start":{"line":24,"column":17},"end":{"line":24,"column":18}},"loc":{"start":{"line":24,"column":66},"end":{"line":27,"column":3}},"line":24},"1":{"name":"(anonymous_1)","decl":{"start":{"line":29,"column":20},"end":{"line":29,"column":21}},"loc":{"start":{"line":29,"column":67},"end":{"line":32,"column":3}},"line":29},"2":{"name":"(anonymous_2)","decl":{"start":{"line":34,"column":10},"end":{"line":34,"column":11}},"loc":{"start":{"line":34,"column":59},"end":{"line":37,"column":3}},"line":34}},"branchMap":{},"s":{"0":0,"1":0,"2":0,"3":0,"4":0,"5":0,"6":0},"f":{"0":0,"1":0,"2":0},"b":{}}
,"/Users/felipejeldesramirez/Desktop/Suitcase/luggage-app/src/services/sentry.ts": {"path":"/Users/felipejeldesramirez/Desktop/Suitcase/luggage-app/src/services/sentry.ts","statementMap":{"0":{"start":{"line":3,"column":19},"end":{"line":3,"column":59}},"1":{"start":{"line":6,"column":2},"end":{"line":9,"column":3}},"2":{"start":{"line":7,"column":4},"end":{"line":7,"column":73}},"3":{"start":{"line":8,"column":4},"end":{"line":8,"column":11}},"4":{"start":{"line":11,"column":2},"end":{"line":16,"column":5}},"5":{"start":{"line":18,"column":2},"end":{"line":18,"column":38}},"6":{"start":{"line":22,"column":2},"end":{"line":25,"column":3}},"7":{"start":{"line":23,"column":4},"end":{"line":23,"column":59}},"8":{"start":{"line":24,"column":4},"end":{"line":24,"column":11}},"9":{"start":{"line":26,"column":2},"end":{"line":28,"column":3}},"10":{"start":{"line":27,"column":4},"end":{"line":27,"column":55}},"11":{"start":{"line":32,"column":2},"end":{"line":35,"column":3}},"12":{"start":{"line":33,"column":4},"end":{"line":33,"column":53}},"13":{"start":{"line":34,"column":4},"end":{"line":34,"column":11}},"14":{"start":{"line":36,"column":2},"end":{"line":38,"column":3}},"15":{"start":{"line":37,"column":4},"end":{"line":37,"column":42}}},"fnMap":{"0":{"name":"initSentry","decl":{"start":{"line":5,"column":16},"end":{"line":5,"column":26}},"loc":{"start":{"line":5,"column":29},"end":{"line":19,"column":1}},"line":5},"1":{"name":"captureError","decl":{"start":{"line":21,"column":16},"end":{"line":21,"column":28}},"loc":{"start":{"line":21,"column":74},"end":{"line":29,"column":1}},"line":21},"2":{"name":"captureMessage","decl":{"start":{"line":31,"column":16},"end":{"line":31,"column":30}},"loc":{"start":{"line":31,"column":94},"end":{"line":39,"column":1}},"line":31}},"branchMap":{"0":{"loc":{"start":{"line":3,"column":19},"end":{"line":3,"column":59}},"type":"binary-expr","locations":[{"start":{"line":3,"column":19},"end":{"line":3,"column":53}},{"start":{"line":3,"column":57},"end":{"line":3,"column":59}}],"line":3},"1":{"loc":{"start":{"line":6,"column":2},"end":{"line":9,"column":3}},"type":"if","locations":[{"start":{"line":6,"column":2},"end":{"line":9,"column":3}},{"start":{},"end":{}}],"line":6},"2":{"loc":{"start":{"line":15,"column":17},"end":{"line":15,"column":55}},"type":"cond-expr","locations":[{"start":{"line":15,"column":27},"end":{"line":15,"column":40}},{"start":{"line":15,"column":43},"end":{"line":15,"column":55}}],"line":15},"3":{"loc":{"start":{"line":22,"column":2},"end":{"line":25,"column":3}},"type":"if","locations":[{"start":{"line":22,"column":2},"end":{"line":25,"column":3}},{"start":{},"end":{}}],"line":22},"4":{"loc":{"start":{"line":23,"column":44},"end":{"line":23,"column":57}},"type":"binary-expr","locations":[{"start":{"line":23,"column":44},"end":{"line":23,"column":51}},{"start":{"line":23,"column":55},"end":{"line":23,"column":57}}],"line":23},"5":{"loc":{"start":{"line":26,"column":2},"end":{"line":28,"column":3}},"type":"if","locations":[{"start":{"line":26,"column":2},"end":{"line":28,"column":3}},{"start":{},"end":{}}],"line":26},"6":{"loc":{"start":{"line":31,"column":48},"end":{"line":31,"column":92}},"type":"default-arg","locations":[{"start":{"line":31,"column":86},"end":{"line":31,"column":92}}],"line":31},"7":{"loc":{"start":{"line":32,"column":2},"end":{"line":35,"column":3}},"type":"if","locations":[{"start":{"line":32,"column":2},"end":{"line":35,"column":3}},{"start":{},"end":{}}],"line":32},"8":{"loc":{"start":{"line":36,"column":2},"end":{"line":38,"column":3}},"type":"if","locations":[{"start":{"line":36,"column":2},"end":{"line":38,"column":3}},{"start":{},"end":{}}],"line":36}},"s":{"0":0,"1":0,"2":0,"3":0,"4":0,"5":0,"6":0,"7":0,"8":0,"9":0,"10":0,"11":0,"12":0,"13":0,"14":0,"15":0},"f":{"0":0,"1":0,"2":0},"b":{"0":[0,0],"1":[0,0],"2":[0,0],"3":[0,0],"4":[0,0],"5":[0,0],"6":[0],"7":[0,0],"8":[0,0]}}
,"/Users/felipejeldesramirez/Desktop/Suitcase/luggage-app/src/services/staffService.ts": {"path":"/Users/felipejeldesramirez/Desktop/Suitcase/luggage-app/src/services/staffService.ts","statementMap":{"0":{"start":{"line":3,"column":28},"end":{"line":28,"column":1}},"1":{"start":{"line":5,"column":21},"end":{"line":5,"column":81}},"2":{"start":{"line":6,"column":4},"end":{"line":6,"column":16}},"3":{"start":{"line":10,"column":19},"end":{"line":10,"column":82}},"4":{"start":{"line":11,"column":21},"end":{"line":11,"column":60}},"5":{"start":{"line":12,"column":4},"end":{"line":12,"column":16}},"6":{"start":{"line":16,"column":21},"end":{"line":16,"column":67}},"7":{"start":{"line":17,"column":4},"end":{"line":17,"column":16}},"8":{"start":{"line":21,"column":4},"end":{"line":21,"column":47}},"9":{"start":{"line":25,"column":21},"end":{"line":25,"column":57}},"10":{"start":{"line":26,"column":4},"end":{"line":26,"column":16}}},"fnMap":{"0":{"name":"(anonymous_0)","decl":{"start":{"line":4,"column":10},"end":{"line":4,"column":11}},"loc":{"start":{"line":4,"column":69},"end":{"line":7,"column":3}},"line":4},"1":{"name":"(anonymous_1)","decl":{"start":{"line":9,"column":20},"end":{"line":9,"column":21}},"loc":{"start":{"line":9,"column":62},"end":{"line":13,"column":3}},"line":9},"2":{"name":"(anonymous_2)","decl":{"start":{"line":15,"column":17},"end":{"line":15,"column":18}},"loc":{"start":{"line":15,"column":47},"end":{"line":18,"column":3}},"line":15},"3":{"name":"(anonymous_3)","decl":{"start":{"line":20,"column":15},"end":{"line":20,"column":16}},"loc":{"start":{"line":20,"column":47},"end":{"line":22,"column":3}},"line":20},"4":{"name":"(anonymous_4)","decl":{"start":{"line":24,"column":18},"end":{"line":24,"column":19}},"loc":{"start":{"line":24,"column":30},"end":{"line":27,"column":3}},"line":24}},"branchMap":{"0":{"loc":{"start":{"line":10,"column":19},"end":{"line":10,"column":82}},"type":"cond-expr","locations":[{"start":{"line":10,"column":28},"end":{"line":10,"column":62}},{"start":{"line":10,"column":65},"end":{"line":10,"column":82}}],"line":10}},"s":{"0":0,"1":0,"2":0,"3":0,"4":0,"5":0,"6":0,"7":0,"8":0,"9":0,"10":0},"f":{"0":0,"1":0,"2":0,"3":0,"4":0},"b":{"0":[0,0]}}
,"/Users/felipejeldesramirez/Desktop/Suitcase/luggage-app/src/services/termsService.ts": {"path":"/Users/felipejeldesramirez/Desktop/Suitcase/luggage-app/src/services/termsService.ts","statementMap":{"0":{"start":{"line":11,"column":28},"end":{"line":20,"column":1}},"1":{"start":{"line":13,"column":21},"end":{"line":13,"column":59}},"2":{"start":{"line":14,"column":4},"end":{"line":14,"column":16}},"3":{"start":{"line":18,"column":4},"end":{"line":18,"column":47}}},"fnMap":{"0":{"name":"(anonymous_0)","decl":{"start":{"line":12,"column":13},"end":{"line":12,"column":14}},"loc":{"start":{"line":12,"column":65},"end":{"line":15,"column":3}},"line":12},"1":{"name":"(anonymous_1)","decl":{"start":{"line":17,"column":10},"end":{"line":17,"column":11}},"loc":{"start":{"line":17,"column":52},"end":{"line":19,"column":3}},"line":17}},"branchMap":{},"s":{"0":0,"1":0,"2":0,"3":0},"f":{"0":0,"1":0},"b":{}}
,"/Users/felipejeldesramirez/Desktop/Suitcase/luggage-app/src/services/uploadService.ts": {"path":"/Users/felipejeldesramirez/Desktop/Suitcase/luggage-app/src/services/uploadService.ts","statementMap":{"0":{"start":{"line":3,"column":29},"end":{"line":29,"column":1}},"1":{"start":{"line":5,"column":21},"end":{"line":5,"column":35}},"2":{"start":{"line":8,"column":21},"end":{"line":8,"column":57}},"3":{"start":{"line":11,"column":18},"end":{"line":11,"column":43}},"4":{"start":{"line":12,"column":17},"end":{"line":12,"column":54}},"5":{"start":{"line":15,"column":4},"end":{"line":19,"column":14}},"6":{"start":{"line":21,"column":21},"end":{"line":25,"column":6}},"7":{"start":{"line":27,"column":4},"end":{"line":27,"column":20}}},"fnMap":{"0":{"name":"(anonymous_0)","decl":{"start":{"line":4,"column":15},"end":{"line":4,"column":16}},"loc":{"start":{"line":4,"column":83},"end":{"line":28,"column":3}},"line":4}},"branchMap":{"0":{"loc":{"start":{"line":4,"column":35},"end":{"line":4,"column":61}},"type":"default-arg","locations":[{"start":{"line":4,"column":52},"end":{"line":4,"column":61}}],"line":4},"1":{"loc":{"start":{"line":8,"column":21},"end":{"line":8,"column":57}},"type":"binary-expr","locations":[{"start":{"line":8,"column":21},"end":{"line":8,"column":41}},{"start":{"line":8,"column":45},"end":{"line":8,"column":57}}],"line":8},"2":{"loc":{"start":{"line":12,"column":17},"end":{"line":12,"column":54}},"type":"cond-expr","locations":[{"start":{"line":12,"column":25},"end":{"line":12,"column":44}},{"start":{"line":12,"column":47},"end":{"line":12,"column":54}}],"line":12}},"s":{"0":0,"1":0,"2":0,"3":0,"4":0,"5":0,"6":0,"7":0},"f":{"0":0},"b":{"0":[0],"1":[0,0],"2":[0,0]}}
,"/Users/felipejeldesramirez/Desktop/Suitcase/luggage-app/src/store/useAuthStore.ts": {"path":"/Users/felipejeldesramirez/Desktop/Suitcase/luggage-app/src/store/useAuthStore.ts","statementMap":{"0":{"start":{"line":25,"column":28},"end":{"line":67,"column":3}},"1":{"start":{"line":25,"column":56},"end":{"line":67,"column":1}},"2":{"start":{"line":32,"column":4},"end":{"line":32,"column":51}},"3":{"start":{"line":33,"column":4},"end":{"line":33,"column":61}},"4":{"start":{"line":34,"column":4},"end":{"line":34,"column":65}},"5":{"start":{"line":36,"column":4},"end":{"line":36,"column":62}},"6":{"start":{"line":40,"column":4},"end":{"line":40,"column":65}},"7":{"start":{"line":41,"column":4},"end":{"line":41,"column":18}},"8":{"start":{"line":45,"column":4},"end":{"line":45,"column":47}},"9":{"start":{"line":46,"column":4},"end":{"line":46,"column":50}},"10":{"start":{"line":47,"column":4},"end":{"line":47,"column":46}},"11":{"start":{"line":48,"column":4},"end":{"line":48,"column":81}},"12":{"start":{"line":52,"column":44},"end":{"line":56,"column":6}},"13":{"start":{"line":58,"column":17},"end":{"line":58,"column":55}},"14":{"start":{"line":60,"column":4},"end":{"line":65,"column":7}}},"fnMap":{"0":{"name":"(anonymous_0)","decl":{"start":{"line":25,"column":46},"end":{"line":25,"column":47}},"loc":{"start":{"line":25,"column":56},"end":{"line":67,"column":1}},"line":25},"1":{"name":"(anonymous_1)","decl":{"start":{"line":31,"column":13},"end":{"line":31,"column":14}},"loc":{"start":{"line":31,"column":72},"end":{"line":37,"column":3}},"line":31},"2":{"name":"(anonymous_2)","decl":{"start":{"line":39,"column":11},"end":{"line":39,"column":12}},"loc":{"start":{"line":39,"column":33},"end":{"line":42,"column":3}},"line":39},"3":{"name":"(anonymous_3)","decl":{"start":{"line":44,"column":10},"end":{"line":44,"column":11}},"loc":{"start":{"line":44,"column":22},"end":{"line":49,"column":3}},"line":44},"4":{"name":"(anonymous_4)","decl":{"start":{"line":51,"column":13},"end":{"line":51,"column":14}},"loc":{"start":{"line":51,"column":25},"end":{"line":66,"column":3}},"line":51}},"branchMap":{"0":{"loc":{"start":{"line":58,"column":17},"end":{"line":58,"column":55}},"type":"cond-expr","locations":[{"start":{"line":58,"column":28},"end":{"line":58,"column":48}},{"start":{"line":58,"column":51},"end":{"line":58,"column":55}}],"line":58}},"s":{"0":0,"1":0,"2":0,"3":0,"4":0,"5":0,"6":0,"7":0,"8":0,"9":0,"10":0,"11":0,"12":0,"13":0,"14":0},"f":{"0":0,"1":0,"2":0,"3":0,"4":0},"b":{"0":[0,0]}}
,"/Users/felipejeldesramirez/Desktop/Suitcase/luggage-app/src/store/useBookingStore.ts": {"path":"/Users/felipejeldesramirez/Desktop/Suitcase/luggage-app/src/store/useBookingStore.ts","statementMap":{"0":{"start":{"line":9,"column":31},"end":{"line":15,"column":3}},"1":{"start":{"line":9,"column":62},"end":{"line":15,"column":1}},"2":{"start":{"line":12,"column":36},"end":{"line":12,"column":68}},"3":{"start":{"line":14,"column":31},"end":{"line":14,"column":60}}},"fnMap":{"0":{"name":"(anonymous_0)","decl":{"start":{"line":9,"column":52},"end":{"line":9,"column":53}},"loc":{"start":{"line":9,"column":62},"end":{"line":15,"column":1}},"line":9},"1":{"name":"(anonymous_1)","decl":{"start":{"line":12,"column":23},"end":{"line":12,"column":24}},"loc":{"start":{"line":12,"column":36},"end":{"line":12,"column":68}},"line":12},"2":{"name":"(anonymous_2)","decl":{"start":{"line":14,"column":25},"end":{"line":14,"column":26}},"loc":{"start":{"line":14,"column":31},"end":{"line":14,"column":60}},"line":14}},"branchMap":{},"s":{"0":0,"1":0,"2":0,"3":0},"f":{"0":0,"1":0,"2":0},"b":{}}
,"/Users/felipejeldesramirez/Desktop/Suitcase/luggage-app/src/store/useLocationStore.ts": {"path":"/Users/felipejeldesramirez/Desktop/Suitcase/luggage-app/src/store/useLocationStore.ts","statementMap":{"0":{"start":{"line":11,"column":32},"end":{"line":17,"column":3}},"1":{"start":{"line":11,"column":64},"end":{"line":17,"column":1}},"2":{"start":{"line":15,"column":25},"end":{"line":15,"column":34}},"3":{"start":{"line":16,"column":15},"end":{"line":16,"column":53}}},"fnMap":{"0":{"name":"(anonymous_0)","decl":{"start":{"line":11,"column":54},"end":{"line":11,"column":55}},"loc":{"start":{"line":11,"column":64},"end":{"line":17,"column":1}},"line":11},"1":{"name":"(anonymous_1)","decl":{"start":{"line":15,"column":15},"end":{"line":15,"column":16}},"loc":{"start":{"line":15,"column":25},"end":{"line":15,"column":34}},"line":15},"2":{"name":"(anonymous_2)","decl":{"start":{"line":16,"column":9},"end":{"line":16,"column":10}},"loc":{"start":{"line":16,"column":15},"end":{"line":16,"column":53}},"line":16}},"branchMap":{},"s":{"0":0,"1":0,"2":0,"3":0},"f":{"0":0,"1":0,"2":0},"b":{}}
,"/Users/felipejeldesramirez/Desktop/Suitcase/luggage-app/src/store/useOwnerStore.ts": {"path":"/Users/felipejeldesramirez/Desktop/Suitcase/luggage-app/src/store/useOwnerStore.ts","statementMap":{"0":{"start":{"line":10,"column":29},"end":{"line":18,"column":3}},"1":{"start":{"line":10,"column":58},"end":{"line":18,"column":1}},"2":{"start":{"line":13,"column":37},"end":{"line":16,"column":6}},"3":{"start":{"line":17,"column":27},"end":{"line":17,"column":84}}},"fnMap":{"0":{"name":"(anonymous_0)","decl":{"start":{"line":10,"column":48},"end":{"line":10,"column":49}},"loc":{"start":{"line":10,"column":58},"end":{"line":18,"column":1}},"line":10},"1":{"name":"(anonymous_1)","decl":{"start":{"line":13,"column":23},"end":{"line":13,"column":24}},"loc":{"start":{"line":13,"column":37},"end":{"line":16,"column":6}},"line":13},"2":{"name":"(anonymous_2)","decl":{"start":{"line":17,"column":21},"end":{"line":17,"column":22}},"loc":{"start":{"line":17,"column":27},"end":{"line":17,"column":84}},"line":17}},"branchMap":{"0":{"loc":{"start":{"line":15,"column":28},"end":{"line":15,"column":40}},"type":"binary-expr","locations":[{"start":{"line":15,"column":28},"end":{"line":15,"column":32}},{"start":{"line":15,"column":36},"end":{"line":15,"column":40}}],"line":15}},"s":{"0":0,"1":0,"2":0,"3":0},"f":{"0":0,"1":0,"2":0},"b":{"0":[0,0]}}
,"/Users/felipejeldesramirez/Desktop/Suitcase/luggage-app/src/styles/colors.ts": {"path":"/Users/felipejeldesramirez/Desktop/Suitcase/luggage-app/src/styles/colors.ts","statementMap":{"0":{"start":{"line":1,"column":21},"end":{"line":30,"column":1}},"1":{"start":{"line":32,"column":22},"end":{"line":64,"column":1}},"2":{"start":{"line":68,"column":38},"end":{"line":100,"column":1}}},"fnMap":{},"branchMap":{},"s":{"0":1,"1":1,"2":1},"f":{},"b":{},"_coverageSchema":"1a1c01bbd47fc00a2c39e90264f33305004495a9","hash":"6b573a8412717e8b589f6faec5da94a551acd31f"}
,"/Users/felipejeldesramirez/Desktop/Suitcase/luggage-app/src/styles/globalStyles.ts": {"path":"/Users/felipejeldesramirez/Desktop/Suitcase/luggage-app/src/styles/globalStyles.ts","statementMap":{"0":{"start":{"line":4,"column":21},"end":{"line":33,"column":1}},"1":{"start":{"line":35,"column":28},"end":{"line":72,"column":2}}},"fnMap":{},"branchMap":{},"s":{"0":0,"1":0},"f":{},"b":{}}
,"/Users/felipejeldesramirez/Desktop/Suitcase/luggage-app/src/types/booking.types.ts": {"path":"/Users/felipejeldesramirez/Desktop/Suitcase/luggage-app/src/types/booking.types.ts","statementMap":{},"fnMap":{},"branchMap":{},"s":{},"f":{},"b":{}}
,"/Users/felipejeldesramirez/Desktop/Suitcase/luggage-app/src/types/bookings/BookingData.ts": {"path":"/Users/felipejeldesramirez/Desktop/Suitcase/luggage-app/src/types/bookings/BookingData.ts","statementMap":{},"fnMap":{},"branchMap":{},"s":{},"f":{},"b":{}}
,"/Users/felipejeldesramirez/Desktop/Suitcase/luggage-app/src/utils/dateFormatter.ts": {"path":"/Users/felipejeldesramirez/Desktop/Suitcase/luggage-app/src/utils/dateFormatter.ts","statementMap":{"0":{"start":{"line":5,"column":34},"end":{"line":11,"column":1}},"1":{"start":{"line":6,"column":48},"end":{"line":6,"column":82}},"2":{"start":{"line":7,"column":4},"end":{"line":10,"column":6}}},"fnMap":{"0":{"name":"(anonymous_0)","decl":{"start":{"line":5,"column":34},"end":{"line":5,"column":35}},"loc":{"start":{"line":5,"column":66},"end":{"line":11,"column":1}},"line":5}},"branchMap":{},"s":{"0":0,"1":0,"2":0},"f":{"0":0},"b":{}}
,"/Users/felipejeldesramirez/Desktop/Suitcase/luggage-app/src/utils/modeStorage.ts": {"path":"/Users/felipejeldesramirez/Desktop/Suitcase/luggage-app/src/utils/modeStorage.ts","statementMap":{"0":{"start":{"line":3,"column":17},"end":{"line":3,"column":38}},"1":{"start":{"line":5,"column":27},"end":{"line":8,"column":1}},"2":{"start":{"line":6,"column":52},"end":{"line":6,"column":82}},"3":{"start":{"line":7,"column":40},"end":{"line":7,"column":76}}},"fnMap":{"0":{"name":"(anonymous_0)","decl":{"start":{"line":6,"column":16},"end":{"line":6,"column":17}},"loc":{"start":{"line":6,"column":52},"end":{"line":6,"column":82}},"line":6},"1":{"name":"(anonymous_1)","decl":{"start":{"line":7,"column":16},"end":{"line":7,"column":17}},"loc":{"start":{"line":7,"column":40},"end":{"line":7,"column":76}},"line":7}},"branchMap":{},"s":{"0":0,"1":0,"2":0,"3":0},"f":{"0":0,"1":0},"b":{}}
}
