{"/Users/felipejeldesramirez/Desktop/Suitcase/luggage-app/src/components/external-link.tsx": {"path":"/Users/felipejeldesramirez/Desktop/Suitcase/luggage-app/src/components/external-link.tsx","statementMap":{"0":{"start":{"line":8,"column":2},"end":{"line":24,"column":4}},"1":{"start":{"line":14,"column":8},"end":{"line":21,"column":9}},"2":{"start":{"line":16,"column":10},"end":{"line":16,"column":33}},"3":{"start":{"line":18,"column":10},"end":{"line":20,"column":13}}},"fnMap":{"0":{"name":"ExternalLink","decl":{"start":{"line":7,"column":16},"end":{"line":7,"column":28}},"loc":{"start":{"line":7,"column":55},"end":{"line":25,"column":1}},"line":7},"1":{"name":"(anonymous_1)","decl":{"start":{"line":13,"column":15},"end":{"line":13,"column":16}},"loc":{"start":{"line":13,"column":32},"end":{"line":22,"column":7}},"line":13}},"branchMap":{"0":{"loc":{"start":{"line":14,"column":8},"end":{"line":21,"column":9}},"type":"if","locations":[{"start":{"line":14,"column":8},"end":{"line":21,"column":9}},{"start":{},"end":{}}],"line":14}},"s":{"0":0,"1":0,"2":0,"3":0},"f":{"0":0,"1":0},"b":{"0":[0,0]}}
,"/Users/felipejeldesramirez/Desktop/Suitcase/luggage-app/src/components/haptic-tab.tsx": {"path":"/Users/felipejeldesramirez/Desktop/Suitcase/luggage-app/src/components/haptic-tab.tsx","statementMap":{"0":{"start":{"line":6,"column":2},"end":{"line":17,"column":4}},"1":{"start":{"line":10,"column":8},"end":{"line":13,"column":9}},"2":{"start":{"line":12,"column":10},"end":{"line":12,"column":65}},"3":{"start":{"line":14,"column":8},"end":{"line":14,"column":30}}},"fnMap":{"0":{"name":"HapticTab","decl":{"start":{"line":5,"column":16},"end":{"line":5,"column":25}},"loc":{"start":{"line":5,"column":58},"end":{"line":18,"column":1}},"line":5},"1":{"name":"(anonymous_1)","decl":{"start":{"line":9,"column":17},"end":{"line":9,"column":18}},"loc":{"start":{"line":9,"column":25},"end":{"line":15,"column":7}},"line":9}},"branchMap":{"0":{"loc":{"start":{"line":10,"column":8},"end":{"line":13,"column":9}},"type":"if","locations":[{"start":{"line":10,"column":8},"end":{"line":13,"column":9}},{"start":{},"end":{}}],"line":10}},"s":{"0":0,"1":0,"2":0,"3":0},"f":{"0":0,"1":0},"b":{"0":[0,0]}}
,"/Users/felipejeldesramirez/Desktop/Suitcase/luggage-app/src/components/hello-wave.tsx": {"path":"/Users/felipejeldesramirez/Desktop/Suitcase/luggage-app/src/components/hello-wave.tsx","statementMap":{"0":{"start":{"line":4,"column":2},"end":{"line":18,"column":4}}},"fnMap":{"0":{"name":"HelloWave","decl":{"start":{"line":3,"column":16},"end":{"line":3,"column":25}},"loc":{"start":{"line":3,"column":28},"end":{"line":19,"column":1}},"line":3}},"branchMap":{},"s":{"0":0},"f":{"0":0},"b":{}}
,"/Users/felipejeldesramirez/Desktop/Suitcase/luggage-app/src/components/parallax-scroll-view.tsx": {"path":"/Users/felipejeldesramirez/Desktop/Suitcase/luggage-app/src/components/parallax-scroll-view.tsx","statementMap":{"0":{"start":{"line":14,"column":22},"end":{"line":14,"column":25}},"1":{"start":{"line":26,"column":26},"end":{"line":26,"column":57}},"2":{"start":{"line":27,"column":22},"end":{"line":27,"column":49}},"3":{"start":{"line":28,"column":20},"end":{"line":28,"column":57}},"4":{"start":{"line":29,"column":23},"end":{"line":29,"column":49}},"5":{"start":{"line":30,"column":30},"end":{"line":45,"column":4}},"6":{"start":{"line":31,"column":4},"end":{"line":44,"column":6}},"7":{"start":{"line":47,"column":2},"end":{"line":62,"column":4}},"8":{"start":{"line":65,"column":15},"end":{"line":79,"column":2}}},"fnMap":{"0":{"name":"ParallaxScrollView","decl":{"start":{"line":21,"column":24},"end":{"line":21,"column":42}},"loc":{"start":{"line":25,"column":10},"end":{"line":63,"column":1}},"line":25},"1":{"name":"(anonymous_1)","decl":{"start":{"line":30,"column":47},"end":{"line":30,"column":48}},"loc":{"start":{"line":30,"column":53},"end":{"line":45,"column":3}},"line":30}},"branchMap":{"0":{"loc":{"start":{"line":27,"column":22},"end":{"line":27,"column":49}},"type":"binary-expr","locations":[{"start":{"line":27,"column":22},"end":{"line":27,"column":38}},{"start":{"line":27,"column":42},"end":{"line":27,"column":49}}],"line":27}},"s":{"0":0,"1":0,"2":0,"3":0,"4":0,"5":0,"6":0,"7":0,"8":0},"f":{"0":0,"1":0},"b":{"0":[0,0]}}
,"/Users/felipejeldesramirez/Desktop/Suitcase/luggage-app/src/components/themed-text.tsx": {"path":"/Users/felipejeldesramirez/Desktop/Suitcase/luggage-app/src/components/themed-text.tsx","statementMap":{"0":{"start":{"line":18,"column":16},"end":{"line":18,"column":77}},"1":{"start":{"line":20,"column":2},"end":{"line":33,"column":4}},"2":{"start":{"line":36,"column":15},"end":{"line":60,"column":2}}},"fnMap":{"0":{"name":"ThemedText","decl":{"start":{"line":11,"column":16},"end":{"line":11,"column":26}},"loc":{"start":{"line":17,"column":20},"end":{"line":34,"column":1}},"line":17}},"branchMap":{"0":{"loc":{"start":{"line":15,"column":2},"end":{"line":15,"column":18}},"type":"default-arg","locations":[{"start":{"line":15,"column":9},"end":{"line":15,"column":18}}],"line":15},"1":{"loc":{"start":{"line":24,"column":8},"end":{"line":24,"column":55}},"type":"cond-expr","locations":[{"start":{"line":24,"column":29},"end":{"line":24,"column":43}},{"start":{"line":24,"column":46},"end":{"line":24,"column":55}}],"line":24},"2":{"loc":{"start":{"line":25,"column":8},"end":{"line":25,"column":51}},"type":"cond-expr","locations":[{"start":{"line":25,"column":27},"end":{"line":25,"column":39}},{"start":{"line":25,"column":42},"end":{"line":25,"column":51}}],"line":25},"3":{"loc":{"start":{"line":26,"column":8},"end":{"line":26,"column":71}},"type":"cond-expr","locations":[{"start":{"line":26,"column":37},"end":{"line":26,"column":59}},{"start":{"line":26,"column":62},"end":{"line":26,"column":71}}],"line":26},"4":{"loc":{"start":{"line":27,"column":8},"end":{"line":27,"column":57}},"type":"cond-expr","locations":[{"start":{"line":27,"column":30},"end":{"line":27,"column":45}},{"start":{"line":27,"column":48},"end":{"line":27,"column":57}}],"line":27},"5":{"loc":{"start":{"line":28,"column":8},"end":{"line":28,"column":49}},"type":"cond-expr","locations":[{"start":{"line":28,"column":26},"end":{"line":28,"column":37}},{"start":{"line":28,"column":40},"end":{"line":28,"column":49}}],"line":28}},"s":{"0":0,"1":0,"2":0},"f":{"0":0},"b":{"0":[0],"1":[0,0],"2":[0,0],"3":[0,0],"4":[0,0],"5":[0,0]}}
,"/Users/felipejeldesramirez/Desktop/Suitcase/luggage-app/src/components/themed-view.tsx": {"path":"/Users/felipejeldesramirez/Desktop/Suitcase/luggage-app/src/components/themed-view.tsx","statementMap":{"0":{"start":{"line":11,"column":26},"end":{"line":11,"column":93}},"1":{"start":{"line":13,"column":2},"end":{"line":13,"column":71}}},"fnMap":{"0":{"name":"ThemedView","decl":{"start":{"line":10,"column":16},"end":{"line":10,"column":26}},"loc":{"start":{"line":10,"column":93},"end":{"line":14,"column":1}},"line":10}},"branchMap":{},"s":{"0":0,"1":0},"f":{"0":0},"b":{}}
,"/Users/felipejeldesramirez/Desktop/Suitcase/luggage-app/src/components/auth/GoogleButton.styles.ts": {"path":"/Users/felipejeldesramirez/Desktop/Suitcase/luggage-app/src/components/auth/GoogleButton.styles.ts","statementMap":{"0":{"start":{"line":4,"column":22},"end":{"line":42,"column":2}}},"fnMap":{},"branchMap":{},"s":{"0":0},"f":{},"b":{}}
,"/Users/felipejeldesramirez/Desktop/Suitcase/luggage-app/src/components/auth/GoogleButton.tsx": {"path":"/Users/felipejeldesramirez/Desktop/Suitcase/luggage-app/src/components/auth/GoogleButton.tsx","statementMap":{"0":{"start":{"line":7,"column":28},"end":{"line":26,"column":1}},"1":{"start":{"line":8,"column":32},"end":{"line":8,"column":47}},"2":{"start":{"line":10,"column":2},"end":{"line":25,"column":3}},"3":{"start":{"line":13,"column":21},"end":{"line":13,"column":29}}},"fnMap":{"0":{"name":"(anonymous_0)","decl":{"start":{"line":7,"column":28},"end":{"line":7,"column":29}},"loc":{"start":{"line":7,"column":34},"end":{"line":26,"column":1}},"line":7},"1":{"name":"(anonymous_1)","decl":{"start":{"line":13,"column":15},"end":{"line":13,"column":16}},"loc":{"start":{"line":13,"column":21},"end":{"line":13,"column":29}},"line":13}},"branchMap":{"0":{"loc":{"start":{"line":12,"column":29},"end":{"line":12,"column":57}},"type":"binary-expr","locations":[{"start":{"line":12,"column":29},"end":{"line":12,"column":38}},{"start":{"line":12,"column":42},"end":{"line":12,"column":57}}],"line":12},"1":{"loc":{"start":{"line":16,"column":7},"end":{"line":23,"column":7}},"type":"cond-expr","locations":[{"start":{"line":17,"column":8},"end":{"line":17,"column":45}},{"start":{"line":19,"column":8},"end":{"line":22,"column":15}}],"line":16}},"s":{"0":0,"1":0,"2":0,"3":0},"f":{"0":0,"1":0},"b":{"0":[0,0],"1":[0,0]}}
,"/Users/felipejeldesramirez/Desktop/Suitcase/luggage-app/src/components/booking/BookingDetail.tsx": {"path":"/Users/felipejeldesramirez/Desktop/Suitcase/luggage-app/src/components/booking/BookingDetail.tsx","statementMap":{"0":{"start":{"line":32,"column":17},"end":{"line":32,"column":28}},"1":{"start":{"line":35,"column":44},"end":{"line":35,"column":67}},"2":{"start":{"line":36,"column":47},"end":{"line":36,"column":65}},"3":{"start":{"line":37,"column":55},"end":{"line":37,"column":112}},"4":{"start":{"line":38,"column":32},"end":{"line":38,"column":44}},"5":{"start":{"line":40,"column":98},"end":{"line":43,"column":4}},"6":{"start":{"line":42,"column":19},"end":{"line":42,"column":49}},"7":{"start":{"line":44,"column":46},"end":{"line":44,"column":75}},"8":{"start":{"line":46,"column":2},"end":{"line":51,"column":19}},"9":{"start":{"line":47,"column":4},"end":{"line":50,"column":5}},"10":{"start":{"line":48,"column":26},"end":{"line":48,"column":83}},"11":{"start":{"line":48,"column":54},"end":{"line":48,"column":65}},"12":{"start":{"line":49,"column":6},"end":{"line":49,"column":40}},"13":{"start":{"line":54,"column":26},"end":{"line":54,"column":69}},"14":{"start":{"line":56,"column":2},"end":{"line":58,"column":13}},"15":{"start":{"line":57,"column":4},"end":{"line":57,"column":57}},"16":{"start":{"line":57,"column":15},"end":{"line":57,"column":57}},"17":{"start":{"line":61,"column":36},"end":{"line":61,"column":56}},"18":{"start":{"line":62,"column":32},"end":{"line":62,"column":94}},"19":{"start":{"line":63,"column":36},"end":{"line":63,"column":51}},"20":{"start":{"line":64,"column":50},"end":{"line":64,"column":65}},"21":{"start":{"line":65,"column":44},"end":{"line":65,"column":55}},"22":{"start":{"line":68,"column":22},"end":{"line":81,"column":13}},"23":{"start":{"line":69,"column":4},"end":{"line":69,"column":42}},"24":{"start":{"line":69,"column":30},"end":{"line":69,"column":42}},"25":{"start":{"line":70,"column":16},"end":{"line":70,"column":26}},"26":{"start":{"line":71,"column":22},"end":{"line":71,"column":81}},"27":{"start":{"line":71,"column":58},"end":{"line":71,"column":80}},"28":{"start":{"line":72,"column":4},"end":{"line":72,"column":55}},"29":{"start":{"line":72,"column":42},"end":{"line":72,"column":55}},"30":{"start":{"line":74,"column":26},"end":{"line":77,"column":5}},"31":{"start":{"line":75,"column":21},"end":{"line":75,"column":45}},"32":{"start":{"line":76,"column":6},"end":{"line":76,"column":24}},"33":{"start":{"line":79,"column":24},"end":{"line":79,"column":62}},"34":{"start":{"line":80,"column":4},"end":{"line":80,"column":105}},"35":{"start":{"line":84,"column":15},"end":{"line":87,"column":26}},"36":{"start":{"line":85,"column":19},"end":{"line":85,"column":58}},"37":{"start":{"line":86,"column":4},"end":{"line":86,"column":66}},"38":{"start":{"line":89,"column":21},"end":{"line":92,"column":25}},"39":{"start":{"line":90,"column":4},"end":{"line":90,"column":46}},"40":{"start":{"line":90,"column":38},"end":{"line":90,"column":46}},"41":{"start":{"line":91,"column":4},"end":{"line":91,"column":136}},"42":{"start":{"line":94,"column":25},"end":{"line":103,"column":3}},"43":{"start":{"line":95,"column":21},"end":{"line":95,"column":39}},"44":{"start":{"line":96,"column":4},"end":{"line":96,"column":28}},"45":{"start":{"line":96,"column":22},"end":{"line":96,"column":28}},"46":{"start":{"line":97,"column":18},"end":{"line":97,"column":50}},"47":{"start":{"line":98,"column":4},"end":{"line":101,"column":5}},"48":{"start":{"line":99,"column":6},"end":{"line":99,"column":133}},"49":{"start":{"line":100,"column":6},"end":{"line":100,"column":12}},"50":{"start":{"line":102,"column":4},"end":{"line":102,"column":42}},"51":{"start":{"line":105,"column":24},"end":{"line":120,"column":3}},"52":{"start":{"line":106,"column":4},"end":{"line":106,"column":45}},"53":{"start":{"line":106,"column":39},"end":{"line":106,"column":45}},"54":{"start":{"line":108,"column":4},"end":{"line":111,"column":5}},"55":{"start":{"line":109,"column":6},"end":{"line":109,"column":112}},"56":{"start":{"line":110,"column":6},"end":{"line":110,"column":13}},"57":{"start":{"line":113,"column":4},"end":{"line":119,"column":6}},"58":{"start":{"line":122,"column":24},"end":{"line":127,"column":3}},"59":{"start":{"line":123,"column":19},"end":{"line":123,"column":44}},"60":{"start":{"line":124,"column":4},"end":{"line":126,"column":5}},"61":{"start":{"line":125,"column":6},"end":{"line":125,"column":27}},"62":{"start":{"line":129,"column":2},"end":{"line":129,"column":109}},"63":{"start":{"line":129,"column":17},"end":{"line":129,"column":109}},"64":{"start":{"line":130,"column":2},"end":{"line":130,"column":120}},"65":{"start":{"line":130,"column":13},"end":{"line":130,"column":120}},"66":{"start":{"line":133,"column":2},"end":{"line":441,"column":3}},"67":{"start":{"line":139,"column":69},"end":{"line":139,"column":82}},"68":{"start":{"line":148,"column":72},"end":{"line":148,"column":96}},"69":{"start":{"line":155,"column":16},"end":{"line":155,"column":249}},"70":{"start":{"line":170,"column":16},"end":{"line":170,"column":35}},"71":{"start":{"line":171,"column":16},"end":{"line":171,"column":95}},"72":{"start":{"line":171,"column":37},"end":{"line":171,"column":95}},"73":{"start":{"line":179,"column":34},"end":{"line":179,"column":50}},"74":{"start":{"line":203,"column":16},"end":{"line":221,"column":23}},"75":{"start":{"line":210,"column":24},"end":{"line":215,"column":26}},"76":{"start":{"line":228,"column":30},"end":{"line":228,"column":62}},"77":{"start":{"line":229,"column":30},"end":{"line":229,"column":52}},"78":{"start":{"line":231,"column":12},"end":{"line":284,"column":13}},"79":{"start":{"line":257,"column":35},"end":{"line":257,"column":59}},"80":{"start":{"line":270,"column":35},"end":{"line":270,"column":58}},"81":{"start":{"line":297,"column":74},"end":{"line":297,"column":112}},"82":{"start":{"line":315,"column":39},"end":{"line":315,"column":71}},"83":{"start":{"line":330,"column":28},"end":{"line":330,"column":38}},"84":{"start":{"line":331,"column":16},"end":{"line":331,"column":42}},"85":{"start":{"line":331,"column":31},"end":{"line":331,"column":42}},"86":{"start":{"line":332,"column":30},"end":{"line":332,"column":61}},"87":{"start":{"line":333,"column":33},"end":{"line":333,"column":51}},"88":{"start":{"line":334,"column":29},"end":{"line":334,"column":129}},"89":{"start":{"line":335,"column":16},"end":{"line":341,"column":17}},"90":{"start":{"line":368,"column":47},"end":{"line":368,"column":54}},"91":{"start":{"line":371,"column":39},"end":{"line":371,"column":65}},"92":{"start":{"line":372,"column":20},"end":{"line":398,"column":22}},"93":{"start":{"line":375,"column":39},"end":{"line":375,"column":65}},"94":{"start":{"line":444,"column":15},"end":{"line":814,"column":2}}},"fnMap":{"0":{"name":"BookingDetail","decl":{"start":{"line":31,"column":24},"end":{"line":31,"column":37}},"loc":{"start":{"line":31,"column":58},"end":{"line":442,"column":1}},"line":31},"1":{"name":"(anonymous_1)","decl":{"start":{"line":42,"column":13},"end":{"line":42,"column":14}},"loc":{"start":{"line":42,"column":19},"end":{"line":42,"column":49}},"line":42},"2":{"name":"(anonymous_2)","decl":{"start":{"line":46,"column":12},"end":{"line":46,"column":13}},"loc":{"start":{"line":46,"column":18},"end":{"line":51,"column":3}},"line":46},"3":{"name":"(anonymous_3)","decl":{"start":{"line":48,"column":42},"end":{"line":48,"column":43}},"loc":{"start":{"line":48,"column":54},"end":{"line":48,"column":65}},"line":48},"4":{"name":"(anonymous_4)","decl":{"start":{"line":56,"column":12},"end":{"line":56,"column":13}},"loc":{"start":{"line":56,"column":18},"end":{"line":58,"column":3}},"line":56},"5":{"name":"(anonymous_5)","decl":{"start":{"line":68,"column":30},"end":{"line":68,"column":31}},"loc":{"start":{"line":68,"column":36},"end":{"line":81,"column":3}},"line":68},"6":{"name":"(anonymous_6)","decl":{"start":{"line":71,"column":46},"end":{"line":71,"column":47}},"loc":{"start":{"line":71,"column":58},"end":{"line":71,"column":80}},"line":71},"7":{"name":"(anonymous_7)","decl":{"start":{"line":74,"column":26},"end":{"line":74,"column":27}},"loc":{"start":{"line":74,"column":41},"end":{"line":77,"column":5}},"line":74},"8":{"name":"(anonymous_8)","decl":{"start":{"line":84,"column":23},"end":{"line":84,"column":24}},"loc":{"start":{"line":84,"column":29},"end":{"line":87,"column":3}},"line":84},"9":{"name":"(anonymous_9)","decl":{"start":{"line":89,"column":29},"end":{"line":89,"column":30}},"loc":{"start":{"line":89,"column":35},"end":{"line":92,"column":3}},"line":89},"10":{"name":"(anonymous_10)","decl":{"start":{"line":94,"column":25},"end":{"line":94,"column":26}},"loc":{"start":{"line":94,"column":69},"end":{"line":103,"column":3}},"line":94},"11":{"name":"(anonymous_11)","decl":{"start":{"line":105,"column":24},"end":{"line":105,"column":25}},"loc":{"start":{"line":105,"column":36},"end":{"line":120,"column":3}},"line":105},"12":{"name":"(anonymous_12)","decl":{"start":{"line":122,"column":24},"end":{"line":122,"column":25}},"loc":{"start":{"line":122,"column":36},"end":{"line":127,"column":3}},"line":122},"13":{"name":"(anonymous_13)","decl":{"start":{"line":139,"column":63},"end":{"line":139,"column":64}},"loc":{"start":{"line":139,"column":69},"end":{"line":139,"column":82}},"line":139},"14":{"name":"(anonymous_14)","decl":{"start":{"line":148,"column":66},"end":{"line":148,"column":67}},"loc":{"start":{"line":148,"column":72},"end":{"line":148,"column":96}},"line":148},"15":{"name":"(anonymous_15)","decl":{"start":{"line":154,"column":40},"end":{"line":154,"column":41}},"loc":{"start":{"line":155,"column":16},"end":{"line":155,"column":249}},"line":155},"16":{"name":"(anonymous_16)","decl":{"start":{"line":169,"column":24},"end":{"line":169,"column":25}},"loc":{"start":{"line":169,"column":34},"end":{"line":172,"column":15}},"line":169},"17":{"name":"(anonymous_17)","decl":{"start":{"line":179,"column":24},"end":{"line":179,"column":25}},"loc":{"start":{"line":179,"column":34},"end":{"line":179,"column":50}},"line":179},"18":{"name":"(anonymous_18)","decl":{"start":{"line":202,"column":26},"end":{"line":202,"column":27}},"loc":{"start":{"line":203,"column":16},"end":{"line":221,"column":23}},"line":203},"19":{"name":"(anonymous_19)","decl":{"start":{"line":209,"column":43},"end":{"line":209,"column":44}},"loc":{"start":{"line":210,"column":24},"end":{"line":215,"column":26}},"line":210},"20":{"name":"(anonymous_20)","decl":{"start":{"line":227,"column":55},"end":{"line":227,"column":56}},"loc":{"start":{"line":227,"column":65},"end":{"line":285,"column":11}},"line":227},"21":{"name":"(anonymous_21)","decl":{"start":{"line":257,"column":29},"end":{"line":257,"column":30}},"loc":{"start":{"line":257,"column":35},"end":{"line":257,"column":59}},"line":257},"22":{"name":"(anonymous_22)","decl":{"start":{"line":270,"column":29},"end":{"line":270,"column":30}},"loc":{"start":{"line":270,"column":35},"end":{"line":270,"column":58}},"line":270},"23":{"name":"(anonymous_23)","decl":{"start":{"line":297,"column":68},"end":{"line":297,"column":69}},"loc":{"start":{"line":297,"column":74},"end":{"line":297,"column":112}},"line":297},"24":{"name":"(anonymous_24)","decl":{"start":{"line":315,"column":32},"end":{"line":315,"column":33}},"loc":{"start":{"line":315,"column":39},"end":{"line":315,"column":71}},"line":315},"25":{"name":"(anonymous_25)","decl":{"start":{"line":329,"column":59},"end":{"line":329,"column":60}},"loc":{"start":{"line":329,"column":69},"end":{"line":342,"column":15}},"line":329},"26":{"name":"(anonymous_26)","decl":{"start":{"line":368,"column":32},"end":{"line":368,"column":33}},"loc":{"start":{"line":368,"column":47},"end":{"line":368,"column":54}},"line":368},"27":{"name":"(anonymous_27)","decl":{"start":{"line":370,"column":30},"end":{"line":370,"column":31}},"loc":{"start":{"line":370,"column":59},"end":{"line":399,"column":19}},"line":370},"28":{"name":"(anonymous_28)","decl":{"start":{"line":375,"column":33},"end":{"line":375,"column":34}},"loc":{"start":{"line":375,"column":39},"end":{"line":375,"column":65}},"line":375}},"branchMap":{"0":{"loc":{"start":{"line":37,"column":66},"end":{"line":37,"column":111}},"type":"cond-expr","locations":[{"start":{"line":37,"column":91},"end":{"line":37,"column":101}},{"start":{"line":37,"column":104},"end":{"line":37,"column":111}}],"line":37},"1":{"loc":{"start":{"line":47,"column":4},"end":{"line":50,"column":5}},"type":"if","locations":[{"start":{"line":47,"column":4},"end":{"line":50,"column":5}},{"start":{},"end":{}}],"line":47},"2":{"loc":{"start":{"line":47,"column":8},"end":{"line":47,"column":62}},"type":"binary-expr","locations":[{"start":{"line":47,"column":8},"end":{"line":47,"column":18}},{"start":{"line":47,"column":22},"end":{"line":47,"column":43}},{"start":{"line":47,"column":47},"end":{"line":47,"column":62}}],"line":47},"3":{"loc":{"start":{"line":48,"column":26},"end":{"line":48,"column":83}},"type":"binary-expr","locations":[{"start":{"line":48,"column":26},"end":{"line":48,"column":66}},{"start":{"line":48,"column":70},"end":{"line":48,"column":83}}],"line":48},"4":{"loc":{"start":{"line":57,"column":4},"end":{"line":57,"column":57}},"type":"if","locations":[{"start":{"line":57,"column":4},"end":{"line":57,"column":57}},{"start":{},"end":{}}],"line":57},"5":{"loc":{"start":{"line":69,"column":4},"end":{"line":69,"column":42}},"type":"if","locations":[{"start":{"line":69,"column":4},"end":{"line":69,"column":42}},{"start":{},"end":{}}],"line":69},"6":{"loc":{"start":{"line":72,"column":4},"end":{"line":72,"column":55}},"type":"if","locations":[{"start":{"line":72,"column":4},"end":{"line":72,"column":55}},{"start":{},"end":{}}],"line":72},"7":{"loc":{"start":{"line":72,"column":8},"end":{"line":72,"column":40}},"type":"binary-expr","locations":[{"start":{"line":72,"column":8},"end":{"line":72,"column":18}},{"start":{"line":72,"column":22},"end":{"line":72,"column":40}}],"line":72},"8":{"loc":{"start":{"line":80,"column":11},"end":{"line":80,"column":104}},"type":"binary-expr","locations":[{"start":{"line":80,"column":11},"end":{"line":80,"column":55}},{"start":{"line":80,"column":59},"end":{"line":80,"column":104}}],"line":80},"9":{"loc":{"start":{"line":90,"column":4},"end":{"line":90,"column":46}},"type":"if","locations":[{"start":{"line":90,"column":4},"end":{"line":90,"column":46}},{"start":{},"end":{}}],"line":90},"10":{"loc":{"start":{"line":90,"column":8},"end":{"line":90,"column":36}},"type":"binary-expr","locations":[{"start":{"line":90,"column":8},"end":{"line":90,"column":14}},{"start":{"line":90,"column":18},"end":{"line":90,"column":36}}],"line":90},"11":{"loc":{"start":{"line":96,"column":4},"end":{"line":96,"column":28}},"type":"if","locations":[{"start":{"line":96,"column":4},"end":{"line":96,"column":28}},{"start":{},"end":{}}],"line":96},"12":{"loc":{"start":{"line":97,"column":18},"end":{"line":97,"column":50}},"type":"binary-expr","locations":[{"start":{"line":97,"column":18},"end":{"line":97,"column":45}},{"start":{"line":97,"column":49},"end":{"line":97,"column":50}}],"line":97},"13":{"loc":{"start":{"line":98,"column":4},"end":{"line":101,"column":5}},"type":"if","locations":[{"start":{"line":98,"column":4},"end":{"line":101,"column":5}},{"start":{},"end":{}}],"line":98},"14":{"loc":{"start":{"line":106,"column":4},"end":{"line":106,"column":45}},"type":"if","locations":[{"start":{"line":106,"column":4},"end":{"line":106,"column":45}},{"start":{},"end":{}}],"line":106},"15":{"loc":{"start":{"line":106,"column":8},"end":{"line":106,"column":37}},"type":"binary-expr","locations":[{"start":{"line":106,"column":8},"end":{"line":106,"column":17}},{"start":{"line":106,"column":21},"end":{"line":106,"column":37}}],"line":106},"16":{"loc":{"start":{"line":108,"column":4},"end":{"line":111,"column":5}},"type":"if","locations":[{"start":{"line":108,"column":4},"end":{"line":111,"column":5}},{"start":{},"end":{}}],"line":108},"17":{"loc":{"start":{"line":114,"column":18},"end":{"line":114,"column":63}},"type":"cond-expr","locations":[{"start":{"line":114,"column":43},"end":{"line":114,"column":53}},{"start":{"line":114,"column":56},"end":{"line":114,"column":63}}],"line":114},"18":{"loc":{"start":{"line":118,"column":21},"end":{"line":118,"column":66}},"type":"cond-expr","locations":[{"start":{"line":118,"column":41},"end":{"line":118,"column":54}},{"start":{"line":118,"column":57},"end":{"line":118,"column":66}}],"line":118},"19":{"loc":{"start":{"line":124,"column":4},"end":{"line":126,"column":5}},"type":"if","locations":[{"start":{"line":124,"column":4},"end":{"line":126,"column":5}},{"start":{},"end":{}}],"line":124},"20":{"loc":{"start":{"line":129,"column":2},"end":{"line":129,"column":109}},"type":"if","locations":[{"start":{"line":129,"column":2},"end":{"line":129,"column":109}},{"start":{},"end":{}}],"line":129},"21":{"loc":{"start":{"line":130,"column":2},"end":{"line":130,"column":120}},"type":"if","locations":[{"start":{"line":130,"column":2},"end":{"line":130,"column":120}},{"start":{},"end":{}}],"line":130},"22":{"loc":{"start":{"line":138,"column":32},"end":{"line":138,"column":146}},"type":"binary-expr","locations":[{"start":{"line":138,"column":32},"end":{"line":138,"column":47}},{"start":{"line":138,"column":51},"end":{"line":138,"column":146}}],"line":138},"23":{"loc":{"start":{"line":141,"column":44},"end":{"line":141,"column":71}},"type":"binary-expr","locations":[{"start":{"line":141,"column":44},"end":{"line":141,"column":55}},{"start":{"line":141,"column":59},"end":{"line":141,"column":71}}],"line":141},"24":{"loc":{"start":{"line":142,"column":131},"end":{"line":142,"column":166}},"type":"cond-expr","locations":[{"start":{"line":142,"column":145},"end":{"line":142,"column":155}},{"start":{"line":142,"column":158},"end":{"line":142,"column":166}}],"line":142},"25":{"loc":{"start":{"line":148,"column":118},"end":{"line":148,"column":173}},"type":"cond-expr","locations":[{"start":{"line":148,"column":130},"end":{"line":148,"column":150}},{"start":{"line":148,"column":153},"end":{"line":148,"column":173}}],"line":148},"26":{"loc":{"start":{"line":150,"column":28},"end":{"line":150,"column":69}},"type":"cond-expr","locations":[{"start":{"line":150,"column":40},"end":{"line":150,"column":52}},{"start":{"line":150,"column":55},"end":{"line":150,"column":69}}],"line":150},"27":{"loc":{"start":{"line":152,"column":11},"end":{"line":158,"column":11}},"type":"binary-expr","locations":[{"start":{"line":152,"column":11},"end":{"line":152,"column":20}},{"start":{"line":153,"column":12},"end":{"line":157,"column":19}}],"line":152},"28":{"loc":{"start":{"line":155,"column":139},"end":{"line":155,"column":173}},"type":"binary-expr","locations":[{"start":{"line":155,"column":139},"end":{"line":155,"column":152}},{"start":{"line":155,"column":156},"end":{"line":155,"column":173}}],"line":155},"29":{"loc":{"start":{"line":155,"column":177},"end":{"line":155,"column":234}},"type":"cond-expr","locations":[{"start":{"line":155,"column":193},"end":{"line":155,"column":201}},{"start":{"line":155,"column":204},"end":{"line":155,"column":234}}],"line":155},"30":{"loc":{"start":{"line":171,"column":16},"end":{"line":171,"column":95}},"type":"if","locations":[{"start":{"line":171,"column":16},"end":{"line":171,"column":95}},{"start":{},"end":{}}],"line":171},"31":{"loc":{"start":{"line":194,"column":13},"end":{"line":223,"column":13}},"type":"cond-expr","locations":[{"start":{"line":195,"column":14},"end":{"line":195,"column":51}},{"start":{"line":196,"column":16},"end":{"line":223,"column":13}}],"line":194},"32":{"loc":{"start":{"line":196,"column":16},"end":{"line":223,"column":13}},"type":"cond-expr","locations":[{"start":{"line":197,"column":14},"end":{"line":200,"column":21}},{"start":{"line":202,"column":14},"end":{"line":222,"column":16}}],"line":196},"33":{"loc":{"start":{"line":206,"column":23},"end":{"line":206,"column":61}},"type":"binary-expr","locations":[{"start":{"line":206,"column":23},"end":{"line":206,"column":51}},{"start":{"line":206,"column":55},"end":{"line":206,"column":61}}],"line":206},"34":{"loc":{"start":{"line":206,"column":64},"end":{"line":206,"column":97}},"type":"binary-expr","locations":[{"start":{"line":206,"column":64},"end":{"line":206,"column":91}},{"start":{"line":206,"column":95},"end":{"line":206,"column":97}}],"line":206},"35":{"loc":{"start":{"line":214,"column":33},"end":{"line":214,"column":72}},"type":"cond-expr","locations":[{"start":{"line":214,"column":51},"end":{"line":214,"column":60}},{"start":{"line":214,"column":63},"end":{"line":214,"column":72}}],"line":214},"36":{"loc":{"start":{"line":228,"column":30},"end":{"line":228,"column":62}},"type":"binary-expr","locations":[{"start":{"line":228,"column":30},"end":{"line":228,"column":57}},{"start":{"line":228,"column":61},"end":{"line":228,"column":62}}],"line":228},"37":{"loc":{"start":{"line":235,"column":21},"end":{"line":239,"column":46}},"type":"cond-expr","locations":[{"start":{"line":236,"column":24},"end":{"line":236,"column":42}},{"start":{"line":237,"column":24},"end":{"line":239,"column":46}}],"line":235},"38":{"loc":{"start":{"line":237,"column":24},"end":{"line":239,"column":46}},"type":"cond-expr","locations":[{"start":{"line":238,"column":26},"end":{"line":238,"column":43}},{"start":{"line":239,"column":26},"end":{"line":239,"column":46}}],"line":237},"39":{"loc":{"start":{"line":242,"column":53},"end":{"line":242,"column":84}},"type":"binary-expr","locations":[{"start":{"line":242,"column":53},"end":{"line":242,"column":79}},{"start":{"line":242,"column":83},"end":{"line":242,"column":84}}],"line":242},"40":{"loc":{"start":{"line":244,"column":56},"end":{"line":244,"column":94}},"type":"binary-expr","locations":[{"start":{"line":244,"column":56},"end":{"line":244,"column":71}},{"start":{"line":244,"column":75},"end":{"line":244,"column":94}}],"line":244},"41":{"loc":{"start":{"line":247,"column":57},"end":{"line":247,"column":94}},"type":"binary-expr","locations":[{"start":{"line":247,"column":57},"end":{"line":247,"column":72}},{"start":{"line":247,"column":76},"end":{"line":247,"column":94}}],"line":247},"42":{"loc":{"start":{"line":249,"column":25},"end":{"line":249,"column":73}},"type":"cond-expr","locations":[{"start":{"line":249,"column":41},"end":{"line":249,"column":60}},{"start":{"line":249,"column":63},"end":{"line":249,"column":73}}],"line":249},"43":{"loc":{"start":{"line":265,"column":29},"end":{"line":265,"column":67}},"type":"cond-expr","locations":[{"start":{"line":265,"column":46},"end":{"line":265,"column":55}},{"start":{"line":265,"column":58},"end":{"line":265,"column":67}}],"line":265},"44":{"loc":{"start":{"line":279,"column":29},"end":{"line":279,"column":66}},"type":"cond-expr","locations":[{"start":{"line":279,"column":45},"end":{"line":279,"column":54}},{"start":{"line":279,"column":57},"end":{"line":279,"column":66}}],"line":279},"45":{"loc":{"start":{"line":291,"column":17},"end":{"line":291,"column":45}},"type":"binary-expr","locations":[{"start":{"line":291,"column":17},"end":{"line":291,"column":30}},{"start":{"line":291,"column":34},"end":{"line":291,"column":45}}],"line":291},"46":{"loc":{"start":{"line":297,"column":134},"end":{"line":297,"column":204}},"type":"cond-expr","locations":[{"start":{"line":297,"column":153},"end":{"line":297,"column":177}},{"start":{"line":297,"column":180},"end":{"line":297,"column":204}}],"line":297},"47":{"loc":{"start":{"line":298,"column":28},"end":{"line":298,"column":84}},"type":"cond-expr","locations":[{"start":{"line":298,"column":47},"end":{"line":298,"column":65}},{"start":{"line":298,"column":68},"end":{"line":298,"column":84}}],"line":298},"48":{"loc":{"start":{"line":300,"column":15},"end":{"line":300,"column":97}},"type":"cond-expr","locations":[{"start":{"line":300,"column":34},"end":{"line":300,"column":69}},{"start":{"line":300,"column":72},"end":{"line":300,"column":97}}],"line":300},"49":{"loc":{"start":{"line":302,"column":28},"end":{"line":302,"column":76}},"type":"cond-expr","locations":[{"start":{"line":302,"column":47},"end":{"line":302,"column":59}},{"start":{"line":302,"column":62},"end":{"line":302,"column":76}}],"line":302},"50":{"loc":{"start":{"line":304,"column":11},"end":{"line":322,"column":11}},"type":"binary-expr","locations":[{"start":{"line":304,"column":11},"end":{"line":304,"column":27}},{"start":{"line":305,"column":12},"end":{"line":321,"column":19}}],"line":304},"51":{"loc":{"start":{"line":314,"column":25},"end":{"line":314,"column":71}},"type":"cond-expr","locations":[{"start":{"line":314,"column":45},"end":{"line":314,"column":66}},{"start":{"line":314,"column":69},"end":{"line":314,"column":71}}],"line":314},"52":{"loc":{"start":{"line":315,"column":56},"end":{"line":315,"column":70}},"type":"binary-expr","locations":[{"start":{"line":315,"column":56},"end":{"line":315,"column":65}},{"start":{"line":315,"column":69},"end":{"line":315,"column":70}}],"line":315},"53":{"loc":{"start":{"line":325,"column":11},"end":{"line":349,"column":11}},"type":"binary-expr","locations":[{"start":{"line":325,"column":11},"end":{"line":325,"column":25}},{"start":{"line":326,"column":12},"end":{"line":348,"column":19}}],"line":325},"54":{"loc":{"start":{"line":331,"column":16},"end":{"line":331,"column":42}},"type":"if","locations":[{"start":{"line":331,"column":16},"end":{"line":331,"column":42}},{"start":{},"end":{}}],"line":331},"55":{"loc":{"start":{"line":332,"column":30},"end":{"line":332,"column":61}},"type":"binary-expr","locations":[{"start":{"line":332,"column":30},"end":{"line":332,"column":56}},{"start":{"line":332,"column":60},"end":{"line":332,"column":61}}],"line":332},"56":{"loc":{"start":{"line":334,"column":29},"end":{"line":334,"column":129}},"type":"cond-expr","locations":[{"start":{"line":334,"column":48},"end":{"line":334,"column":66}},{"start":{"line":334,"column":69},"end":{"line":334,"column":129}}],"line":334},"57":{"loc":{"start":{"line":334,"column":69},"end":{"line":334,"column":129}},"type":"cond-expr","locations":[{"start":{"line":334,"column":89},"end":{"line":334,"column":106}},{"start":{"line":334,"column":109},"end":{"line":334,"column":129}}],"line":334},"58":{"loc":{"start":{"line":338,"column":78},"end":{"line":338,"column":103}},"type":"cond-expr","locations":[{"start":{"line":338,"column":89},"end":{"line":338,"column":95}},{"start":{"line":338,"column":98},"end":{"line":338,"column":103}}],"line":338},"59":{"loc":{"start":{"line":345,"column":72},"end":{"line":345,"column":97}},"type":"cond-expr","locations":[{"start":{"line":345,"column":83},"end":{"line":345,"column":89}},{"start":{"line":345,"column":92},"end":{"line":345,"column":97}}],"line":345},"60":{"loc":{"start":{"line":354,"column":13},"end":{"line":412,"column":13}},"type":"cond-expr","locations":[{"start":{"line":355,"column":14},"end":{"line":361,"column":21}},{"start":{"line":362,"column":16},"end":{"line":412,"column":13}}],"line":354},"61":{"loc":{"start":{"line":362,"column":16},"end":{"line":412,"column":13}},"type":"cond-expr","locations":[{"start":{"line":363,"column":14},"end":{"line":363,"column":82}},{"start":{"line":364,"column":16},"end":{"line":412,"column":13}}],"line":362},"62":{"loc":{"start":{"line":364,"column":16},"end":{"line":412,"column":13}},"type":"cond-expr","locations":[{"start":{"line":365,"column":14},"end":{"line":405,"column":17}},{"start":{"line":407,"column":14},"end":{"line":411,"column":33}}],"line":364},"63":{"loc":{"start":{"line":364,"column":16},"end":{"line":364,"column":51}},"type":"binary-expr","locations":[{"start":{"line":364,"column":16},"end":{"line":364,"column":26}},{"start":{"line":364,"column":30},"end":{"line":364,"column":51}}],"line":364},"64":{"loc":{"start":{"line":374,"column":51},"end":{"line":374,"column":90}},"type":"binary-expr","locations":[{"start":{"line":374,"column":51},"end":{"line":374,"column":61}},{"start":{"line":374,"column":65},"end":{"line":374,"column":90}}],"line":374},"65":{"loc":{"start":{"line":381,"column":34},"end":{"line":381,"column":81}},"type":"cond-expr","locations":[{"start":{"line":381,"column":58},"end":{"line":381,"column":64}},{"start":{"line":381,"column":67},"end":{"line":381,"column":81}}],"line":381},"66":{"loc":{"start":{"line":383,"column":35},"end":{"line":383,"column":69}},"type":"cond-expr","locations":[{"start":{"line":383,"column":48},"end":{"line":383,"column":57}},{"start":{"line":383,"column":60},"end":{"line":383,"column":69}}],"line":383},"67":{"loc":{"start":{"line":386,"column":67},"end":{"line":386,"column":101}},"type":"binary-expr","locations":[{"start":{"line":386,"column":67},"end":{"line":386,"column":77}},{"start":{"line":386,"column":81},"end":{"line":386,"column":101}}],"line":386},"68":{"loc":{"start":{"line":393,"column":32},"end":{"line":393,"column":83}},"type":"cond-expr","locations":[{"start":{"line":393,"column":45},"end":{"line":393,"column":62}},{"start":{"line":393,"column":65},"end":{"line":393,"column":83}}],"line":393},"69":{"loc":{"start":{"line":395,"column":33},"end":{"line":395,"column":67}},"type":"cond-expr","locations":[{"start":{"line":395,"column":46},"end":{"line":395,"column":55}},{"start":{"line":395,"column":58},"end":{"line":395,"column":67}}],"line":395},"70":{"loc":{"start":{"line":422,"column":44},"end":{"line":422,"column":97}},"type":"binary-expr","locations":[{"start":{"line":422,"column":45},"end":{"line":422,"column":61}},{"start":{"line":422,"column":65},"end":{"line":422,"column":74}},{"start":{"line":422,"column":79},"end":{"line":422,"column":97}}],"line":422},"71":{"loc":{"start":{"line":423,"column":24},"end":{"line":423,"column":53}},"type":"binary-expr","locations":[{"start":{"line":423,"column":24},"end":{"line":423,"column":40}},{"start":{"line":423,"column":44},"end":{"line":423,"column":53}}],"line":423},"72":{"loc":{"start":{"line":428,"column":15},"end":{"line":435,"column":15}},"type":"cond-expr","locations":[{"start":{"line":429,"column":16},"end":{"line":429,"column":51}},{"start":{"line":431,"column":16},"end":{"line":434,"column":19}}],"line":428}},"s":{"0":0,"1":0,"2":0,"3":0,"4":0,"5":0,"6":0,"7":0,"8":0,"9":0,"10":0,"11":0,"12":0,"13":0,"14":0,"15":0,"16":0,"17":0,"18":0,"19":0,"20":0,"21":0,"22":0,"23":0,"24":0,"25":0,"26":0,"27":0,"28":0,"29":0,"30":0,"31":0,"32":0,"33":0,"34":0,"35":0,"36":0,"37":0,"38":0,"39":0,"40":0,"41":0,"42":0,"43":0,"44":0,"45":0,"46":0,"47":0,"48":0,"49":0,"50":0,"51":0,"52":0,"53":0,"54":0,"55":0,"56":0,"57":0,"58":0,"59":0,"60":0,"61":0,"62":0,"63":0,"64":0,"65":0,"66":0,"67":0,"68":0,"69":0,"70":0,"71":0,"72":0,"73":0,"74":0,"75":0,"76":0,"77":0,"78":0,"79":0,"80":0,"81":0,"82":0,"83":0,"84":0,"85":0,"86":0,"87":0,"88":0,"89":0,"90":0,"91":0,"92":0,"93":0,"94":0},"f":{"0":0,"1":0,"2":0,"3":0,"4":0,"5":0,"6":0,"7":0,"8":0,"9":0,"10":0,"11":0,"12":0,"13":0,"14":0,"15":0,"16":0,"17":0,"18":0,"19":0,"20":0,"21":0,"22":0,"23":0,"24":0,"25":0,"26":0,"27":0,"28":0},"b":{"0":[0,0],"1":[0,0],"2":[0,0,0],"3":[0,0],"4":[0,0],"5":[0,0],"6":[0,0],"7":[0,0],"8":[0,0],"9":[0,0],"10":[0,0],"11":[0,0],"12":[0,0],"13":[0,0],"14":[0,0],"15":[0,0],"16":[0,0],"17":[0,0],"18":[0,0],"19":[0,0],"20":[0,0],"21":[0,0],"22":[0,0],"23":[0,0],"24":[0,0],"25":[0,0],"26":[0,0],"27":[0,0],"28":[0,0],"29":[0,0],"30":[0,0],"31":[0,0],"32":[0,0],"33":[0,0],"34":[0,0],"35":[0,0],"36":[0,0],"37":[0,0],"38":[0,0],"39":[0,0],"40":[0,0],"41":[0,0],"42":[0,0],"43":[0,0],"44":[0,0],"45":[0,0],"46":[0,0],"47":[0,0],"48":[0,0],"49":[0,0],"50":[0,0],"51":[0,0],"52":[0,0],"53":[0,0],"54":[0,0],"55":[0,0],"56":[0,0],"57":[0,0],"58":[0,0],"59":[0,0],"60":[0,0],"61":[0,0],"62":[0,0],"63":[0,0],"64":[0,0],"65":[0,0],"66":[0,0],"67":[0,0],"68":[0,0],"69":[0,0],"70":[0,0,0],"71":[0,0],"72":[0,0]}}
,"/Users/felipejeldesramirez/Desktop/Suitcase/luggage-app/src/components/booking/BookingSummary.tsx": {"path":"/Users/felipejeldesramirez/Desktop/Suitcase/luggage-app/src/components/booking/BookingSummary.tsx","statementMap":{"0":{"start":{"line":23,"column":30},"end":{"line":102,"column":1}},"1":{"start":{"line":35,"column":24},"end":{"line":35,"column":75}},"2":{"start":{"line":35,"column":67},"end":{"line":35,"column":74}},"3":{"start":{"line":36,"column":22},"end":{"line":40,"column":6}},"4":{"start":{"line":41,"column":4},"end":{"line":101,"column":6}},"5":{"start":{"line":46,"column":30},"end":{"line":46,"column":80}},"6":{"start":{"line":48,"column":33},"end":{"line":48,"column":51}},"7":{"start":{"line":50,"column":16},"end":{"line":57,"column":18}},"8":{"start":{"line":104,"column":15},"end":{"line":122,"column":2}}},"fnMap":{"0":{"name":"(anonymous_0)","decl":{"start":{"line":23,"column":30},"end":{"line":23,"column":31}},"loc":{"start":{"line":34,"column":27},"end":{"line":102,"column":1}},"line":34},"1":{"name":"(anonymous_1)","decl":{"start":{"line":35,"column":53},"end":{"line":35,"column":54}},"loc":{"start":{"line":35,"column":67},"end":{"line":35,"column":74}},"line":35},"2":{"name":"(anonymous_2)","decl":{"start":{"line":45,"column":29},"end":{"line":45,"column":30}},"loc":{"start":{"line":45,"column":46},"end":{"line":58,"column":13}},"line":45}},"branchMap":{"0":{"loc":{"start":{"line":39,"column":31},"end":{"line":39,"column":57}},"type":"cond-expr","locations":[{"start":{"line":39,"column":52},"end":{"line":39,"column":53}},{"start":{"line":39,"column":56},"end":{"line":39,"column":57}}],"line":39},"1":{"loc":{"start":{"line":46,"column":30},"end":{"line":46,"column":80}},"type":"binary-expr","locations":[{"start":{"line":46,"column":30},"end":{"line":46,"column":75}},{"start":{"line":46,"column":79},"end":{"line":46,"column":80}}],"line":46},"2":{"loc":{"start":{"line":53,"column":91},"end":{"line":53,"column":116}},"type":"cond-expr","locations":[{"start":{"line":53,"column":102},"end":{"line":53,"column":108}},{"start":{"line":53,"column":111},"end":{"line":53,"column":116}}],"line":53},"3":{"loc":{"start":{"line":61,"column":13},"end":{"line":69,"column":13}},"type":"binary-expr","locations":[{"start":{"line":61,"column":13},"end":{"line":61,"column":20}},{"start":{"line":62,"column":16},"end":{"line":68,"column":23}}],"line":61},"4":{"loc":{"start":{"line":76,"column":59},"end":{"line":76,"column":108}},"type":"cond-expr","locations":[{"start":{"line":76,"column":70},"end":{"line":76,"column":88}},{"start":{"line":76,"column":91},"end":{"line":76,"column":108}}],"line":76},"5":{"loc":{"start":{"line":81,"column":13},"end":{"line":85,"column":13}},"type":"binary-expr","locations":[{"start":{"line":81,"column":13},"end":{"line":81,"column":26}},{"start":{"line":82,"column":16},"end":{"line":84,"column":35}}],"line":81},"6":{"loc":{"start":{"line":87,"column":13},"end":{"line":99,"column":13}},"type":"binary-expr","locations":[{"start":{"line":87,"column":13},"end":{"line":87,"column":21}},{"start":{"line":87,"column":26},"end":{"line":87,"column":48}},{"start":{"line":87,"column":52},"end":{"line":87,"column":72}},{"start":{"line":88,"column":16},"end":{"line":98,"column":35}}],"line":87},"7":{"loc":{"start":{"line":93,"column":21},"end":{"line":97,"column":21}},"type":"cond-expr","locations":[{"start":{"line":94,"column":24},"end":{"line":94,"column":61}},{"start":{"line":96,"column":24},"end":{"line":96,"column":83}}],"line":93}},"s":{"0":0,"1":0,"2":0,"3":0,"4":0,"5":0,"6":0,"7":0,"8":0},"f":{"0":0,"1":0,"2":0},"b":{"0":[0,0],"1":[0,0],"2":[0,0],"3":[0,0],"4":[0,0],"5":[0,0],"6":[0,0,0,0],"7":[0,0]}}
,"/Users/felipejeldesramirez/Desktop/Suitcase/luggage-app/src/components/booking/LuggageItem.tsx": {"path":"/Users/felipejeldesramirez/Desktop/Suitcase/luggage-app/src/components/booking/LuggageItem.tsx","statementMap":{"0":{"start":{"line":12,"column":27},"end":{"line":40,"column":1}},"1":{"start":{"line":13,"column":2},"end":{"line":13,"column":34}},"2":{"start":{"line":13,"column":22},"end":{"line":13,"column":34}},"3":{"start":{"line":15,"column":17},"end":{"line":19,"column":3}},"4":{"start":{"line":21,"column":2},"end":{"line":39,"column":4}},"5":{"start":{"line":42,"column":15},"end":{"line":84,"column":2}}},"fnMap":{"0":{"name":"(anonymous_0)","decl":{"start":{"line":12,"column":27},"end":{"line":12,"column":28}},"loc":{"start":{"line":12,"column":88},"end":{"line":40,"column":1}},"line":12}},"branchMap":{"0":{"loc":{"start":{"line":13,"column":2},"end":{"line":13,"column":34}},"type":"if","locations":[{"start":{"line":13,"column":2},"end":{"line":13,"column":34}},{"start":{},"end":{}}],"line":13},"1":{"loc":{"start":{"line":25,"column":16},"end":{"line":25,"column":65}},"type":"cond-expr","locations":[{"start":{"line":25,"column":35},"end":{"line":25,"column":48}},{"start":{"line":25,"column":51},"end":{"line":25,"column":65}}],"line":25},"2":{"loc":{"start":{"line":36,"column":67},"end":{"line":36,"column":76}},"type":"binary-expr","locations":[{"start":{"line":36,"column":67},"end":{"line":36,"column":71}},{"start":{"line":36,"column":75},"end":{"line":36,"column":76}}],"line":36},"3":{"loc":{"start":{"line":36,"column":80},"end":{"line":36,"column":112}},"type":"cond-expr","locations":[{"start":{"line":36,"column":87},"end":{"line":36,"column":103}},{"start":{"line":36,"column":106},"end":{"line":36,"column":112}}],"line":36}},"s":{"0":0,"1":0,"2":0,"3":0,"4":0,"5":0},"f":{"0":0},"b":{"0":[0,0],"1":[0,0],"2":[0,0],"3":[0,0]}}
,"/Users/felipejeldesramirez/Desktop/Suitcase/luggage-app/src/components/booking/MainBookingCard.tsx": {"path":"/Users/felipejeldesramirez/Desktop/Suitcase/luggage-app/src/components/booking/MainBookingCard.tsx","statementMap":{"0":{"start":{"line":14,"column":31},"end":{"line":108,"column":1}},"1":{"start":{"line":15,"column":17},"end":{"line":15,"column":28}},"2":{"start":{"line":16,"column":28},"end":{"line":16,"column":79}},"3":{"start":{"line":16,"column":55},"end":{"line":16,"column":78}},"4":{"start":{"line":18,"column":20},"end":{"line":21,"column":4}},"5":{"start":{"line":22,"column":18},"end":{"line":25,"column":4}},"6":{"start":{"line":27,"column":23},"end":{"line":30,"column":3}},"7":{"start":{"line":28,"column":4},"end":{"line":28,"column":30}},"8":{"start":{"line":29,"column":4},"end":{"line":29,"column":45}},"9":{"start":{"line":32,"column":27},"end":{"line":36,"column":3}},"10":{"start":{"line":33,"column":4},"end":{"line":33,"column":30}},"11":{"start":{"line":35,"column":4},"end":{"line":35,"column":57}},"12":{"start":{"line":37,"column":2},"end":{"line":37,"column":22}},"13":{"start":{"line":38,"column":2},"end":{"line":107,"column":3}},"14":{"start":{"line":110,"column":15},"end":{"line":172,"column":2}}},"fnMap":{"0":{"name":"(anonymous_0)","decl":{"start":{"line":14,"column":31},"end":{"line":14,"column":32}},"loc":{"start":{"line":14,"column":70},"end":{"line":108,"column":1}},"line":14},"1":{"name":"(anonymous_1)","decl":{"start":{"line":16,"column":44},"end":{"line":16,"column":45}},"loc":{"start":{"line":16,"column":55},"end":{"line":16,"column":78}},"line":16},"2":{"name":"(anonymous_2)","decl":{"start":{"line":27,"column":23},"end":{"line":27,"column":24}},"loc":{"start":{"line":27,"column":29},"end":{"line":30,"column":3}},"line":27},"3":{"name":"(anonymous_3)","decl":{"start":{"line":32,"column":27},"end":{"line":32,"column":28}},"loc":{"start":{"line":32,"column":33},"end":{"line":36,"column":3}},"line":32}},"branchMap":{"0":{"loc":{"start":{"line":41,"column":23},"end":{"line":41,"column":86}},"type":"binary-expr","locations":[{"start":{"line":41,"column":23},"end":{"line":41,"column":49}},{"start":{"line":41,"column":53},"end":{"line":41,"column":86}}],"line":41},"1":{"loc":{"start":{"line":49,"column":14},"end":{"line":49,"column":76}},"type":"binary-expr","locations":[{"start":{"line":49,"column":14},"end":{"line":49,"column":42}},{"start":{"line":49,"column":46},"end":{"line":49,"column":76}}],"line":49},"2":{"loc":{"start":{"line":53,"column":20},"end":{"line":53,"column":75}},"type":"cond-expr","locations":[{"start":{"line":53,"column":53},"end":{"line":53,"column":66}},{"start":{"line":53,"column":69},"end":{"line":53,"column":75}}],"line":53},"3":{"loc":{"start":{"line":76,"column":11},"end":{"line":80,"column":11}},"type":"binary-expr","locations":[{"start":{"line":76,"column":11},"end":{"line":76,"column":35}},{"start":{"line":77,"column":12},"end":{"line":79,"column":19}}],"line":76},"4":{"loc":{"start":{"line":81,"column":11},"end":{"line":85,"column":11}},"type":"binary-expr","locations":[{"start":{"line":81,"column":11},"end":{"line":81,"column":36}},{"start":{"line":82,"column":12},"end":{"line":84,"column":19}}],"line":81},"5":{"loc":{"start":{"line":86,"column":11},"end":{"line":90,"column":11}},"type":"binary-expr","locations":[{"start":{"line":86,"column":11},"end":{"line":86,"column":35}},{"start":{"line":87,"column":12},"end":{"line":89,"column":19}}],"line":86}},"s":{"0":0,"1":0,"2":0,"3":0,"4":0,"5":0,"6":0,"7":0,"8":0,"9":0,"10":0,"11":0,"12":0,"13":0,"14":0},"f":{"0":0,"1":0,"2":0,"3":0},"b":{"0":[0,0],"1":[0,0],"2":[0,0],"3":[0,0],"4":[0,0],"5":[0,0]}}
,"/Users/felipejeldesramirez/Desktop/Suitcase/luggage-app/src/components/booking/MiniBookingCard.tsx": {"path":"/Users/felipejeldesramirez/Desktop/Suitcase/luggage-app/src/components/booking/MiniBookingCard.tsx","statementMap":{"0":{"start":{"line":8,"column":31},"end":{"line":68,"column":1}},"1":{"start":{"line":15,"column":18},"end":{"line":20,"column":4}},"2":{"start":{"line":21,"column":17},"end":{"line":21,"column":28}},"3":{"start":{"line":22,"column":21},"end":{"line":22,"column":109}},"4":{"start":{"line":24,"column":2},"end":{"line":67,"column":4}},"5":{"start":{"line":48,"column":69},"end":{"line":48,"column":127}},"6":{"start":{"line":70,"column":15},"end":{"line":108,"column":2}}},"fnMap":{"0":{"name":"(anonymous_0)","decl":{"start":{"line":8,"column":31},"end":{"line":8,"column":32}},"loc":{"start":{"line":14,"column":6},"end":{"line":68,"column":1}},"line":14},"1":{"name":"(anonymous_1)","decl":{"start":{"line":48,"column":63},"end":{"line":48,"column":64}},"loc":{"start":{"line":48,"column":69},"end":{"line":48,"column":127}},"line":48}},"branchMap":{"0":{"loc":{"start":{"line":22,"column":22},"end":{"line":22,"column":47}},"type":"binary-expr","locations":[{"start":{"line":22,"column":22},"end":{"line":22,"column":42}},{"start":{"line":22,"column":46},"end":{"line":22,"column":47}}],"line":22},"1":{"loc":{"start":{"line":22,"column":52},"end":{"line":22,"column":78}},"type":"binary-expr","locations":[{"start":{"line":22,"column":52},"end":{"line":22,"column":73}},{"start":{"line":22,"column":77},"end":{"line":22,"column":78}}],"line":22},"2":{"loc":{"start":{"line":22,"column":83},"end":{"line":22,"column":108}},"type":"binary-expr","locations":[{"start":{"line":22,"column":83},"end":{"line":22,"column":103}},{"start":{"line":22,"column":107},"end":{"line":22,"column":108}}],"line":22},"3":{"loc":{"start":{"line":29,"column":10},"end":{"line":29,"column":74}},"type":"binary-expr","locations":[{"start":{"line":29,"column":10},"end":{"line":29,"column":40}},{"start":{"line":29,"column":44},"end":{"line":29,"column":74}}],"line":29},"4":{"loc":{"start":{"line":33,"column":12},"end":{"line":33,"column":66}},"type":"binary-expr","locations":[{"start":{"line":33,"column":12},"end":{"line":33,"column":42}},{"start":{"line":33,"column":46},"end":{"line":33,"column":66}}],"line":33},"5":{"loc":{"start":{"line":54,"column":7},"end":{"line":65,"column":7}},"type":"binary-expr","locations":[{"start":{"line":54,"column":7},"end":{"line":54,"column":37}},{"start":{"line":54,"column":41},"end":{"line":54,"column":56}},{"start":{"line":54,"column":60},"end":{"line":54,"column":68}},{"start":{"line":55,"column":8},"end":{"line":64,"column":27}}],"line":54},"6":{"loc":{"start":{"line":60,"column":64},"end":{"line":60,"column":102}},"type":"binary-expr","locations":[{"start":{"line":60,"column":64},"end":{"line":60,"column":86}},{"start":{"line":60,"column":90},"end":{"line":60,"column":102}}],"line":60}},"s":{"0":0,"1":0,"2":0,"3":0,"4":0,"5":0,"6":0},"f":{"0":0,"1":0},"b":{"0":[0,0],"1":[0,0],"2":[0,0],"3":[0,0],"4":[0,0],"5":[0,0,0,0],"6":[0,0]}}
,"/Users/felipejeldesramirez/Desktop/Suitcase/luggage-app/src/components/booking/ReviewModal.tsx": {"path":"/Users/felipejeldesramirez/Desktop/Suitcase/luggage-app/src/components/booking/ReviewModal.tsx","statementMap":{"0":{"start":{"line":24,"column":27},"end":{"line":119,"column":1}},"1":{"start":{"line":25,"column":30},"end":{"line":25,"column":41}},"2":{"start":{"line":26,"column":32},"end":{"line":26,"column":44}},"3":{"start":{"line":27,"column":44},"end":{"line":27,"column":56}},"4":{"start":{"line":29,"column":23},"end":{"line":42,"column":3}},"5":{"start":{"line":30,"column":4},"end":{"line":41,"column":7}},"6":{"start":{"line":36,"column":8},"end":{"line":36,"column":18}},"7":{"start":{"line":37,"column":8},"end":{"line":37,"column":23}},"8":{"start":{"line":38,"column":8},"end":{"line":38,"column":21}},"9":{"start":{"line":39,"column":8},"end":{"line":39,"column":22}},"10":{"start":{"line":44,"column":2},"end":{"line":118,"column":4}},"11":{"start":{"line":72,"column":16},"end":{"line":84,"column":35}},"12":{"start":{"line":74,"column":33},"end":{"line":74,"column":48}},"13":{"start":{"line":121,"column":15},"end":{"line":196,"column":2}}},"fnMap":{"0":{"name":"(anonymous_0)","decl":{"start":{"line":24,"column":27},"end":{"line":24,"column":28}},"loc":{"start":{"line":24,"column":93},"end":{"line":119,"column":1}},"line":24},"1":{"name":"(anonymous_1)","decl":{"start":{"line":29,"column":23},"end":{"line":29,"column":24}},"loc":{"start":{"line":29,"column":29},"end":{"line":42,"column":3}},"line":29},"2":{"name":"(anonymous_2)","decl":{"start":{"line":35,"column":17},"end":{"line":35,"column":18}},"loc":{"start":{"line":35,"column":23},"end":{"line":40,"column":7}},"line":35},"3":{"name":"(anonymous_3)","decl":{"start":{"line":71,"column":35},"end":{"line":71,"column":36}},"loc":{"start":{"line":72,"column":16},"end":{"line":84,"column":35}},"line":72},"4":{"name":"(anonymous_4)","decl":{"start":{"line":74,"column":27},"end":{"line":74,"column":28}},"loc":{"start":{"line":74,"column":33},"end":{"line":74,"column":48}},"line":74}},"branchMap":{"0":{"loc":{"start":{"line":53,"column":20},"end":{"line":53,"column":64}},"type":"cond-expr","locations":[{"start":{"line":53,"column":44},"end":{"line":53,"column":53}},{"start":{"line":53,"column":56},"end":{"line":53,"column":64}}],"line":53},"1":{"loc":{"start":{"line":79,"column":26},"end":{"line":79,"column":66}},"type":"cond-expr","locations":[{"start":{"line":79,"column":43},"end":{"line":79,"column":49}},{"start":{"line":79,"column":52},"end":{"line":79,"column":66}}],"line":79},"2":{"loc":{"start":{"line":81,"column":27},"end":{"line":81,"column":65}},"type":"cond-expr","locations":[{"start":{"line":81,"column":44},"end":{"line":81,"column":53}},{"start":{"line":81,"column":56},"end":{"line":81,"column":65}}],"line":81},"3":{"loc":{"start":{"line":102,"column":40},"end":{"line":102,"column":77}},"type":"binary-expr","locations":[{"start":{"line":102,"column":40},"end":{"line":102,"column":55}},{"start":{"line":102,"column":59},"end":{"line":102,"column":77}}],"line":102},"4":{"loc":{"start":{"line":108,"column":15},"end":{"line":112,"column":15}},"type":"cond-expr","locations":[{"start":{"line":109,"column":16},"end":{"line":109,"column":51}},{"start":{"line":111,"column":16},"end":{"line":111,"column":71}}],"line":108}},"s":{"0":0,"1":0,"2":0,"3":0,"4":0,"5":0,"6":0,"7":0,"8":0,"9":0,"10":0,"11":0,"12":0,"13":0},"f":{"0":0,"1":0,"2":0,"3":0,"4":0},"b":{"0":[0,0],"1":[0,0],"2":[0,0],"3":[0,0],"4":[0,0]}}
,"/Users/felipejeldesramirez/Desktop/Suitcase/luggage-app/src/components/booking/ticket/InfoBadge.tsx": {"path":"/Users/felipejeldesramirez/Desktop/Suitcase/luggage-app/src/components/booking/ticket/InfoBadge.tsx","statementMap":{"0":{"start":{"line":9,"column":25},"end":{"line":18,"column":1}},"1":{"start":{"line":10,"column":2},"end":{"line":17,"column":4}},"2":{"start":{"line":20,"column":15},"end":{"line":42,"column":2}}},"fnMap":{"0":{"name":"(anonymous_0)","decl":{"start":{"line":9,"column":25},"end":{"line":9,"column":26}},"loc":{"start":{"line":9,"column":63},"end":{"line":18,"column":1}},"line":9}},"branchMap":{},"s":{"0":0,"1":0,"2":0},"f":{"0":0},"b":{}}
,"/Users/felipejeldesramirez/Desktop/Suitcase/luggage-app/src/components/booking/ticket/ItemSummary.tsx": {"path":"/Users/felipejeldesramirez/Desktop/Suitcase/luggage-app/src/components/booking/ticket/ItemSummary.tsx","statementMap":{"0":{"start":{"line":10,"column":27},"end":{"line":42,"column":1}},"1":{"start":{"line":12,"column":20},"end":{"line":16,"column":3}},"2":{"start":{"line":18,"column":2},"end":{"line":41,"column":4}},"3":{"start":{"line":23,"column":25},"end":{"line":23,"column":60}},"4":{"start":{"line":26,"column":8},"end":{"line":26,"column":39}},"5":{"start":{"line":26,"column":27},"end":{"line":26,"column":39}},"6":{"start":{"line":28,"column":8},"end":{"line":38,"column":10}},"7":{"start":{"line":44,"column":15},"end":{"line":79,"column":2}}},"fnMap":{"0":{"name":"(anonymous_0)","decl":{"start":{"line":10,"column":27},"end":{"line":10,"column":28}},"loc":{"start":{"line":10,"column":60},"end":{"line":42,"column":1}},"line":10},"1":{"name":"(anonymous_1)","decl":{"start":{"line":22,"column":21},"end":{"line":22,"column":22}},"loc":{"start":{"line":22,"column":31},"end":{"line":39,"column":7}},"line":22}},"branchMap":{"0":{"loc":{"start":{"line":26,"column":8},"end":{"line":26,"column":39}},"type":"if","locations":[{"start":{"line":26,"column":8},"end":{"line":26,"column":39}},{"start":{},"end":{}}],"line":26}},"s":{"0":0,"1":0,"2":0,"3":0,"4":0,"5":0,"6":0,"7":0},"f":{"0":0,"1":0},"b":{"0":[0,0]}}
,"/Users/felipejeldesramirez/Desktop/Suitcase/luggage-app/src/components/booking/ticket/TicketCard.tsx": {"path":"/Users/felipejeldesramirez/Desktop/Suitcase/luggage-app/src/components/booking/ticket/TicketCard.tsx","statementMap":{"0":{"start":{"line":4,"column":26},"end":{"line":26,"column":1}},"1":{"start":{"line":5,"column":2},"end":{"line":25,"column":4}},"2":{"start":{"line":28,"column":15},"end":{"line":57,"column":2}}},"fnMap":{"0":{"name":"(anonymous_0)","decl":{"start":{"line":4,"column":26},"end":{"line":4,"column":27}},"loc":{"start":{"line":4,"column":94},"end":{"line":26,"column":1}},"line":4}},"branchMap":{},"s":{"0":0,"1":0,"2":0},"f":{"0":0},"b":{}}
,"/Users/felipejeldesramirez/Desktop/Suitcase/luggage-app/src/components/booking/ticket/TicketInfoSection.tsx": {"path":"/Users/felipejeldesramirez/Desktop/Suitcase/luggage-app/src/components/booking/ticket/TicketInfoSection.tsx","statementMap":{"0":{"start":{"line":5,"column":33},"end":{"line":24,"column":1}},"1":{"start":{"line":6,"column":2},"end":{"line":23,"column":9}},"2":{"start":{"line":26,"column":15},"end":{"line":49,"column":2}}},"fnMap":{"0":{"name":"(anonymous_0)","decl":{"start":{"line":5,"column":33},"end":{"line":5,"column":34}},"loc":{"start":{"line":6,"column":2},"end":{"line":23,"column":9}},"line":6}},"branchMap":{},"s":{"0":0,"1":0,"2":0},"f":{"0":0},"b":{}}
,"/Users/felipejeldesramirez/Desktop/Suitcase/luggage-app/src/components/client/booking.tsx": {"path":"/Users/felipejeldesramirez/Desktop/Suitcase/luggage-app/src/components/client/booking.tsx","statementMap":{"0":{"start":{"line":22,"column":36},"end":{"line":22,"column":73}},"1":{"start":{"line":23,"column":66},"end":{"line":23,"column":100}},"2":{"start":{"line":24,"column":49},"end":{"line":24,"column":67}},"3":{"start":{"line":27,"column":2},"end":{"line":37,"column":18}},"4":{"start":{"line":28,"column":4},"end":{"line":28,"column":37}},"5":{"start":{"line":28,"column":30},"end":{"line":28,"column":37}},"6":{"start":{"line":29,"column":4},"end":{"line":36,"column":7}},"7":{"start":{"line":30,"column":6},"end":{"line":30,"column":34}},"8":{"start":{"line":30,"column":27},"end":{"line":30,"column":34}},"9":{"start":{"line":31,"column":6},"end":{"line":35,"column":25}},"10":{"start":{"line":32,"column":8},"end":{"line":34,"column":9}},"11":{"start":{"line":33,"column":10},"end":{"line":33,"column":55}},"12":{"start":{"line":39,"column":28},"end":{"line":42,"column":3}},"13":{"start":{"line":40,"column":4},"end":{"line":40,"column":38}},"14":{"start":{"line":41,"column":4},"end":{"line":41,"column":48}},"15":{"start":{"line":44,"column":27},"end":{"line":53,"column":27}},"16":{"start":{"line":45,"column":4},"end":{"line":45,"column":29}},"17":{"start":{"line":45,"column":19},"end":{"line":45,"column":29}},"18":{"start":{"line":46,"column":4},"end":{"line":52,"column":7}},"19":{"start":{"line":47,"column":6},"end":{"line":50,"column":7}},"20":{"start":{"line":49,"column":8},"end":{"line":49,"column":95}},"21":{"start":{"line":51,"column":6},"end":{"line":51,"column":66}},"22":{"start":{"line":55,"column":2},"end":{"line":61,"column":3}},"23":{"start":{"line":56,"column":4},"end":{"line":60,"column":6}},"24":{"start":{"line":63,"column":2},"end":{"line":120,"column":4}},"25":{"start":{"line":74,"column":10},"end":{"line":80,"column":29}},"26":{"start":{"line":77,"column":27},"end":{"line":77,"column":44}},"27":{"start":{"line":86,"column":32},"end":{"line":86,"column":50}},"28":{"start":{"line":98,"column":10},"end":{"line":108,"column":11}},"29":{"start":{"line":101,"column":30},"end":{"line":101,"column":63}},"30":{"start":{"line":106,"column":30},"end":{"line":106,"column":63}},"31":{"start":{"line":123,"column":15},"end":{"line":137,"column":2}}},"fnMap":{"0":{"name":"BookingsScreen","decl":{"start":{"line":21,"column":24},"end":{"line":21,"column":38}},"loc":{"start":{"line":21,"column":41},"end":{"line":121,"column":1}},"line":21},"1":{"name":"(anonymous_1)","decl":{"start":{"line":27,"column":12},"end":{"line":27,"column":13}},"loc":{"start":{"line":27,"column":18},"end":{"line":37,"column":3}},"line":27},"2":{"name":"(anonymous_2)","decl":{"start":{"line":29,"column":45},"end":{"line":29,"column":46}},"loc":{"start":{"line":29,"column":55},"end":{"line":36,"column":5}},"line":29},"3":{"name":"(anonymous_3)","decl":{"start":{"line":31,"column":40},"end":{"line":31,"column":41}},"loc":{"start":{"line":31,"column":54},"end":{"line":35,"column":7}},"line":31},"4":{"name":"(anonymous_4)","decl":{"start":{"line":35,"column":15},"end":{"line":35,"column":16}},"loc":{"start":{"line":35,"column":21},"end":{"line":35,"column":23}},"line":35},"5":{"name":"(anonymous_5)","decl":{"start":{"line":39,"column":28},"end":{"line":39,"column":29}},"loc":{"start":{"line":39,"column":34},"end":{"line":42,"column":3}},"line":39},"6":{"name":"(anonymous_6)","decl":{"start":{"line":44,"column":35},"end":{"line":44,"column":36}},"loc":{"start":{"line":44,"column":41},"end":{"line":53,"column":3}},"line":44},"7":{"name":"(anonymous_7)","decl":{"start":{"line":46,"column":27},"end":{"line":46,"column":28}},"loc":{"start":{"line":46,"column":47},"end":{"line":52,"column":5}},"line":46},"8":{"name":"(anonymous_8)","decl":{"start":{"line":73,"column":43},"end":{"line":73,"column":44}},"loc":{"start":{"line":74,"column":10},"end":{"line":80,"column":29}},"line":74},"9":{"name":"(anonymous_9)","decl":{"start":{"line":77,"column":21},"end":{"line":77,"column":22}},"loc":{"start":{"line":77,"column":27},"end":{"line":77,"column":44}},"line":77},"10":{"name":"(anonymous_10)","decl":{"start":{"line":86,"column":22},"end":{"line":86,"column":23}},"loc":{"start":{"line":86,"column":32},"end":{"line":86,"column":50}},"line":86},"11":{"name":"(anonymous_11)","decl":{"start":{"line":97,"column":20},"end":{"line":97,"column":21}},"loc":{"start":{"line":98,"column":10},"end":{"line":108,"column":11}},"line":98},"12":{"name":"(anonymous_12)","decl":{"start":{"line":101,"column":24},"end":{"line":101,"column":25}},"loc":{"start":{"line":101,"column":30},"end":{"line":101,"column":63}},"line":101},"13":{"name":"(anonymous_13)","decl":{"start":{"line":106,"column":24},"end":{"line":106,"column":25}},"loc":{"start":{"line":106,"column":30},"end":{"line":106,"column":63}},"line":106}},"branchMap":{"0":{"loc":{"start":{"line":28,"column":4},"end":{"line":28,"column":37}},"type":"if","locations":[{"start":{"line":28,"column":4},"end":{"line":28,"column":37}},{"start":{},"end":{}}],"line":28},"1":{"loc":{"start":{"line":30,"column":6},"end":{"line":30,"column":34}},"type":"if","locations":[{"start":{"line":30,"column":6},"end":{"line":30,"column":34}},{"start":{},"end":{}}],"line":30},"2":{"loc":{"start":{"line":32,"column":8},"end":{"line":34,"column":9}},"type":"if","locations":[{"start":{"line":32,"column":8},"end":{"line":34,"column":9}},{"start":{},"end":{}}],"line":32},"3":{"loc":{"start":{"line":32,"column":12},"end":{"line":32,"column":52}},"type":"binary-expr","locations":[{"start":{"line":32,"column":12},"end":{"line":32,"column":24}},{"start":{"line":32,"column":28},"end":{"line":32,"column":52}}],"line":32},"4":{"loc":{"start":{"line":45,"column":4},"end":{"line":45,"column":29}},"type":"if","locations":[{"start":{"line":45,"column":4},"end":{"line":45,"column":29}},{"start":{},"end":{}}],"line":45},"5":{"loc":{"start":{"line":47,"column":6},"end":{"line":50,"column":7}},"type":"if","locations":[{"start":{"line":47,"column":6},"end":{"line":50,"column":7}},{"start":{},"end":{}}],"line":47},"6":{"loc":{"start":{"line":49,"column":15},"end":{"line":49,"column":94}},"type":"binary-expr","locations":[{"start":{"line":49,"column":15},"end":{"line":49,"column":39}},{"start":{"line":49,"column":43},"end":{"line":49,"column":65}},{"start":{"line":49,"column":69},"end":{"line":49,"column":94}}],"line":49},"7":{"loc":{"start":{"line":51,"column":13},"end":{"line":51,"column":65}},"type":"binary-expr","locations":[{"start":{"line":51,"column":13},"end":{"line":51,"column":37}},{"start":{"line":51,"column":41},"end":{"line":51,"column":65}}],"line":51},"8":{"loc":{"start":{"line":55,"column":2},"end":{"line":61,"column":3}},"type":"if","locations":[{"start":{"line":55,"column":2},"end":{"line":61,"column":3}},{"start":{},"end":{}}],"line":55},"9":{"loc":{"start":{"line":55,"column":6},"end":{"line":55,"column":28}},"type":"binary-expr","locations":[{"start":{"line":55,"column":6},"end":{"line":55,"column":15}},{"start":{"line":55,"column":19},"end":{"line":55,"column":28}}],"line":55},"10":{"loc":{"start":{"line":76,"column":38},"end":{"line":76,"column":81}},"type":"binary-expr","locations":[{"start":{"line":76,"column":38},"end":{"line":76,"column":55}},{"start":{"line":76,"column":59},"end":{"line":76,"column":81}}],"line":76},"11":{"loc":{"start":{"line":79,"column":42},"end":{"line":79,"column":83}},"type":"binary-expr","locations":[{"start":{"line":79,"column":42},"end":{"line":79,"column":59}},{"start":{"line":79,"column":63},"end":{"line":79,"column":83}}],"line":79},"12":{"loc":{"start":{"line":98,"column":10},"end":{"line":108,"column":11}},"type":"cond-expr","locations":[{"start":{"line":99,"column":12},"end":{"line":102,"column":14}},{"start":{"line":104,"column":12},"end":{"line":107,"column":14}}],"line":98},"13":{"loc":{"start":{"line":112,"column":7},"end":{"line":118,"column":7}},"type":"binary-expr","locations":[{"start":{"line":112,"column":7},"end":{"line":112,"column":31}},{"start":{"line":113,"column":8},"end":{"line":117,"column":10}}],"line":112}},"s":{"0":0,"1":0,"2":0,"3":0,"4":0,"5":0,"6":0,"7":0,"8":0,"9":0,"10":0,"11":0,"12":0,"13":0,"14":0,"15":0,"16":0,"17":0,"18":0,"19":0,"20":0,"21":0,"22":0,"23":0,"24":0,"25":0,"26":0,"27":0,"28":0,"29":0,"30":0,"31":0},"f":{"0":0,"1":0,"2":0,"3":0,"4":0,"5":0,"6":0,"7":0,"8":0,"9":0,"10":0,"11":0,"12":0,"13":0},"b":{"0":[0,0],"1":[0,0],"2":[0,0],"3":[0,0],"4":[0,0],"5":[0,0],"6":[0,0,0],"7":[0,0],"8":[0,0],"9":[0,0],"10":[0,0],"11":[0,0],"12":[0,0],"13":[0,0]}}
,"/Users/felipejeldesramirez/Desktop/Suitcase/luggage-app/src/components/location/LocationCard.styles.ts": {"path":"/Users/felipejeldesramirez/Desktop/Suitcase/luggage-app/src/components/location/LocationCard.styles.ts","statementMap":{},"fnMap":{},"branchMap":{},"s":{},"f":{},"b":{}}
,"/Users/felipejeldesramirez/Desktop/Suitcase/luggage-app/src/components/location/LocationCard.tsx": {"path":"/Users/felipejeldesramirez/Desktop/Suitcase/luggage-app/src/components/location/LocationCard.tsx","statementMap":{},"fnMap":{},"branchMap":{},"s":{},"f":{},"b":{}}
,"/Users/felipejeldesramirez/Desktop/Suitcase/luggage-app/src/components/map/MapView.tsx": {"path":"/Users/felipejeldesramirez/Desktop/Suitcase/luggage-app/src/components/map/MapView.tsx","statementMap":{"0":{"start":{"line":7,"column":17},"end":{"line":7,"column":34}},"1":{"start":{"line":9,"column":2},"end":{"line":13,"column":14}},"2":{"start":{"line":10,"column":4},"end":{"line":12,"column":5}},"3":{"start":{"line":11,"column":6},"end":{"line":11,"column":51}},"4":{"start":{"line":15,"column":2},"end":{"line":34,"column":3}},"5":{"start":{"line":23,"column":8},"end":{"line":31,"column":10}},"6":{"start":{"line":30,"column":25},"end":{"line":30,"column":59}},"7":{"start":{"line":37,"column":15},"end":{"line":41,"column":2}}},"fnMap":{"0":{"name":"Map","decl":{"start":{"line":6,"column":16},"end":{"line":6,"column":19}},"loc":{"start":{"line":6,"column":48},"end":{"line":35,"column":1}},"line":6},"1":{"name":"(anonymous_1)","decl":{"start":{"line":9,"column":12},"end":{"line":9,"column":13}},"loc":{"start":{"line":9,"column":18},"end":{"line":13,"column":3}},"line":9},"2":{"name":"(anonymous_2)","decl":{"start":{"line":22,"column":21},"end":{"line":22,"column":22}},"loc":{"start":{"line":23,"column":8},"end":{"line":31,"column":10}},"line":23},"3":{"name":"(anonymous_3)","decl":{"start":{"line":30,"column":19},"end":{"line":30,"column":20}},"loc":{"start":{"line":30,"column":25},"end":{"line":30,"column":59}},"line":30}},"branchMap":{"0":{"loc":{"start":{"line":10,"column":4},"end":{"line":12,"column":5}},"type":"if","locations":[{"start":{"line":10,"column":4},"end":{"line":12,"column":5}},{"start":{},"end":{}}],"line":10}},"s":{"0":0,"1":0,"2":0,"3":0,"4":0,"5":0,"6":0,"7":0},"f":{"0":0,"1":0,"2":0,"3":0},"b":{"0":[0,0]}}
,"/Users/felipejeldesramirez/Desktop/Suitcase/luggage-app/src/components/owner/LocationList.tsx": {"path":"/Users/felipejeldesramirez/Desktop/Suitcase/luggage-app/src/components/owner/LocationList.tsx","statementMap":{"0":{"start":{"line":16,"column":28},"end":{"line":79,"column":1}},"1":{"start":{"line":17,"column":42},"end":{"line":17,"column":54}},"2":{"start":{"line":18,"column":32},"end":{"line":18,"column":46}},"3":{"start":{"line":20,"column":2},"end":{"line":22,"column":9}},"4":{"start":{"line":21,"column":4},"end":{"line":21,"column":20}},"5":{"start":{"line":24,"column":24},"end":{"line":34,"column":3}},"6":{"start":{"line":25,"column":4},"end":{"line":33,"column":5}},"7":{"start":{"line":26,"column":6},"end":{"line":26,"column":23}},"8":{"start":{"line":27,"column":19},"end":{"line":27,"column":57}},"9":{"start":{"line":28,"column":6},"end":{"line":28,"column":27}},"10":{"start":{"line":30,"column":6},"end":{"line":30,"column":55}},"11":{"start":{"line":32,"column":6},"end":{"line":32,"column":24}},"12":{"start":{"line":36,"column":2},"end":{"line":38,"column":3}},"13":{"start":{"line":37,"column":4},"end":{"line":37,"column":88}},"14":{"start":{"line":39,"column":2},"end":{"line":78,"column":4}},"15":{"start":{"line":50,"column":8},"end":{"line":75,"column":27}},"16":{"start":{"line":81,"column":15},"end":{"line":172,"column":2}}},"fnMap":{"0":{"name":"(anonymous_0)","decl":{"start":{"line":16,"column":28},"end":{"line":16,"column":29}},"loc":{"start":{"line":16,"column":34},"end":{"line":79,"column":1}},"line":16},"1":{"name":"(anonymous_1)","decl":{"start":{"line":20,"column":12},"end":{"line":20,"column":13}},"loc":{"start":{"line":20,"column":18},"end":{"line":22,"column":3}},"line":20},"2":{"name":"(anonymous_2)","decl":{"start":{"line":24,"column":24},"end":{"line":24,"column":25}},"loc":{"start":{"line":24,"column":36},"end":{"line":34,"column":3}},"line":24},"3":{"name":"(anonymous_3)","decl":{"start":{"line":49,"column":23},"end":{"line":49,"column":24}},"loc":{"start":{"line":50,"column":8},"end":{"line":75,"column":27}},"line":50}},"branchMap":{"0":{"loc":{"start":{"line":36,"column":2},"end":{"line":38,"column":3}},"type":"if","locations":[{"start":{"line":36,"column":2},"end":{"line":38,"column":3}},{"start":{},"end":{}}],"line":36}},"s":{"0":0,"1":0,"2":0,"3":0,"4":0,"5":0,"6":0,"7":0,"8":0,"9":0,"10":0,"11":0,"12":0,"13":0,"14":0,"15":0,"16":0},"f":{"0":0,"1":0,"2":0,"3":0},"b":{"0":[0,0]}}
,"/Users/felipejeldesramirez/Desktop/Suitcase/luggage-app/src/components/owner/NewLocationButton.tsx": {"path":"/Users/felipejeldesramirez/Desktop/Suitcase/luggage-app/src/components/owner/NewLocationButton.tsx","statementMap":{"0":{"start":{"line":6,"column":33},"end":{"line":21,"column":1}},"1":{"start":{"line":7,"column":17},"end":{"line":7,"column":28}},"2":{"start":{"line":9,"column":2},"end":{"line":20,"column":4}},"3":{"start":{"line":12,"column":21},"end":{"line":12,"column":60}},"4":{"start":{"line":23,"column":15},"end":{"line":54,"column":2}}},"fnMap":{"0":{"name":"(anonymous_0)","decl":{"start":{"line":6,"column":33},"end":{"line":6,"column":34}},"loc":{"start":{"line":6,"column":39},"end":{"line":21,"column":1}},"line":6},"1":{"name":"(anonymous_1)","decl":{"start":{"line":12,"column":15},"end":{"line":12,"column":16}},"loc":{"start":{"line":12,"column":21},"end":{"line":12,"column":60}},"line":12}},"branchMap":{},"s":{"0":0,"1":0,"2":0,"3":0,"4":0},"f":{"0":0,"1":0},"b":{}}
,"/Users/felipejeldesramirez/Desktop/Suitcase/luggage-app/src/components/owner/RecentActivity.styles.ts": {"path":"/Users/felipejeldesramirez/Desktop/Suitcase/luggage-app/src/components/owner/RecentActivity.styles.ts","statementMap":{"0":{"start":{"line":4,"column":28},"end":{"line":40,"column":2}},"1":{"start":{"line":4,"column":52},"end":{"line":40,"column":2}}},"fnMap":{"0":{"name":"(anonymous_0)","decl":{"start":{"line":4,"column":28},"end":{"line":4,"column":29}},"loc":{"start":{"line":4,"column":52},"end":{"line":40,"column":2}},"line":4}},"branchMap":{},"s":{"0":0,"1":0},"f":{"0":0},"b":{}}
,"/Users/felipejeldesramirez/Desktop/Suitcase/luggage-app/src/components/owner/RecentActivity.tsx": {"path":"/Users/felipejeldesramirez/Desktop/Suitcase/luggage-app/src/components/owner/RecentActivity.tsx","statementMap":{"0":{"start":{"line":19,"column":21},"end":{"line":58,"column":1}},"1":{"start":{"line":20,"column":21},"end":{"line":20,"column":31}},"2":{"start":{"line":21,"column":17},"end":{"line":21,"column":62}},"3":{"start":{"line":21,"column":31},"end":{"line":21,"column":51}},"4":{"start":{"line":23,"column":17},"end":{"line":28,"column":3}},"5":{"start":{"line":30,"column":18},"end":{"line":30,"column":30}},"6":{"start":{"line":32,"column":2},"end":{"line":57,"column":4}},"7":{"start":{"line":46,"column":14},"end":{"line":46,"column":99}},"8":{"start":{"line":60,"column":30},"end":{"line":134,"column":1}},"9":{"start":{"line":61,"column":17},"end":{"line":61,"column":28}},"10":{"start":{"line":62,"column":21},"end":{"line":62,"column":31}},"11":{"start":{"line":63,"column":17},"end":{"line":63,"column":62}},"12":{"start":{"line":63,"column":31},"end":{"line":63,"column":51}},"13":{"start":{"line":64,"column":36},"end":{"line":64,"column":55}},"14":{"start":{"line":66,"column":21},"end":{"line":81,"column":3}},"15":{"start":{"line":67,"column":17},"end":{"line":67,"column":37}},"16":{"start":{"line":68,"column":16},"end":{"line":68,"column":26}},"17":{"start":{"line":70,"column":4},"end":{"line":72,"column":5}},"18":{"start":{"line":71,"column":6},"end":{"line":71,"column":81}},"19":{"start":{"line":74,"column":22},"end":{"line":74,"column":32}},"20":{"start":{"line":75,"column":4},"end":{"line":75,"column":41}},"21":{"start":{"line":76,"column":4},"end":{"line":78,"column":5}},"22":{"start":{"line":77,"column":6},"end":{"line":77,"column":25}},"23":{"start":{"line":80,"column":4},"end":{"line":80,"column":75}},"24":{"start":{"line":83,"column":2},"end":{"line":90,"column":3}},"25":{"start":{"line":84,"column":4},"end":{"line":89,"column":6}},"26":{"start":{"line":92,"column":2},"end":{"line":103,"column":3}},"27":{"start":{"line":93,"column":4},"end":{"line":102,"column":6}},"28":{"start":{"line":105,"column":2},"end":{"line":133,"column":4}},"29":{"start":{"line":111,"column":25},"end":{"line":111,"column":68}},"30":{"start":{"line":112,"column":32},"end":{"line":112,"column":57}},"31":{"start":{"line":113,"column":31},"end":{"line":113,"column":60}},"32":{"start":{"line":115,"column":24},"end":{"line":117,"column":11}},"33":{"start":{"line":116,"column":12},"end":{"line":116,"column":152}},"34":{"start":{"line":119,"column":10},"end":{"line":119,"column":143}},"35":{"start":{"line":119,"column":42},"end":{"line":119,"column":143}},"36":{"start":{"line":120,"column":10},"end":{"line":120,"column":128}},"37":{"start":{"line":120,"column":51},"end":{"line":120,"column":128}},"38":{"start":{"line":121,"column":10},"end":{"line":121,"column":121}},"39":{"start":{"line":121,"column":48},"end":{"line":121,"column":121}},"40":{"start":{"line":122,"column":10},"end":{"line":122,"column":88}},"41":{"start":{"line":122,"column":46},"end":{"line":122,"column":88}},"42":{"start":{"line":123,"column":10},"end":{"line":123,"column":53}},"43":{"start":{"line":128,"column":87},"end":{"line":128,"column":126}}},"fnMap":{"0":{"name":"(anonymous_0)","decl":{"start":{"line":19,"column":21},"end":{"line":19,"column":22}},"loc":{"start":{"line":19,"column":93},"end":{"line":58,"column":1}},"line":19},"1":{"name":"(anonymous_1)","decl":{"start":{"line":21,"column":25},"end":{"line":21,"column":26}},"loc":{"start":{"line":21,"column":31},"end":{"line":21,"column":51}},"line":21},"2":{"name":"(anonymous_2)","decl":{"start":{"line":45,"column":33},"end":{"line":45,"column":34}},"loc":{"start":{"line":46,"column":14},"end":{"line":46,"column":99}},"line":46},"3":{"name":"(anonymous_3)","decl":{"start":{"line":60,"column":30},"end":{"line":60,"column":31}},"loc":{"start":{"line":60,"column":75},"end":{"line":134,"column":1}},"line":60},"4":{"name":"(anonymous_4)","decl":{"start":{"line":63,"column":25},"end":{"line":63,"column":26}},"loc":{"start":{"line":63,"column":31},"end":{"line":63,"column":51}},"line":63},"5":{"name":"(anonymous_5)","decl":{"start":{"line":66,"column":21},"end":{"line":66,"column":22}},"loc":{"start":{"line":66,"column":45},"end":{"line":81,"column":3}},"line":66},"6":{"name":"(anonymous_6)","decl":{"start":{"line":110,"column":37},"end":{"line":110,"column":38}},"loc":{"start":{"line":110,"column":51},"end":{"line":124,"column":9}},"line":110},"7":{"name":"(anonymous_7)","decl":{"start":{"line":115,"column":24},"end":{"line":115,"column":25}},"loc":{"start":{"line":116,"column":12},"end":{"line":116,"column":152}},"line":116},"8":{"name":"(anonymous_8)","decl":{"start":{"line":128,"column":81},"end":{"line":128,"column":82}},"loc":{"start":{"line":128,"column":87},"end":{"line":128,"column":126}},"line":128}},"branchMap":{"0":{"loc":{"start":{"line":36,"column":9},"end":{"line":36,"column":48}}
[...]
,"/Users/felipejeldesramirez/Desktop/Suitcase/luggage-app/src/services/reviewServices.ts": {"path":"/Users/felipejeldesramirez/Desktop/Suitcase/luggage-app/src/services/reviewServices.ts","statementMap":{"0":{"start":{"line":23,"column":29},"end":{"line":38,"column":1}},"1":{"start":{"line":25,"column":21},"end":{"line":25,"column":69}},"2":{"start":{"line":26,"column":4},"end":{"line":26,"column":25}},"3":{"start":{"line":30,"column":21},"end":{"line":30,"column":77}},"4":{"start":{"line":31,"column":4},"end":{"line":31,"column":25}},"5":{"start":{"line":35,"column":21},"end":{"line":35,"column":52}},"6":{"start":{"line":36,"column":4},"end":{"line":36,"column":25}}},"fnMap":{"0":{"name":"(anonymous_0)","decl":{"start":{"line":24,"column":17},"end":{"line":24,"column":18}},"loc":{"start":{"line":24,"column":66},"end":{"line":27,"column":3}},"line":24},"1":{"name":"(anonymous_1)","decl":{"start":{"line":29,"column":20},"end":{"line":29,"column":21}},"loc":{"start":{"line":29,"column":67},"end":{"line":32,"column":3}},"line":29},"2":{"name":"(anonymous_2)","decl":{"start":{"line":34,"column":10},"end":{"line":34,"column":11}},"loc":{"start":{"line":34,"column":59},"end":{"line":37,"column":3}},"line":34}},"branchMap":{},"s":{"0":0,"1":0,"2":0,"3":0,"4":0,"5":0,"6":0},"f":{"0":0,"1":0,"2":0},"b":{}}
,"/Users/felipejeldesramirez/Desktop/Suitcase/luggage-app/src/services/sentry.ts": {"path":"/Users/felipejeldesramirez/Desktop/Suitcase/luggage-app/src/services/sentry.ts","statementMap":{"0":{"start":{"line":3,"column":19},"end":{"line":3,"column":59}},"1":{"start":{"line":6,"column":2},"end":{"line":9,"column":3}},"2":{"start":{"line":7,"column":4},"end":{"line":7,"column":73}},"3":{"start":{"line":8,"column":4},"end":{"line":8,"column":11}},"4":{"start":{"line":11,"column":2},"end":{"line":16,"column":5}},"5":{"start":{"line":18,"column":2},"end":{"line":18,"column":38}},"6":{"start":{"line":22,"column":2},"end":{"line":25,"column":3}},"7":{"start":{"line":23,"column":4},"end":{"line":23,"column":59}},"8":{"start":{"line":24,"column":4},"end":{"line":24,"column":11}},"9":{"start":{"line":26,"column":2},"end":{"line":28,"column":3}},"10":{"start":{"line":27,"column":4},"end":{"line":27,"column":55}},"11":{"start":{"line":32,"column":2},"end":{"line":35,"column":3}},"12":{"start":{"line":33,"column":4},"end":{"line":33,"column":53}},"13":{"start":{"line":34,"column":4},"end":{"line":34,"column":11}},"14":{"start":{"line":36,"column":2},"end":{"line":38,"column":3}},"15":{"start":{"line":37,"column":4},"end":{"line":37,"column":42}}},"fnMap":{"0":{"name":"initSentry","decl":{"start":{"line":5,"column":16},"end":{"line":5,"column":26}},"loc":{"start":{"line":5,"column":29},"end":{"line":19,"column":1}},"line":5},"1":{"name":"captureError","decl":{"start":{"line":21,"column":16},"end":{"line":21,"column":28}},"loc":{"start":{"line":21,"column":74},"end":{"line":29,"column":1}},"line":21},"2":{"name":"captureMessage","decl":{"start":{"line":31,"column":16},"end":{"line":31,"column":30}},"loc":{"start":{"line":31,"column":94},"end":{"line":39,"column":1}},"line":31}},"branchMap":{"0":{"loc":{"start":{"line":3,"column":19},"end":{"line":3,"column":59}},"type":"binary-expr","locations":[{"start":{"line":3,"column":19},"end":{"line":3,"column":53}},{"start":{"line":3,"column":57},"end":{"line":3,"column":59}}],"line":3},"1":{"loc":{"start":{"line":6,"column":2},"end":{"line":9,"column":3}},"type":"if","locations":[{"start":{"line":6,"column":2},"end":{"line":9,"column":3}},{"start":{},"end":{}}],"line":6},"2":{"loc":{"start":{"line":15,"column":17},"end":{"line":15,"column":55}},"type":"cond-expr","locations":[{"start":{"line":15,"column":27},"end":{"line":15,"column":40}},{"start":{"line":15,"column":43},"end":{"line":15,"column":55}}],"line":15},"3":{"loc":{"start":{"line":22,"column":2},"end":{"line":25,"column":3}},"type":"if","locations":[{"start":{"line":22,"column":2},"end":{"line":25,"column":3}},{"start":{},"end":{}}],"line":22},"4":{"loc":{"start":{"line":23,"column":44},"end":{"line":23,"column":57}},"type":"binary-expr","locations":[{"start":{"line":23,"column":44},"end":{"line":23,"column":51}},{"start":{"line":23,"column":55},"end":{"line":23,"column":57}}],"line":23},"5":{"loc":{"start":{"line":26,"column":2},"end":{"line":28,"column":3}},"type":"if","locations":[{"start":{"line":26,"column":2},"end":{"line":28,"column":3}},{"start":{},"end":{}}],"line":26},"6":{"loc":{"start":{"line":31,"column":48},"end":{"line":31,"column":92}},"type":"default-arg","locations":[{"start":{"line":31,"column":86},"end":{"line":31,"column":92}}],"line":31},"7":{"loc":{"start":{"line":32,"column":2},"end":{"line":35,"column":3}},"type":"if","locations":[{"start":{"line":32,"column":2},"end":{"line":35,"column":3}},{"start":{},"end":{}}],"line":32},"8":{"loc":{"start":{"line":36,"column":2},"end":{"line":38,"column":3}},"type":"if","locations":[{"start":{"line":36,"column":2},"end":{"line":38,"column":3}},{"start":{},"end":{}}],"line":36}},"s":{"0":0,"1":0,"2":0,"3":0,"4":0,"5":0,"6":0,"7":0,"8":0,"9":0,"10":0,"11":0,"12":0,"13":0,"14":0,"15":0},"f":{"0":0,"1":0,"2":0},"b":{"0":[0,0],"1":[0,0],"2":[0,0],"3":[0,0],"4":[0,0],"5":[0,0],"6":[0],"7":[0,0],"8":[0,0]}}
,"/Users/felipejeldesramirez/Desktop/Suitcase/luggage-app/src/services/staffService.ts": {"path":"/Users/felipejeldesramirez/Desktop/Suitcase/luggage-app/src/services/staffService.ts","statementMap":{"0":{"start":{"line":3,"column":28},"end":{"line":28,"column":1}},"1":{"start":{"line":5,"column":21},"end":{"line":5,"column":81}},"2":{"start":{"line":6,"column":4},"end":{"line":6,"column":16}},"3":{"start":{"line":10,"column":19},"end":{"line":10,"column":82}},"4":{"start":{"line":11,"column":21},"end":{"line":11,"column":60}},"5":{"start":{"line":12,"column":4},"end":{"line":12,"column":16}},"6":{"start":{"line":16,"column":21},"end":{"line":16,"column":67}},"7":{"start":{"line":17,"column":4},"end":{"line":17,"column":16}},"8":{"start":{"line":21,"column":4},"end":{"line":21,"column":47}},"9":{"start":{"line":25,"column":21},"end":{"line":25,"column":57}},"10":{"start":{"line":26,"column":4},"end":{"line":26,"column":16}}},"fnMap":{"0":{"name":"(anonymous_0)","decl":{"start":{"line":4,"column":10},"end":{"line":4,"column":11}},"loc":{"start":{"line":4,"column":69},"end":{"line":7,"column":3}},"line":4},"1":{"name":"(anonymous_1)","decl":{"start":{"line":9,"column":20},"end":{"line":9,"column":21}},"loc":{"start":{"line":9,"column":62},"end":{"line":13,"column":3}},"line":9},"2":{"name":"(anonymous_2)","decl":{"start":{"line":15,"column":17},"end":{"line":15,"column":18}},"loc":{"start":{"line":15,"column":47},"end":{"line":18,"column":3}},"line":15},"3":{"name":"(anonymous_3)","decl":{"start":{"line":20,"column":15},"end":{"line":20,"column":16}},"loc":{"start":{"line":20,"column":47},"end":{"line":22,"column":3}},"line":20},"4":{"name":"(anonymous_4)","decl":{"start":{"line":24,"column":18},"end":{"line":24,"column":19}},"loc":{"start":{"line":24,"column":30},"end":{"line":27,"column":3}},"line":24}},"branchMap":{"0":{"loc":{"start":{"line":10,"column":19},"end":{"line":10,"column":82}},"type":"cond-expr","locations":[{"start":{"line":10,"column":28},"end":{"line":10,"column":62}},{"start":{"line":10,"column":65},"end":{"line":10,"column":82}}],"line":10}},"s":{"0":0,"1":0,"2":0,"3":0,"4":0,"5":0,"6":0,"7":0,"8":0,"9":0,"10":0},"f":{"0":0,"1":0,"2":0,"3":0,"4":0},"b":{"0":[0,0]}}
,"/Users/felipejeldesramirez/Desktop/Suitcase/luggage-app/src/services/termsService.ts": {"path":"/Users/felipejeldesramirez/Desktop/Suitcase/luggage-app/src/services/termsService.ts","statementMap":{"0":{"start":{"line":11,"column":28},"end":{"line":20,"column":1}},"1":{"start":{"line":13,"column":21},"end":{"line":13,"column":59}},"2":{"start":{"line":14,"column":4},"end":{"line":14,"column":16}},"3":{"start":{"line":18,"column":4},"end":{"line":18,"column":47}}},"fnMap":{"0":{"name":"(anonymous_0)","decl":{"start":{"line":12,"column":13},"end":{"line":12,"column":14}},"loc":{"start":{"line":12,"column":65},"end":{"line":15,"column":3}},"line":12},"1":{"name":"(anonymous_1)","decl":{"start":{"line":17,"column":10},"end":{"line":17,"column":11}},"loc":{"start":{"line":17,"column":52},"end":{"line":19,"column":3}},"line":17}},"branchMap":{},"s":{"0":0,"1":0,"2":0,"3":0},"f":{"0":0,"1":0},"b":{}}
,"/Users/felipejeldesramirez/Desktop/Suitcase/luggage-app/src/services/uploadService.ts": {"path":"/Users/felipejeldesramirez/Desktop/Suitcase/luggage-app/src/services/uploadService.ts","statementMap":{"0":{"start":{"line":3,"column":29},"end":{"line":29,"column":1}},"1":{"start":{"line":5,"column":21},"end":{"line":5,"column":35}},"2":{"start":{"line":8,"column":21},"end":{"line":8,"column":57}},"3":{"start":{"line":11,"column":18},"end":{"line":11,"column":43}},"4":{"start":{"line":12,"column":17},"end":{"line":12,"column":54}},"5":{"start":{"line":15,"column":4},"end":{"line":19,"column":14}},"6":{"start":{"line":21,"column":21},"end":{"line":25,"column":6}},"7":{"start":{"line":27,"column":4},"end":{"line":27,"column":20}}},"fnMap":{"0":{"name":"(anonymous_0)","decl":{"start":{"line":4,"column":15},"end":{"line":4,"column":16}},"loc":{"start":{"line":4,"column":83},"end":{"line":28,"column":3}},"line":4}},"branchMap":{"0":{"loc":{"start":{"line":4,"column":35},"end":{"line":4,"column":61}},"type":"default-arg","locations":[{"start":{"line":4,"column":52},"end":{"line":4,"column":61}}],"line":4},"1":{"loc":{"start":{"line":8,"column":21},"end":{"line":8,"column":57}},"type":"binary-expr","locations":[{"start":{"line":8,"column":21},"end":{"line":8,"column":41}},{"start":{"line":8,"column":45},"end":{"line":8,"column":57}}],"line":8},"2":{"loc":{"start":{"line":12,"column":17},"end":{"line":12,"column":54}},"type":"cond-expr","locations":[{"start":{"line":12,"column":25},"end":{"line":12,"column":44}},{"start":{"line":12,"column":47},"end":{"line":12,"column":54}}],"line":12}},"s":{"0":0,"1":0,"2":0,"3":0,"4":0,"5":0,"6":0,"7":0},"f":{"0":0},"b":{"0":[0],"1":[0,0],"2":[0,0]}}
,"/Users/felipejeldesramirez/Desktop/Suitcase/luggage-app/src/store/useAuthStore.ts": {"path":"/Users/felipejeldesramirez/Desktop/Suitcase/luggage-app/src/store/useAuthStore.ts","statementMap":{"0":{"start":{"line":25,"column":28},"end":{"line":67,"column":3}},"1":{"start":{"line":25,"column":56},"end":{"line":67,"column":1}},"2":{"start":{"line":32,"column":4},"end":{"line":32,"column":51}},"3":{"start":{"line":33,"column":4},"end":{"line":33,"column":61}},"4":{"start":{"line":34,"column":4},"end":{"line":34,"column":65}},"5":{"start":{"line":36,"column":4},"end":{"line":36,"column":62}},"6":{"start":{"line":40,"column":4},"end":{"line":40,"column":65}},"7":{"start":{"line":41,"column":4},"end":{"line":41,"column":18}},"8":{"start":{"line":45,"column":4},"end":{"line":45,"column":47}},"9":{"start":{"line":46,"column":4},"end":{"line":46,"column":50}},"10":{"start":{"line":47,"column":4},"end":{"line":47,"column":46}},"11":{"start":{"line":48,"column":4},"end":{"line":48,"column":81}},"12":{"start":{"line":52,"column":44},"end":{"line":56,"column":6}},"13":{"start":{"line":58,"column":17},"end":{"line":58,"column":55}},"14":{"start":{"line":60,"column":4},"end":{"line":65,"column":7}}},"fnMap":{"0":{"name":"(anonymous_0)","decl":{"start":{"line":25,"column":46},"end":{"line":25,"column":47}},"loc":{"start":{"line":25,"column":56},"end":{"line":67,"column":1}},"line":25},"1":{"name":"(anonymous_1)","decl":{"start":{"line":31,"column":13},"end":{"line":31,"column":14}},"loc":{"start":{"line":31,"column":72},"end":{"line":37,"column":3}},"line":31},"2":{"name":"(anonymous_2)","decl":{"start":{"line":39,"column":11},"end":{"line":39,"column":12}},"loc":{"start":{"line":39,"column":33},"end":{"line":42,"column":3}},"line":39},"3":{"name":"(anonymous_3)","decl":{"start":{"line":44,"column":10},"end":{"line":44,"column":11}},"loc":{"start":{"line":44,"column":22},"end":{"line":49,"column":3}},"line":44},"4":{"name":"(anonymous_4)","decl":{"start":{"line":51,"column":13},"end":{"line":51,"column":14}},"loc":{"start":{"line":51,"column":25},"end":{"line":66,"column":3}},"line":51}},"branchMap":{"0":{"loc":{"start":{"line":58,"column":17},"end":{"line":58,"column":55}},"type":"cond-expr","locations":[{"start":{"line":58,"column":28},"end":{"line":58,"column":48}},{"start":{"line":58,"column":51},"end":{"line":58,"column":55}}],"line":58}},"s":{"0":0,"1":0,"2":0,"3":0,"4":0,"5":0,"6":0,"7":0,"8":0,"9":0,"10":0,"11":0,"12":0,"13":0,"14":0},"f":{"0":0,"1":0,"2":0,"3":0,"4":0},"b":{"0":[0,0]}}
,"/Users/felipejeldesramirez/Desktop/Suitcase/luggage-app/src/store/useBookingStore.ts": {"path":"/Users/felipejeldesramirez/Desktop/Suitcase/luggage-app/src/store/useBookingStore.ts","statementMap":{"0":{"start":{"line":9,"column":31},"end":{"line":15,"column":3}},"1":{"start":{"line":9,"column":62},"end":{"line":15,"column":1}},"2":{"start":{"line":12,"column":36},"end":{"line":12,"column":68}},"3":{"start":{"line":14,"column":31},"end":{"line":14,"column":60}}},"fnMap":{"0":{"name":"(anonymous_0)","decl":{"start":{"line":9,"column":52},"end":{"line":9,"column":53}},"loc":{"start":{"line":9,"column":62},"end":{"line":15,"column":1}},"line":9},"1":{"name":"(anonymous_1)","decl":{"start":{"line":12,"column":23},"end":{"line":12,"column":24}},"loc":{"start":{"line":12,"column":36},"end":{"line":12,"column":68}},"line":12},"2":{"name":"(anonymous_2)","decl":{"start":{"line":14,"column":25},"end":{"line":14,"column":26}},"loc":{"start":{"line":14,"column":31},"end":{"line":14,"column":60}},"line":14}},"branchMap":{},"s":{"0":0,"1":0,"2":0,"3":0},"f":{"0":0,"1":0,"2":0},"b":{}}
,"/Users/felipejeldesramirez/Desktop/Suitcase/luggage-app/src/store/useLocationStore.ts": {"path":"/Users/felipejeldesramirez/Desktop/Suitcase/luggage-app/src/store/useLocationStore.ts","statementMap":{"0":{"start":{"line":11,"column":32},"end":{"line":17,"column":3}},"1":{"start":{"line":11,"column":64},"end":{"line":17,"column":1}},"2":{"start":{"line":15,"column":25},"end":{"line":15,"column":34}},"3":{"start":{"line":16,"column":15},"end":{"line":16,"column":53}}},"fnMap":{"0":{"name":"(anonymous_0)","decl":{"start":{"line":11,"column":54},"end":{"line":11,"column":55}},"loc":{"start":{"line":11,"column":64},"end":{"line":17,"column":1}},"line":11},"1":{"name":"(anonymous_1)","decl":{"start":{"line":15,"column":15},"end":{"line":15,"column":16}},"loc":{"start":{"line":15,"column":25},"end":{"line":15,"column":34}},"line":15},"2":{"name":"(anonymous_2)","decl":{"start":{"line":16,"column":9},"end":{"line":16,"column":10}},"loc":{"start":{"line":16,"column":15},"end":{"line":16,"column":53}},"line":16}},"branchMap":{},"s":{"0":0,"1":0,"2":0,"3":0},"f":{"0":0,"1":0,"2":0},"b":{}}
,"/Users/felipejeldesramirez/Desktop/Suitcase/luggage-app/src/store/useOwnerStore.ts": {"path":"/Users/felipejeldesramirez/Desktop/Suitcase/luggage-app/src/store/useOwnerStore.ts","statementMap":{"0":{"start":{"line":10,"column":29},"end":{"line":18,"column":3}},"1":{"start":{"line":10,"column":58},"end":{"line":18,"column":1}},"2":{"start":{"line":13,"column":37},"end":{"line":16,"column":6}},"3":{"start":{"line":17,"column":27},"end":{"line":17,"column":84}}},"fnMap":{"0":{"name":"(anonymous_0)","decl":{"start":{"line":10,"column":48},"end":{"line":10,"column":49}},"loc":{"start":{"line":10,"column":58},"end":{"line":18,"column":1}},"line":10},"1":{"name":"(anonymous_1)","decl":{"start":{"line":13,"column":23},"end":{"line":13,"column":24}},"loc":{"start":{"line":13,"column":37},"end":{"line":16,"column":6}},"line":13},"2":{"name":"(anonymous_2)","decl":{"start":{"line":17,"column":21},"end":{"line":17,"column":22}},"loc":{"start":{"line":17,"column":27},"end":{"line":17,"column":84}},"line":17}},"branchMap":{"0":{"loc":{"start":{"line":15,"column":28},"end":{"line":15,"column":40}},"type":"binary-expr","locations":[{"start":{"line":15,"column":28},"end":{"line":15,"column":32}},{"start":{"line":15,"column":36},"end":{"line":15,"column":40}}],"line":15}},"s":{"0":0,"1":0,"2":0,"3":0},"f":{"0":0,"1":0,"2":0},"b":{"0":[0,0]}}
,"/Users/felipejeldesramirez/Desktop/Suitcase/luggage-app/src/styles/colors.ts": {"path":"/Users/felipejeldesramirez/Desktop/Suitcase/luggage-app/src/styles/colors.ts","statementMap":{"0":{"start":{"line":1,"column":21},"end":{"line":24,"column":1}},"1":{"start":{"line":26,"column":22},"end":{"line":58,"column":1}},"2":{"start":{"line":62,"column":38},"end":{"line":94,"column":1}}},"fnMap":{},"branchMap":{},"s":{"0":1,"1":1,"2":1},"f":{},"b":{},"_coverageSchema":"1a1c01bbd47fc00a2c39e90264f33305004495a9","hash":"24be7511891c59e9e7d0013c4400901ac4f53391"}
,"/Users/felipejeldesramirez/Desktop/Suitcase/luggage-app/src/styles/globalStyles.ts": {"path":"/Users/felipejeldesramirez/Desktop/Suitcase/luggage-app/src/styles/globalStyles.ts","statementMap":{"0":{"start":{"line":4,"column":21},"end":{"line":35,"column":1}},"1":{"start":{"line":37,"column":28},"end":{"line":73,"column":2}}},"fnMap":{},"branchMap":{},"s":{"0":0,"1":0},"f":{},"b":{}}
,"/Users/felipejeldesramirez/Desktop/Suitcase/luggage-app/src/types/booking.types.ts": {"path":"/Users/felipejeldesramirez/Desktop/Suitcase/luggage-app/src/types/booking.types.ts","statementMap":{},"fnMap":{},"branchMap":{},"s":{},"f":{},"b":{}}
,"/Users/felipejeldesramirez/Desktop/Suitcase/luggage-app/src/types/bookings/BookingData.ts": {"path":"/Users/felipejeldesramirez/Desktop/Suitcase/luggage-app/src/types/bookings/BookingData.ts","statementMap":{},"fnMap":{},"branchMap":{},"s":{},"f":{},"b":{}}
,"/Users/felipejeldesramirez/Desktop/Suitcase/luggage-app/src/utils/dateFormatter.ts": {"path":"/Users/felipejeldesramirez/Desktop/Suitcase/luggage-app/src/utils/dateFormatter.ts","statementMap":{"0":{"start":{"line":5,"column":34},"end":{"line":11,"column":1}},"1":{"start":{"line":6,"column":48},"end":{"line":6,"column":82}},"2":{"start":{"line":7,"column":4},"end":{"line":10,"column":6}}},"fnMap":{"0":{"name":"(anonymous_0)","decl":{"start":{"line":5,"column":34},"end":{"line":5,"column":35}},"loc":{"start":{"line":5,"column":66},"end":{"line":11,"column":1}},"line":5}},"branchMap":{},"s":{"0":0,"1":0,"2":0},"f":{"0":0},"b":{}}
,"/Users/felipejeldesramirez/Desktop/Suitcase/luggage-app/src/utils/modeStorage.ts": {"path":"/Users/felipejeldesramirez/Desktop/Suitcase/luggage-app/src/utils/modeStorage.ts","statementMap":{"0":{"start":{"line":3,"column":17},"end":{"line":3,"column":38}},"1":{"start":{"line":5,"column":27},"end":{"line":8,"column":1}},"2":{"start":{"line":6,"column":52},"end":{"line":6,"column":82}},"3":{"start":{"line":7,"column":40},"end":{"line":7,"column":76}}},"fnMap":{"0":{"name":"(anonymous_0)","decl":{"start":{"line":6,"column":16},"end":{"line":6,"column":17}},"loc":{"start":{"line":6,"column":52},"end":{"line":6,"column":82}},"line":6},"1":{"name":"(anonymous_1)","decl":{"start":{"line":7,"column":16},"end":{"line":7,"column":17}},"loc":{"start":{"line":7,"column":40},"end":{"line":7,"column":76}},"line":7}},"branchMap":{},"s":{"0":0,"1":0,"2":0,"3":0},"f":{"0":0,"1":0},"b":{}}
}
