TN:
SF:src/components/external-link.tsx
FN:7,ExternalLink
FN:13,(anonymous_1)
FNF:2
FNH:0
FNDA:0,ExternalLink
FNDA:0,(anonymous_1)
DA:8,0
DA:14,0
DA:16,0
DA:18,0
LF:4
LH:0
BRDA:14,0,0,0
BRDA:14,0,1,0
BRF:2
BRH:0
end_of_record
TN:
SF:src/components/haptic-tab.tsx
FN:5,HapticTab
FN:9,(anonymous_1)
FNF:2
FNH:0
FNDA:0,HapticTab
FNDA:0,(anonymous_1)
DA:6,0
DA:10,0
DA:12,0
DA:14,0
LF:4
LH:0
BRDA:10,0,0,0
BRDA:10,0,1,0
BRF:2
BRH:0
end_of_record
TN:
SF:src/components/hello-wave.tsx
FN:3,HelloWave
FNF:1
FNH:0
FNDA:0,HelloWave
DA:4,0
LF:1
LH:0
BRF:0
BRH:0
end_of_record
TN:
SF:src/components/parallax-scroll-view.tsx
FN:21,ParallaxScrollView
FN:30,(anonymous_1)
FNF:2
FNH:0
FNDA:0,ParallaxScrollView
FNDA:0,(anonymous_1)
DA:14,0
DA:26,0
DA:27,0
DA:28,0
DA:29,0
DA:30,0
DA:31,0
DA:47,0
DA:65,0
LF:9
LH:0
BRDA:27,0,0,0
BRDA:27,0,1,0
BRF:2
BRH:0
end_of_record
TN:
SF:src/components/themed-text.tsx
FN:11,ThemedText
FNF:1
FNH:0
FNDA:0,ThemedText
DA:18,0
DA:20,0
DA:36,0
LF:3
LH:0
BRDA:15,0,0,0
BRDA:24,1,0,0
BRDA:24,1,1,0
BRDA:25,2,0,0
BRDA:25,2,1,0
BRDA:26,3,0,0
BRDA:26,3,1,0
BRDA:27,4,0,0
BRDA:27,4,1,0
BRDA:28,5,0,0
BRDA:28,5,1,0
BRF:11
BRH:0
end_of_record
TN:
SF:src/components/themed-view.tsx
FN:10,ThemedView
FNF:1
FNH:0
FNDA:0,ThemedView
DA:11,0
DA:13,0
LF:2
LH:0
BRF:0
BRH:0
end_of_record
TN:
SF:src/components/auth/GoogleButton.styles.ts
FNF:0
FNH:0
DA:4,0
LF:1
LH:0
BRF:0
BRH:0
end_of_record
TN:
SF:src/components/auth/GoogleButton.tsx
FN:7,(anonymous_0)
FN:13,(anonymous_1)
FNF:2
FNH:0
FNDA:0,(anonymous_0)
FNDA:0,(anonymous_1)
DA:7,0
DA:8,0
DA:10,0
DA:13,0
LF:4
LH:0
BRDA:12,0,0,0
BRDA:12,0,1,0
BRDA:16,1,0,0
BRDA:16,1,1,0
BRF:4
BRH:0
end_of_record
TN:
SF:src/components/booking/BookingDetail.tsx
FN:31,BookingDetail
FN:42,(anonymous_1)
FN:46,(anonymous_2)
FN:48,(anonymous_3)
FN:56,(anonymous_4)
FN:68,(anonymous_5)
FN:71,(anonymous_6)
FN:74,(anonymous_7)
FN:84,(anonymous_8)
FN:89,(anonymous_9)
FN:94,(anonymous_10)
FN:105,(anonymous_11)
FN:122,(anonymous_12)
FN:139,(anonymous_13)
FN:148,(anonymous_14)
FN:154,(anonymous_15)
FN:169,(anonymous_16)
FN:179,(anonymous_17)
FN:202,(anonymous_18)
FN:209,(anonymous_19)
FN:227,(anonymous_20)
FN:257,(anonymous_21)
FN:270,(anonymous_22)
FN:297,(anonymous_23)
FN:315,(anonymous_24)
FN:329,(anonymous_25)
FN:368,(anonymous_26)
FN:370,(anonymous_27)
FN:375,(anonymous_28)
FNF:29
FNH:0
FNDA:0,BookingDetail
FNDA:0,(anonymous_1)
FNDA:0,(anonymous_2)
FNDA:0,(anonymous_3)
FNDA:0,(anonymous_4)
FNDA:0,(anonymous_5)
FNDA:0,(anonymous_6)
FNDA:0,(anonymous_7)
FNDA:0,(anonymous_8)
FNDA:0,(anonymous_9)
FNDA:0,(anonymous_10)
FNDA:0,(anonymous_11)
FNDA:0,(anonymous_12)
FNDA:0,(anonymous_13)
FNDA:0,(anonymous_14)
FNDA:0,(anonymous_15)
FNDA:0,(anonymous_16)
FNDA:0,(anonymous_17)
FNDA:0,(anonymous_18)
FNDA:0,(anonymous_19)
FNDA:0,(anonymous_20)
FNDA:0,(anonymous_21)
FNDA:0,(anonymous_22)
FNDA:0,(anonymous_23)
FNDA:0,(anonymous_24)
FNDA:0,(anonymous_25)
FNDA:0,(anonymous_26)
FNDA:0,(anonymous_27)
FNDA:0,(anonymous_28)
DA:32,0
DA:35,0
DA:36,0
DA:37,0
DA:38,0
DA:40,0
DA:42,0
DA:44,0
DA:46,0
DA:47,0
DA:48,0
DA:49,0
DA:54,0
DA:56,0
DA:57,0
DA:61,0
DA:62,0
DA:63,0
DA:64,0
DA:65,0
DA:68,0
DA:69,0
DA:70,0
DA:71,0
DA:72,0
DA:74,0
DA:75,0
DA:76,0
DA:79,0
DA:80,0
DA:84,0
DA:85,0
DA:86,0
DA:89,0
DA:90,0
DA:91,0
DA:94,0
DA:95,0
DA:96,0
DA:97,0
DA:98,0
DA:99,0
DA:100,0
DA:102,0
DA:105,0
DA:106,0
DA:108,0
DA:109,0
DA:110,0
DA:113,0
DA:122,0
DA:123,0
DA:124,0
DA:125,0
DA:129,0
DA:130,0
DA:133,0
DA:139,0
DA:148,0
DA:155,0
DA:170,0
DA:171,0
DA:179,0
DA:203,0
DA:210,0
DA:228,0
DA:229,0
DA:231,0
DA:257,0
DA:270,0
DA:297,0
DA:315,0
DA:330,0
DA:331,0
DA:332,0
DA:333,0
DA:334,0
DA:335,0
DA:368,0
DA:371,0
DA:372,0
DA:375,0
DA:444,0
LF:83
LH:0
BRDA:37,0,0,0
BRDA:37,0,1,0
BRDA:47,1,0,0
BRDA:47,1,1,0
BRDA:47,2,0,0
BRDA:47,2,1,0
BRDA:47,2,2,0
BRDA:48,3,0,0
BRDA:48,3,1,0
BRDA:57,4,0,0
BRDA:57,4,1,0
BRDA:69,5,0,0
BRDA:69,5,1,0
BRDA:72,6,0,0
BRDA:72,6,1,0
BRDA:72,7,0,0
BRDA:72,7,1,0
BRDA:80,8,0,0
BRDA:80,8,1,0
BRDA:90,9,0,0
BRDA:90,9,1,0
BRDA:90,10,0,0
BRDA:90,10,1,0
BRDA:96,11,0,0
BRDA:96,11,1,0
BRDA:97,12,0,0
BRDA:97,12,1,0
BRDA:98,13,0,0
BRDA:98,13,1,0
BRDA:106,14,0,0
BRDA:106,14,1,0
BRDA:106,15,0,0
BRDA:106,15,1,0
BRDA:108,16,0,0
BRDA:108,16,1,0
BRDA:114,17,0,0
BRDA:114,17,1,0
BRDA:118,18,0,0
BRDA:118,18,1,0
BRDA:124,19,0,0
BRDA:124,19,1,0
BRDA:129,20,0,0
BRDA:129,20,1,0
BRDA:130,21,0,0
BRDA:130,21,1,0
BRDA:138,22,0,0
BRDA:138,22,1,0
BRDA:141,23,0,0
BRDA:141,23,1,0
BRDA:142,24,0,0
BRDA:142,24,1,0
BRDA:148,25,0,0
BRDA:148,25,1,0
BRDA:150,26,0,0
BRDA:150,26,1,0
BRDA:152,27,0,0
BRDA:152,27,1,0
BRDA:155,28,0,0
BRDA:155,28,1,0
BRDA:155,29,0,0
BRDA:155,29,1,0
BRDA:171,30,0,0
BRDA:171,30,1,0
BRDA:194,31,0,0
BRDA:194,31,1,0
BRDA:196,32,0,0
BRDA:196,32,1,0
BRDA:206,33,0,0
BRDA:206,33,1,0
BRDA:206,34,0,0
BRDA:206,34,1,0
BRDA:214,35,0,0
BRDA:214,35,1,0
BRDA:228,36,0,0
BRDA:228,36,1,0
BRDA:235,37,0,0
BRDA:235,37,1,0
BRDA:237,38,0,0
BRDA:237,38,1,0
BRDA:242,39,0,0
BRDA:242,39,1,0
BRDA:244,40,0,0
BRDA:244,40,1,0
BRDA:247,41,0,0
BRDA:247,41,1,0
BRDA:249,42,0,0
BRDA:249,42,1,0
BRDA:265,43,0,0
BRDA:265,43,1,0
BRDA:279,44,0,0
BRDA:279,44,1,0
BRDA:291,45,0,0
BRDA:291,45,1,0
BRDA:297,46,0,0
BRDA:297,46,1,0
BRDA:298,47,0,0
BRDA:298,47,1,0
BRDA:300,48,0,0
BRDA:300,48,1,0
BRDA:302,49,0,0
BRDA:302,49,1,0
BRDA:304,50,0,0
BRDA:304,50,1,0
BRDA:314,51,0,0
BRDA:314,51,1,0
BRDA:315,52,0,0
BRDA:315,52,1,0
BRDA:325,53,0,0
BRDA:325,53,1,0
BRDA:331,54,0,0
BRDA:331,54,1,0
BRDA:332,55,0,0
BRDA:332,55,1,0
BRDA:334,56,0,0
BRDA:334,56,1,0
BRDA:334,57,0,0
BRDA:334,57,1,0
BRDA:338,58,0,0
BRDA:338,58,1,0
BRDA:345,59,0,0
BRDA:345,59,1,0
BRDA:354,60,0,0
BRDA:354,60,1,0
BRDA:362,61,0,0
BRDA:362,61,1,0
BRDA:364,62,0,0
BRDA:364,62,1,0
BRDA:364,63,0,0
BRDA:364,63,1,0
BRDA:374,64,0,0
BRDA:374,64,1,0
BRDA:381,65,0,0
BRDA:381,65,1,0
BRDA:383,66,0,0
BRDA:383,66,1,0
BRDA:386,67,0,0
BRDA:386,67,1,0
BRDA:393,68,0,0
BRDA:393,68,1,0
BRDA:395,69,0,0
BRDA:395,69,1,0
BRDA:422,70,0,0
BRDA:422,70,1,0
BRDA:422,70,2,0
BRDA:423,71,0,0
BRDA:423,71,1,0
BRDA:428,72,0,0
BRDA:428,72,1,0
BRF:148
BRH:0
end_of_record
TN:
SF:src/components/booking/BookingSummary.tsx
FN:23,(anonymous_0)
FN:35,(anonymous_1)
FN:45,(anonymous_2)
FNF:3
FNH:0
FNDA:0,(anonymous_0)
FNDA:0,(anonymous_1)
FNDA:0,(anonymous_2)
DA:23,0
DA:35,0
DA:36,0
DA:41,0
DA:46,0
DA:48,0
DA:50,0
DA:104,0
LF:8
LH:0
BRDA:39,0,0,0
BRDA:39,0,1,0
BRDA:46,1,0,0
BRDA:46,1,1,0
BRDA:53,2,0,0
BRDA:53,2,1,0
BRDA:61,3,0,0
BRDA:61,3,1,0
BRDA:76,4,0,0
BRDA:76,4,1,0
BRDA:81,5,0,0
BRDA:81,5,1,0
BRDA:87,6,0,0
BRDA:87,6,1,0
BRDA:87,6,2,0
BRDA:87,6,3,0
BRDA:93,7,0,0
BRDA:93,7,1,0
BRF:18
BRH:0
end_of_record
TN:
SF:src/components/booking/LuggageItem.tsx
FN:12,(anonymous_0)
FNF:1
FNH:0
FNDA:0,(anonymous_0)
DA:12,0
DA:13,0
DA:15,0
DA:21,0
DA:42,0
LF:5
LH:0
BRDA:13,0,0,0
BRDA:13,0,1,0
BRDA:25,1,0,0
BRDA:25,1,1,0
BRDA:36,2,0,0
BRDA:36,2,1,0
BRDA:36,3,0,0
BRDA:36,3,1,0
BRF:8
BRH:0
end_of_record
TN:
SF:src/components/booking/MainBookingCard.tsx
FN:14,(anonymous_0)
FN:16,(anonymous_1)
FN:27,(anonymous_2)
FN:32,(anonymous_3)
FNF:4
FNH:0
FNDA:0,(anonymous_0)
FNDA:0,(anonymous_1)
FNDA:0,(anonymous_2)
FNDA:0,(anonymous_3)
DA:14,0
DA:15,0
DA:16,0
DA:18,0
DA:22,0
DA:27,0
DA:28,0
DA:29,0
DA:32,0
DA:33,0
DA:35,0
DA:37,0
DA:38,0
DA:110,0
LF:14
LH:0
BRDA:41,0,0,0
BRDA:41,0,1,0
BRDA:49,1,0,0
BRDA:49,1,1,0
BRDA:53,2,0,0
BRDA:53,2,1,0
BRDA:76,3,0,0
BRDA:76,3,1,0
BRDA:81,4,0,0
BRDA:81,4,1,0
BRDA:86,5,0,0
BRDA:86,5,1,0
BRF:12
BRH:0
end_of_record
TN:
SF:src/components/booking/MiniBookingCard.tsx
FN:8,(anonymous_0)
FN:48,(anonymous_1)
FNF:2
FNH:0
FNDA:0,(anonymous_0)
FNDA:0,(anonymous_1)
DA:8,0
DA:15,0
DA:21,0
DA:22,0
DA:24,0
DA:48,0
DA:70,0
LF:7
LH:0
BRDA:22,0,0,0
BRDA:22,0,1,0
BRDA:22,1,0,0
BRDA:22,1,1,0
BRDA:22,2,0,0
BRDA:22,2,1,0
BRDA:29,3,0,0
BRDA:29,3,1,0
BRDA:33,4,0,0
BRDA:33,4,1,0
BRDA:54,5,0,0
BRDA:54,5,1,0
BRDA:54,5,2,0
BRDA:54,5,3,0
BRDA:60,6,0,0
BRDA:60,6,1,0
BRF:16
BRH:0
end_of_record
TN:
SF:src/components/booking/ReviewModal.tsx
FN:24,(anonymous_0)
FN:29,(anonymous_1)
FN:35,(anonymous_2)
FN:71,(anonymous_3)
FN:74,(anonymous_4)
FNF:5
FNH:0
FNDA:0,(anonymous_0)
FNDA:0,(anonymous_1)
FNDA:0,(anonymous_2)
FNDA:0,(anonymous_3)
FNDA:0,(anonymous_4)
DA:24,0
DA:25,0
DA:26,0
DA:27,0
DA:29,0
DA:30,0
DA:36,0
DA:37,0
DA:38,0
DA:39,0
DA:44,0
DA:72,0
DA:74,0
DA:121,0
LF:14
LH:0
BRDA:53,0,0,0
BRDA:53,0,1,0
BRDA:79,1,0,0
BRDA:79,1,1,0
BRDA:81,2,0,0
BRDA:81,2,1,0
BRDA:102,3,0,0
BRDA:102,3,1,0
BRDA:108,4,0,0
BRDA:108,4,1,0
BRF:10
BRH:0
end_of_record
TN:
SF:src/components/booking/ticket/InfoBadge.tsx
FN:9,(anonymous_0)
FNF:1
FNH:0
FNDA:0,(anonymous_0)
DA:9,0
DA:10,0
DA:20,0
LF:3
LH:0
BRF:0
BRH:0
end_of_record
TN:
SF:src/components/booking/ticket/ItemSummary.tsx
FN:10,(anonymous_0)
FN:22,(anonymous_1)
FNF:2
FNH:0
FNDA:0,(anonymous_0)
FNDA:0,(anonymous_1)
DA:10,0
DA:12,0
DA:18,0
DA:23,0
DA:26,0
DA:28,0
DA:44,0
LF:7
LH:0
BRDA:26,0,0,0
BRDA:26,0,1,0
BRF:2
BRH:0
end_of_record
TN:
SF:src/components/booking/ticket/TicketCard.tsx
FN:4,(anonymous_0)
FNF:1
FNH:0
FNDA:0,(anonymous_0)
DA:4,0
DA:5,0
DA:28,0
LF:3
LH:0
BRF:0
BRH:0
end_of_record
TN:
SF:src/components/booking/ticket/TicketInfoSection.tsx
FN:5,(anonymous_0)
FNF:1
FNH:0
FNDA:0,(anonymous_0)
DA:5,0
DA:6,0
DA:26,0
LF:3
LH:0
BRF:0
BRH:0
end_of_record
TN:
SF:src/components/client/booking.tsx
FN:21,BookingsScreen
FN:27,(anonymous_1)
FN:29,(anonymous_2)
FN:31,(anonymous_3)
FN:35,(anonymous_4)
FN:39,(anonymous_5)
FN:44,(anonymous_6)
FN:46,(anonymous_7)
FN:73,(anonymous_8)
FN:77,(anonymous_9)
FN:86,(anonymous_10)
FN:97,(anonymous_11)
FN:101,(anonymous_12)
FN:106,(anonymous_13)
FNF:14
FNH:0
FNDA:0,BookingsScreen
FNDA:0,(anonymous_1)
FNDA:0,(anonymous_2)
FNDA:0,(anonymous_3)
FNDA:0,(anonymous_4)
FNDA:0,(anonymous_5)
FNDA:0,(anonymous_6)
FNDA:0,(anonymous_7)
FNDA:0,(anonymous_8)
FNDA:0,(anonymous_9)
FNDA:0,(anonymous_10)
FNDA:0,(anonymous_11)
FNDA:0,(anonymous_12)
FNDA:0,(anonymous_13)
DA:22,0
DA:23,0
DA:24,0
DA:27,0
DA:28,0
DA:29,0
DA:30,0
DA:31,0
DA:32,0
DA:33,0
DA:39,0
DA:40,0
DA:41,0
DA:44,0
DA:45,0
DA:46,0
DA:47,0
DA:49,0
DA:51,0
DA:55,0
DA:56,0
DA:63,0
DA:74,0
DA:77,0
DA:86,0
DA:98,0
DA:101,0
DA:106,0
DA:123,0
LF:29
LH:0
BRDA:28,0,0,0
BRDA:28,0,1,0
BRDA:30,1,0,0
BRDA:30,1,1,0
BRDA:32,2,0,0
BRDA:32,2,1,0
BRDA:32,3,0,0
BRDA:32,3,1,0
BRDA:45,4,0,0
BRDA:45,4,1,0
BRDA:47,5,0,0
BRDA:47,5,1,0
BRDA:49,6,0,0
BRDA:49,6,1,0
BRDA:49,6,2,0
BRDA:51,7,0,0
BRDA:51,7,1,0
BRDA:55,8,0,0
BRDA:55,8,1,0
BRDA:55,9,0,0
BRDA:55,9,1,0
BRDA:76,10,0,0
BRDA:76,10,1,0
BRDA:79,11,0,0
BRDA:79,11,1,0
BRDA:98,12,0,0
BRDA:98,12,1,0
BRDA:112,13,0,0
BRDA:112,13,1,0
BRF:29
BRH:0
end_of_record
TN:
SF:src/components/location/LocationCard.styles.ts
FNF:0
FNH:0
LF:0
LH:0
BRF:0
BRH:0
end_of_record
TN:
SF:src/components/location/LocationCard.tsx
FNF:0
FNH:0
LF:0
LH:0
BRF:0
BRH:0
end_of_record
TN:
SF:src/components/map/MapView.tsx
FN:6,Map
FN:9,(anonymous_1)
FN:22,(anonymous_2)
FN:30,(anonymous_3)
FNF:4
FNH:0
FNDA:0,Map
FNDA:0,(anonymous_1)
FNDA:0,(anonymous_2)
FNDA:0,(anonymous_3)
DA:7,0
DA:9,0
DA:10,0
DA:11,0
DA:15,0
DA:23,0
DA:30,0
DA:37,0
LF:8
LH:0
BRDA:10,0,0,0
BRDA:10,0,1,0
BRF:2
BRH:0
end_of_record
TN:
SF:src/components/owner/LocationList.tsx
FN:16,(anonymous_0)
FN:20,(anonymous_1)
FN:24,(anonymous_2)
FN:49,(anonymous_3)
FNF:4
FNH:0
FNDA:0,(anonymous_0)
FNDA:0,(anonymous_1)
FNDA:0,(anonymous_2)
FNDA:0,(anonymous_3)
DA:16,0
DA:17,0
DA:18,0
DA:20,0
DA:21,0
DA:24,0
DA:25,0
DA:26,0
DA:27,0
DA:28,0
DA:30,0
DA:32,0
DA:36,0
DA:37,0
DA:39,0
DA:50,0
DA:81,0
LF:17
LH:0
BRDA:36,0,0,0
BRDA:36,0,1,0
BRF:2
BRH:0
end_of_record
TN:
SF:src/components/owner/NewLocationButton.tsx
FN:6,(anonymous_0)
FN:12,(anonymous_1)
FNF:2
FNH:0
FNDA:0,(anonymous_0)
FNDA:0,(anonymous_1)
DA:6,0
DA:7,0
DA:9,0
DA:12,0
DA:23,0
LF:5
LH:0
BRF:0
BRH:0
end_of_record
TN:
SF:src/components/owner/RecentActivity.styles.ts
FN:4,(anonymous_0)
FNF:1
FNH:0
FNDA:0,(anonymous_0)
DA:4,0
LF:1
LH:0
BRF:0
BRH:0
end_of_record
TN:
SF:src/components/owner/RecentActivity.tsx
FN:19,(anonymous_0)
FN:21,(anonymous_1)
FN:45,(anonymous_2)
FN:60,(anonymous_3)
FN:63,(anonymous_4)
FN:66,(anonymous_5)
FN:110,(anonymous_6)
FN:115,(anonymous_7)
FN:128,(anonymous_8)
FNF:9
FNH:0
FNDA:0,(anonymous_0)
FNDA:0,(anonymous_1)
FNDA:0,(anonymous_2)
FNDA:0,(anonymous_3)
FNDA:0,(anonymous_4)
FNDA:0,(anonymous_5)
FNDA:0,(anonymous_6)
FNDA:0,(anonymous_7)
FNDA:0,(anonymous_8)
DA:19,0
DA:20,0
DA:21,0
DA:23,0
DA:30,0
DA:32,0
DA:46,0
DA:60,0
DA:61,0
DA:62,0
DA:63,0
DA:64,0
DA:66,0
DA:67,0
DA:68,0
DA:70,0
DA:71,0
DA:74,0
DA:75,0
DA:76,0
DA:77,0
DA:80,0
DA:83,0
DA:84,0
DA:92,0
DA:93,0
DA:105,0
DA:111,0
DA:112,0
DA:113,0
DA:115,0
DA:116,0
DA:119,0
DA:120,0
DA:121,0
DA:122,0
DA:123,0
DA:128,0
LF:38
LH:0
BRDA:36,0,0,0
BRDA:36,0,1,0
BRDA:43,1,0,0
BRDA:43,1,1,0
BRDA:60,2,0,0
BRDA:70,3,0,0
BRDA:70,3,1,0
BRDA:76,4,0,0
BRDA:76,4,1,0
BRDA:83,5,0,0
BRDA:83,5,1,0
BRDA:92,6,0,0
BRDA:92,6,1,0
BRDA:92,7,0,0
BRDA:92,7,1,0
BRDA:113,8,0,0
BRDA:113,8,1,0
BRDA:119,9,0,0
BRDA:119,9,1,0
BRDA:119,10,0,0
BRDA:119,10,1,0
BRDA:120,11,0,0
BRDA:120,11,1,0
BRDA:121,12,0,0
BRDA:121,12,1,0
BRDA:122,13,0,0
BRDA:122,13,1,0
BRDA:127,14,0,0
BRDA:127,14,1,0
BRF:29
BRH:0
end_of_record
TN:
SF:src/components/owner/booking/BookingCard.tsx
FN:17,(anonymous_0)
FN:68,(anonymous_1)
FN:120,(anonymous_2)
FNF:3
FNH:0
FNDA:0,(anonymous_0)
FNDA:0,(anonymous_1)
FNDA:0,(anonymous_2)
DA:17,0
DA:18,0
DA:20,0
DA:21,0
DA:22,0
DA:25,0
DA:28,0
DA:66,0
DA:68,0
DA:69,0
DA:75,0
DA:120,0
DA:129,0
LF:13
LH:0
BRDA:66,0,0,0
BRDA:66,0,1,0
BRDA:76,1,0,0
BRDA:76,1,1,0
BRDA:82,2,0,0
BRDA:82,2,1,0
BRDA:120,3,0,0
BRDA:120,3,1,0
BRDA:122,4,0,0
BRDA:122,4,1,0
BRF:10
BRH:0
end_of_record
TN:
SF:src/components/owner/booking/Bookings.tsx
FN:29,BookingsScreen
FN:41,(anonymous_1)
FN:46,(anonymous_2)
FN:52,(anonymous_3)
FN:61,(anonymous_4)
FN:67,(anonymous_5)
FN:82,(anonymous_6)
FN:91,(anonymous_7)
FN:94,(anonymous_8)
FN:112,(anonymous_9)
FN:113,(anonymous_10)
FN:116,(anonymous_11)
FN:129,(anonymous_12)
FNF:13
FNH:0
FNDA:0,BookingsScreen
FNDA:0,(anonymous_1)
FNDA:0,(anonymous_2)
FNDA:0,(anonymous_3)
FNDA:0,(anonymous_4)
FNDA:0,(anonymous_5)
FNDA:0,(anonymous_6)
FNDA:0,(anonymous_7)
FNDA:0,(anonymous_8)
FNDA:0,(anonymous_9)
FNDA:0,(anonymous_10)
FNDA:0,(anonymous_11)
FNDA:0,(anonymous_12)
DA:21,0
DA:30,0
DA:31,0
DA:32,0
DA:33,0
DA:34,0
DA:39,0
DA:41,0
DA:42,0
DA:43,0
DA:44,0
DA:45,0
DA:46,0
DA:47,0
DA:50,0
DA:51,0
DA:52,0
DA:53,0
DA:58,0
DA:61,0
DA:63,0
DA:67,0
DA:82,0
DA:92,0
DA:94,0
DA:112,0
DA:113,0
DA:116,0
DA:129,0
LF:29
LH:0
BRDA:35,0,0,0
BRDA:35,0,1,0
BRDA:35,1,0,0
BRDA:35,1,1,0
BRDA:37,2,0,0
BRDA:37,2,1,0
BRDA:42,3,0,0
BRDA:42,3,1,0
BRDA:44,4,0,0
BRDA:44,4,1,0
BRDA:47,5,0,0
BRDA:47,5,1,0
BRDA:50,6,0,0
BRDA:50,6,1,0
BRDA:53,7,0,0
BRDA:53,7,1,0
BRDA:53,7,2,0
BRDA:81,8,0,0
BRDA:81,8,1,0
BRDA:95,9,0,0
BRDA:95,9,1,0
BRDA:97,10,0,0
BRDA:97,10,1,0
BRDA:105,11,0,0
BRDA:105,11,1,0
BRF:25
BRH:0
end_of_record
TN:
SF:src/components/owner/booking/CheckInSuccesfull.tsx
FN:17,(anonymous_0)
FNF:1
FNH:0
FNDA:0,(anonymous_0)
DA:17,0
DA:19,0
DA:20,0
DA:22,0
DA:108,0
LF:5
LH:0
BRDA:19,0,0,0
BRDA:19,0,1,0
BRDA:20,1,0,0
BRDA:20,1,1,0
BRF:4
BRH:0
end_of_record
TN:
SF:src/components/owner/create-location/SecurityFeature.tsx
FN:11,(anonymous_0)
FN:14,(anonymous_1)
FNF:2
FNH:0
FNDA:0,(anonymous_0)
FNDA:0,(anonymous_1)
DA:11,0
DA:12,0
DA:14,0
DA:15,0
DA:16,0
DA:17,0
DA:20,0
DA:37,0
LF:8
LH:0
BRDA:17,0,0,0
BRDA:17,0,1,0
BRDA:23,1,0,0
BRDA:23,1,1,0
BRDA:26,2,0,0
BRDA:26,2,1,0
BRDA:27,3,0,0
BRDA:27,3,1,0
BRDA:30,4,0,0
BRDA:30,4,1,0
BRF:10
BRH:0
end_of_record
TN:
SF:src/components/owner/create-location/StorageCard.tsx
FN:16,(anonymous_0)
FN:26,(anonymous_1)
FN:72,(anonymous_2)
FNF:3
FNH:0
FNDA:0,(anonymous_0)
FNDA:0,(anonymous_1)
FNDA:0,(anonymous_2)
DA:16,0
DA:25,0
DA:26,0
DA:28,0
DA:72,0
LF:5
LH:0
BRF:0
BRH:0
end_of_record
TN:
SF:src/components/owner/dashboard/CapacityCircles.tsx
FN:5,(anonymous_0)
FN:27,(anonymous_1)
FN:31,(anonymous_2)
FNF:3
FNH:0
FNDA:0,(anonymous_0)
FNDA:0,(anonymous_1)
FNDA:0,(anonymous_2)
DA:5,0
DA:6,0
DA:7,0
DA:8,0
DA:9,0
DA:11,0
DA:27,0
DA:28,0
DA:32,0
DA:43,0
LF:10
LH:0
BRF:0
BRH:0
end_of_record
TN:
SF:src/components/owner/dashboard/CurrentBookingsCard.tsx
FN:7,(anonymous_0)
FN:11,(anonymous_1)
FNF:2
FNH:0
FNDA:0,(anonymous_0)
FNDA:0,(anonymous_1)
DA:7,0
DA:8,0
DA:9,0
DA:11,0
DA:35,0
LF:5
LH:0
BRF:0
BRH:0
end_of_record
TN:
SF:src/components/owner/dashboard/DashboardStatsGrid.tsx
FN:13,(anonymous_0)
FN:20,(anonymous_1)
FN:21,(anonymous_2)
FN:23,(anonymous_3)
FNF:4
FNH:0
FNDA:0,(anonymous_0)
FNDA:0,(anonymous_1)
FNDA:0,(anonymous_2)
FNDA:0,(anonymous_3)
DA:4,0
DA:5,0
DA:13,0
DA:14,0
DA:20,0
DA:21,0
DA:22,0
DA:23,0
DA:24,0
DA:27,0
DA:28,0
DA:54,0
LF:12
LH:0
BRDA:22,0,0,0
BRDA:22,0,1,0
BRDA:22,1,0,0
BRDA:22,1,1,0
BRF:4
BRH:0
end_of_record
TN:
SF:src/components/owner/dashboard/Header.tsx
FN:15,(anonymous_0)
FN:30,(anonymous_1)
FN:33,(anonymous_2)
FN:35,(anonymous_3)
FN:42,(anonymous_4)
FN:59,(anonymous_5)
FN:62,(anonymous_6)
FN:71,(anonymous_7)
FNF:8
FNH:0
FNDA:0,(anonymous_0)
FNDA:0,(anonymous_1)
FNDA:0,(anonymous_2)
FNDA:0,(anonymous_3)
FNDA:0,(anonymous_4)
FNDA:0,(anonymous_5)
FNDA:0,(anonymous_6)
FNDA:0,(anonymous_7)
DA:15,0
DA:22,0
DA:23,0
DA:24,0
DA:25,0
DA:26,0
DA:27,0
DA:28,0
DA:30,0
DA:32,0
DA:33,0
DA:35,0
DA:36,0
DA:37,0
DA:38,0
DA:42,0
DA:44,0
DA:59,0
DA:62,0
DA:71,0
LF:20
LH:0
BRDA:33,0,0,0
BRDA:33,0,1,0
BRDA:33,1,0,0
BRDA:33,1,1,0
BRDA:36,2,0,0
BRDA:36,2,1,0
BRDA:37,3,0,0
BRDA:37,3,1,0
BRDA:37,4,0,0
BRDA:37,4,1,0
BRDA:37,4,2,0
BRDA:54,5,0,0
BRDA:54,5,1,0
BRDA:64,6,0,0
BRDA:64,6,1,0
BRF:15
BRH:0
end_of_record
TN:
SF:src/components/owner/dashboard/StatMiniCards.tsx
FN:14,(anonymous_0)
FN:34,(anonymous_1)
FNF:2
FNH:0
FNDA:0,(anonymous_0)
FNDA:0,(anonymous_1)
DA:14,0
DA:15,0
DA:34,0
DA:42,0
DA:43,0
DA:45,0
DA:57,0
LF:7
LH:0
BRDA:21,0,0,0
BRDA:21,0,1,0
BRDA:43,1,0,0
BRDA:43,1,1,0
BRDA:46,2,0,0
BRDA:46,2,1,0
BRF:6
BRH:0
end_of_record
TN:
SF:src/components/owner/dashboard/UpcomingDropoffsCard.tsx
FN:17,(anonymous_0)
FN:20,(anonymous_1)
FNF:2
FNH:0
FNDA:0,(anonymous_0)
FNDA:0,(anonymous_1)
DA:13,0
DA:14,0
DA:17,0
DA:18,0
DA:20,0
DA:21,0
DA:22,0
DA:25,0
DA:56,0
LF:9
LH:0
BRDA:13,0,0,0
BRDA:13,0,1,0
BRDA:13,1,0,0
BRDA:13,1,1,0
BRDA:38,2,0,0
BRDA:38,2,1,0
BRDA:42,3,0,0
BRDA:42,3,1,0
BRDA:46,4,0,0
BRDA:46,4,1,0
BRDA:47,5,0,0
BRDA:47,5,1,0
BRF:12
BRH:0
end_of_record
TN:
SF:src/components/owner/dashboard/UpcomingPickupsCard.tsx
FN:17,(anonymous_0)
FN:20,(anonymous_1)
FNF:2
FNH:0
FNDA:0,(anonymous_0)
FNDA:0,(anonymous_1)
DA:13,0
DA:14,0
DA:17,0
DA:18,0
DA:20,0
DA:21,0
DA:22,0
DA:25,0
DA:56,0
LF:9
LH:0
BRDA:13,0,0,0
BRDA:13,0,1,0
BRDA:13,1,0,0
BRDA:13,1,1,0
BRDA:38,2,0,0
BRDA:38,2,1,0
BRDA:42,3,0,0
BRDA:42,3,1,0
BRDA:46,4,0,0
BRDA:46,4,1,0
BRDA:47,5,0,0
BRDA:47,5,1,0
BRF:12
BRH:0
end_of_record
TN:
SF:src/components/ui/BottomSheetModal.tsx
FN:10,(anonymous_0)
FNF:1
FNH:0
FNDA:0,(anonymous_0)
DA:10,0
DA:11,0
DA:13,0
DA:28,0
LF:4
LH:0
BRDA:15,0,0,0
BRDA:15,0,1,0
BRF:2
BRH:0
end_of_record
TN:
SF:src/components/ui/DateInput.tsx
FN:19,(anonymous_0)
FN:32,(anonymous_1)
FN:33,(anonymous_2)
FN:35,(anonymous_3)
FNF:4
FNH:0
FNDA:0,(anonymous_0)
FNDA:0,(anonymous_1)
FNDA:0,(anonymous_2)
FNDA:0,(anonymous_3)
DA:19,0
DA:30,0
DA:32,0
DA:33,0
DA:35,0
DA:36,0
DA:37,0
DA:40,0
DA:73,0
LF:9
LH:0
BRDA:23,0,0,0
BRDA:26,1,0,0
BRDA:28,2,0,0
BRDA:54,3,0,0
BRDA:54,3,1,0
BRDA:63,4,0,0
BRDA:63,4,1,0
BRF:7
BRH:0
end_of_record
TN:
SF:src/components/ui/ErrorBoundary.tsx
FN:14,(anonymous_0)
FN:19,(anonymous_1)
FN:23,(anonymous_2)
FN:27,(anonymous_3)
FN:31,(anonymous_4)
FNF:5
FNH:0
FNDA:0,(anonymous_0)
FNDA:0,(anonymous_1)
FNDA:0,(anonymous_2)
FNDA:0,(anonymous_3)
FNDA:0,(anonymous_4)
DA:15,0
DA:16,0
DA:20,0
DA:24,0
DA:27,0
DA:28,0
DA:32,0
DA:33,0
DA:52,0
DA:56,0
LF:10
LH:0
BRDA:32,0,0,0
BRDA:32,0,1,0
BRDA:41,1,0,0
BRDA:41,1,1,0
BRDA:41,1,2,0
BRF:5
BRH:0
end_of_record
TN:
SF:src/components/ui/FormInput.tsx
FN:18,(anonymous_0)
FN:35,(anonymous_1)
FNF:2
FNH:0
FNDA:0,(anonymous_0)
FNDA:0,(anonymous_1)
DA:18,0
DA:29,0
DA:36,0
DA:63,0
LF:4
LH:0
BRDA:36,0,0,0
BRDA:36,0,1,0
BRDA:43,1,0,0
BRDA:43,1,1,0
BRDA:46,2,0,0
BRDA:46,2,1,0
BRDA:49,3,0,0
BRDA:49,3,1,0
BRDA:58,4,0,0
BRDA:58,4,1,0
BRF:10
BRH:0
end_of_record
TN:
SF:src/components/ui/NetworkBanner.tsx
FN:5,(anonymous_0)
FN:8,(anonymous_1)
FN:9,(anonymous_2)
FN:12,(anonymous_3)
FNF:4
FNH:0
FNDA:0,(anonymous_0)
FNDA:0,(anonymous_1)
FNDA:0,(anonymous_2)
FNDA:0,(anonymous_3)
DA:5,0
DA:6,0
DA:8,0
DA:9,0
DA:10,0
DA:12,0
DA:15,0
DA:17,0
DA:24,0
LF:9
LH:0
BRDA:10,0,0,0
BRDA:10,0,1,0
BRDA:15,1,0,0
BRDA:15,1,1,0
BRF:4
BRH:0
end_of_record
TN:
SF:src/components/ui/PrimaryButton.tsx
FN:10,(anonymous_0)
FNF:1
FNH:0
FNDA:0,(anonymous_0)
DA:10,0
DA:11,0
DA:13,0
DA:17,0
DA:21,0
DA:33,0
LF:6
LH:0
BRDA:10,0,0,0
BRDA:13,1,0,0
BRDA:13,1,1,0
BRDA:14,2,0,0
BRDA:14,2,1,0
BRDA:17,3,0,0
BRDA:17,3,1,0
BRDA:18,4,0,0
BRDA:18,4,1,0
BRDA:23,5,0,0
BRDA:23,5,1,0
BRDA:23,5,2,0
BRDA:24,6,0,0
BRDA:24,6,1,0
BRDA:28,7,0,0
BRDA:28,7,1,0
BRF:16
BRH:0
end_of_record
TN:
SF:src/components/ui/StatusBadge.tsx
FN:3,(anonymous_0)
FNF:1
FNH:0
FNDA:0,(anonymous_0)
DA:3,0
DA:4,0
DA:9,0
LF:3
LH:0
BRF:0
BRH:0
end_of_record
TN:
SF:src/components/ui/SurfaceCard.tsx
FN:10,(anonymous_0)
FN:12,(anonymous_1)
FN:17,(anonymous_2)
FNF:3
FNH:0
FNDA:0,(anonymous_0)
FNDA:0,(anonymous_1)
FNDA:0,(anonymous_2)
DA:10,0
DA:11,0
DA:12,0
DA:14,0
DA:17,0
LF:5
LH:0
BRDA:10,0,0,0
BRDA:10,1,0,0
BRDA:22,2,0,0
BRDA:22,2,1,0
BRDA:24,3,0,0
BRDA:24,3,1,0
BRF:6
BRH:0
end_of_record
TN:
SF:src/components/ui/UserAvatar.tsx
FN:17,UserAvatar
FN:20,(anonymous_1)
FN:27,(anonymous_2)
FNF:3
FNH:0
FNDA:0,UserAvatar
FNDA:0,(anonymous_1)
FNDA:0,(anonymous_2)
DA:18,0
DA:20,0
DA:21,0
DA:22,0
DA:23,0
DA:24,0
DA:27,0
DA:28,0
DA:30,0
DA:31,0
DA:34,0
DA:35,0
DA:43,0
DA:44,0
DA:46,0
DA:62,0
LF:16
LH:0
BRDA:17,0,0,0
BRDA:22,1,0,0
BRDA:22,1,1,0
BRDA:23,2,0,0
BRDA:23,2,1,0
BRDA:28,3,0,0
BRDA:28,3,1,0
BRDA:30,4,0,0
BRDA:30,4,1,0
BRDA:30,5,0,0
BRDA:30,5,1,0
BRDA:31,6,0,0
BRDA:31,6,1,0
BRDA:34,7,0,0
BRDA:34,7,1,0
BRDA:43,8,0,0
BRDA:43,8,1,0
BRDA:53,9,0,0
BRDA:53,9,1,0
BRF:19
BRH:0
end_of_record
TN:
SF:src/components/ui/collapsible.tsx
FN:10,Collapsible
FN:18,(anonymous_1)
FN:18,(anonymous_2)
FNF:3
FNH:0
FNDA:0,Collapsible
FNDA:0,(anonymous_1)
FNDA:0,(anonymous_2)
DA:11,0
DA:12,0
DA:14,0
DA:18,0
DA:35,0
LF:5
LH:0
BRDA:12,0,0,0
BRDA:12,0,1,0
BRDA:24,1,0,0
BRDA:24,1,1,0
BRDA:25,2,0,0
BRDA:25,2,1,0
BRDA:30,3,0,0
BRDA:30,3,1,0
BRF:8
BRH:0
end_of_record
TN:
SF:src/components/ui/icon-symbol.ios.tsx
FN:4,IconSymbol
FNF:1
FNH:0
FNDA:0,IconSymbol
DA:17,0
LF:1
LH:0
BRDA:6,0,0,0
BRDA:9,1,0,0
BRF:2
BRH:0
end_of_record
TN:
SF:src/components/ui/icon-symbol.tsx
FN:28,IconSymbol
FNF:1
FNH:0
FNDA:0,IconSymbol
DA:16,0
DA:40,0
LF:2
LH:0
BRDA:30,0,0,0
BRF:1
BRH:0
end_of_record
TN:
SF:src/config/toastConfig.tsx
FN:7,(anonymous_0)
FNF:1
FNH:0
FNDA:0,(anonymous_0)
DA:6,0
DA:8,0
DA:22,0
LF:3
LH:0
BRF:0
BRH:0
end_of_record
TN:
SF:src/constants/routes.ts
FN:21,(anonymous_0)
FN:26,(anonymous_1)
FN:33,(anonymous_2)
FN:35,(anonymous_3)
FN:36,(anonymous_4)
FNF:5
FNH:3
FNDA:1,(anonymous_0)
FNDA:2,(anonymous_1)
FNDA:1,(anonymous_2)
FNDA:0,(anonymous_3)
FNDA:0,(anonymous_4)
DA:1,1
DA:21,1
DA:26,2
DA:33,1
DA:35,0
DA:36,0
LF:6
LH:4
BRF:0
BRH:0
end_of_record
TN:
SF:src/constants/theme.ts
FNF:0
FNH:0
DA:8,0
DA:9,0
DA:11,0
DA:30,0
LF:4
LH:0
BRF:0
BRH:0
end_of_record
TN:
SF:src/hooks/use-color-scheme.ts
FNF:0
FNH:0
LF:0
LH:0
BRF:0
BRH:0
end_of_record
TN:
SF:src/hooks/use-color-scheme.web.ts
FN:7,useColorScheme
FN:10,(anonymous_1)
FNF:2
FNH:0
FNDA:0,useColorScheme
FNDA:0,(anonymous_1)
DA:8,0
DA:10,0
DA:11,0
DA:14,0
DA:16,0
DA:17,0
DA:20,0
LF:7
LH:0
BRDA:16,0,0,0
BRDA:16,0,1,0
BRF:2
BRH:0
end_of_record
TN:
SF:src/hooks/use-theme-color.ts
FN:9,useThemeColor
FNF:1
FNH:0
FNDA:0,useThemeColor
DA:13,0
DA:14,0
DA:16,0
DA:17,0
DA:19,0
LF:5
LH:0
BRDA:13,0,0,0
BRDA:13,0,1,0
BRDA:16,1,0,0
BRDA:16,1,1,0
BRF:4
BRH:0
end_of_record
TN:
SF:src/hooks/useActivityLogs.ts
FN:15,(anonymous_0)
FN:18,(anonymous_1)
FNF:2
FNH:0
FNDA:0,(anonymous_0)
FNDA:0,(anonymous_1)
DA:15,0
DA:16,0
DA:19,0
DA:20,0
LF:4
LH:0
BRDA:15,0,0,0
BRF:1
BRH:0
end_of_record
TN:
SF:src/hooks/useAuth.ts
FN:5,(anonymous_0)
FN:7,(anonymous_1)
FN:11,(anonymous_2)
FN:21,(anonymous_3)
FN:25,(anonymous_4)
FNF:5
FNH:0
FNDA:0,(anonymous_0)
FNDA:0,(anonymous_1)
FNDA:0,(anonymous_2)
FNDA:0,(anonymous_3)
FNDA:0,(anonymous_4)
DA:5,0
DA:7,0
DA:9,0
DA:15,0
DA:16,0
DA:18,0
DA:22,0
DA:25,0
DA:26,0
DA:33,0
LF:10
LH:0
BRDA:15,0,0,0
BRDA:15,0,1,0
BRDA:15,1,0,0
BRDA:15,1,1,0
BRDA:22,2,0,0
BRDA:22,2,1,0
BRDA:28,3,0,0
BRDA:28,3,1,0
BRF:8
BRH:0
end_of_record
TN:
SF:src/hooks/useBecomeOwner.ts
FN:10,useBecomeOwner
FN:11,(anonymous_1)
FN:14,(anonymous_2)
FN:18,(anonymous_3)
FNF:4
FNH:0
FNDA:0,useBecomeOwner
FNDA:0,(anonymous_1)
FNDA:0,(anonymous_2)
FNDA:0,(anonymous_3)
DA:11,0
DA:13,0
DA:15,0
DA:16,0
DA:20,0
DA:21,0
LF:6
LH:0
BRDA:20,0,0,0
BRDA:20,0,1,0
BRDA:20,1,0,0
BRDA:20,1,1,0
BRF:4
BRH:0
end_of_record
TN:
SF:src/hooks/useBookingDetail.ts
FN:5,(anonymous_0)
FN:10,(anonymous_1)
FN:20,(anonymous_2)
FN:23,(anonymous_3)
FNF:4
FNH:0
FNDA:0,(anonymous_0)
FNDA:0,(anonymous_1)
FNDA:0,(anonymous_2)
FNDA:0,(anonymous_3)
DA:5,0
DA:6,0
DA:8,0
DA:11,0
DA:12,0
DA:21,0
DA:23,0
LF:7
LH:0
BRF:0
BRH:0
end_of_record
TN:
SF:src/hooks/useCreateBooking.ts
FN:7,useCreateBooking
FN:12,(anonymous_1)
FN:13,(anonymous_2)
FN:23,(anonymous_3)
FNF:4
FNH:0
FNDA:0,useCreateBooking
FNDA:0,(anonymous_1)
FNDA:0,(anonymous_2)
FNDA:0,(anonymous_3)
DA:8,0
DA:9,0
DA:11,0
DA:12,0
DA:14,0
DA:16,0
DA:17,0
DA:18,0
DA:20,0
DA:24,0
DA:25,0
DA:26,0
LF:12
LH:0
BRDA:17,0,0,0
BRDA:17,0,1,0
BRDA:25,1,0,0
BRDA:25,1,1,0
BRF:4
BRH:0
end_of_record
TN:
SF:src/hooks/useDashboard.ts
FN:54,(anonymous_0)
FN:57,(anonymous_1)
FN:67,(anonymous_2)
FN:81,(anonymous_3)
FN:84,(anonymous_4)
FNF:5
FNH:0
FNDA:0,(anonymous_0)
FNDA:0,(anonymous_1)
FNDA:0,(anonymous_2)
FNDA:0,(anonymous_3)
FNDA:0,(anonymous_4)
DA:54,0
DA:55,0
DA:58,0
DA:62,0
DA:63,0
DA:67,0
DA:81,0
DA:82,0
DA:85,0
DA:86,0
LF:10
LH:0
BRDA:58,0,0,0
BRDA:58,0,1,0
BRDA:65,1,0,0
BRDA:65,1,1,0
BRF:4
BRH:0
end_of_record
TN:
SF:src/hooks/useGoogleAuth.ts
FN:12,(anonymous_0)
FN:14,(anonymous_1)
FN:24,(anonymous_2)
FN:33,(anonymous_3)
FN:72,(anonymous_4)
FNF:5
FNH:0
FNDA:0,(anonymous_0)
FNDA:0,(anonymous_1)
FNDA:0,(anonymous_2)
FNDA:0,(anonymous_3)
FNDA:0,(anonymous_4)
DA:10,0
DA:12,0
DA:13,0
DA:14,0
DA:15,0
DA:16,0
DA:17,0
DA:24,0
DA:25,0
DA:26,0
DA:27,0
DA:28,0
DA:29,0
DA:33,0
DA:34,0
DA:35,0
DA:37,0
DA:39,0
DA:41,0
DA:44,0
DA:52,0
DA:53,0
DA:54,0
DA:56,0
DA:60,0
DA:61,0
DA:67,0
DA:71,0
DA:73,0
DA:74,0
LF:30
LH:0
BRDA:25,0,0,0
BRDA:25,0,1,0
BRDA:28,1,0,0
BRDA:28,1,1,0
BRDA:28,2,0,0
BRDA:28,2,1,0
BRDA:39,3,0,0
BRDA:39,3,1,0
BRDA:47,4,0,0
BRDA:47,4,1,0
BRDA:52,5,0,0
BRDA:52,5,1,0
BRDA:53,6,0,0
BRDA:53,6,1,0
BRDA:76,7,0,0
BRDA:76,7,1,0
BRF:16
BRH:0
end_of_record
TN:
SF:src/hooks/useMyBookings.ts
FN:5,useBookingsQuery
FN:8,(anonymous_1)
FNF:2
FNH:0
FNDA:0,useBookingsQuery
FNDA:0,(anonymous_1)
DA:6,0
DA:8,0
LF:2
LH:0
BRF:0
BRH:0
end_of_record
TN:
SF:src/hooks/useNearbyStores.ts
FN:18,useNearbyStores
FN:28,(anonymous_1)
FNF:2
FNH:0
FNDA:0,useNearbyStores
FNDA:0,(anonymous_1)
DA:19,0
DA:22,0
DA:24,0
DA:29,0
DA:32,0
DA:33,0
DA:36,0
LF:7
LH:0
BRDA:18,0,0,0
BRDA:19,1,0,0
BRDA:29,2,0,0
BRDA:29,2,1,0
BRDA:29,3,0,0
BRDA:29,3,1,0
BRDA:32,4,0,0
BRDA:32,4,1,0
BRDA:33,5,0,0
BRDA:33,5,1,0
BRDA:47,6,0,0
BRDA:47,6,1,0
BRF:12
BRH:0
end_of_record
TN:
SF:src/hooks/useNotifications.ts
FN:5,useNotifications
FN:11,(anonymous_1)
FN:18,(anonymous_2)
FN:19,(anonymous_3)
FN:27,(anonymous_4)
FNF:5
FNH:1
FNDA:4,useNotifications
FNDA:0,(anonymous_1)
FNDA:0,(anonymous_2)
FNDA:0,(anonymous_3)
FNDA:0,(anonymous_4)
DA:6,4
DA:9,4
DA:11,0
DA:17,4
DA:18,0
DA:20,0
DA:25,0
DA:28,0
DA:36,4
LF:9
LH:4
BRDA:31,0,0,0
BRDA:31,0,1,0
BRDA:37,1,0,4
BRDA:37,1,1,3
BRF:4
BRH:2
end_of_record
TN:
SF:src/hooks/usePayment.ts
FN:6,usePayment
FN:10,(anonymous_1)
FN:60,(anonymous_2)
FN:79,(anonymous_3)
FN:124,(anonymous_4)
FNF:5
FNH:0
FNDA:0,usePayment
FNDA:0,(anonymous_1)
FNDA:0,(anonymous_2)
FNDA:0,(anonymous_3)
FNDA:0,(anonymous_4)
DA:7,0
DA:8,0
DA:10,0
DA:11,0
DA:12,0
DA:20,0
DA:23,0
DA:43,0
DA:44,0
DA:47,0
DA:49,0
DA:54,0
DA:56,0
DA:60,0
DA:61,0
DA:63,0
DA:64,0
DA:66,0
DA:68,0
DA:73,0
DA:75,0
DA:79,0
DA:80,0
DA:81,0
DA:83,0
DA:85,0
DA:86,0
DA:90,0
DA:91,0
DA:96,0
DA:99,0
DA:102,0
DA:103,0
DA:106,0
DA:111,0
DA:113,0
DA:118,0
DA:120,0
DA:124,0
DA:125,0
DA:126,0
DA:127,0
DA:129,0
DA:141,0
DA:143,0
DA:144,0
DA:145,0
DA:146,0
DA:149,0
DA:154,0
DA:156,0
DA:161,0
DA:163,0
DA:167,0
LF:54
LH:0
BRDA:43,0,0,0
BRDA:43,0,1,0
BRDA:63,1,0,0
BRDA:63,1,1,0
BRDA:64,2,0,0
BRDA:64,2,1,0
BRDA:85,3,0,0
BRDA:85,3,1,0
BRDA:85,4,0,0
BRDA:85,4,1,0
BRDA:90,5,0,0
BRDA:90,5,1,0
BRDA:102,6,0,0
BRDA:102,6,1,0
BRDA:109,7,0,0
BRDA:109,7,1,0
BRDA:141,8,0,0
BRDA:141,8,1,0
BRDA:144,9,0,0
BRDA:144,9,1,0
BRDA:145,10,0,0
BRDA:145,10,1,0
BRF:22
BRH:0
end_of_record
TN:
SF:src/hooks/useProcessBooking.tsx
FN:5,useProcessBooking
FN:7,(anonymous_1)
FN:10,(anonymous_2)
FN:12,(anonymous_3)
FNF:4
FNH:0
FNDA:0,useProcessBooking
FNDA:0,(anonymous_1)
FNDA:0,(anonymous_2)
FNDA:0,(anonymous_3)
DA:6,0
DA:7,0
DA:9,0
DA:10,0
DA:13,0
DA:14,0
DA:15,0
DA:16,0
LF:8
LH:0
BRF:0
BRH:0
end_of_record
TN:
SF:src/hooks/usePushNotifications.ts
FN:5,useRegisterPushToken
FN:7,(anonymous_1)
FN:10,(anonymous_2)
FN:13,(anonymous_3)
FNF:4
FNH:0
FNDA:0,useRegisterPushToken
FNDA:0,(anonymous_1)
FNDA:0,(anonymous_2)
FNDA:0,(anonymous_3)
DA:6,0
DA:8,0
DA:11,0
DA:14,0
LF:4
LH:0
BRDA:14,0,0,0
BRDA:14,0,1,0
BRF:2
BRH:0
end_of_record
TN:
SF:src/hooks/useReviews.ts
FN:5,useReviews
FN:11,(anonymous_1)
FN:18,(anonymous_2)
FN:24,(anonymous_3)
FN:25,(anonymous_4)
FN:36,(anonymous_5)
FNF:6
FNH:0
FNDA:0,useReviews
FNDA:0,(anonymous_1)
FNDA:0,(anonymous_2)
FNDA:0,(anonymous_3)
FNDA:0,(anonymous_4)
FNDA:0,(anonymous_5)
DA:6,0
DA:9,0
DA:11,0
DA:16,0
DA:18,0
DA:23,0
DA:24,0
DA:26,0
DA:32,0
DA:33,0
DA:34,0
DA:37,0
DA:45,0
LF:13
LH:0
BRDA:11,0,0,0
BRDA:11,0,1,0
BRDA:18,1,0,0
BRDA:18,1,1,0
BRDA:40,2,0,0
BRDA:40,2,1,0
BRDA:46,3,0,0
BRDA:46,3,1,0
BRDA:48,4,0,0
BRDA:48,4,1,0
BRF:10
BRH:0
end_of_record
TN:
SF:src/hooks/useSignUp.ts
FN:6,(anonymous_0)
FN:11,(anonymous_1)
FN:26,(anonymous_2)
FNF:3
FNH:0
FNDA:0,(anonymous_0)
FNDA:0,(anonymous_1)
FNDA:0,(anonymous_2)
DA:6,0
DA:7,0
DA:9,0
DA:12,0
DA:13,0
DA:14,0
DA:15,0
DA:16,0
DA:27,0
DA:28,0
LF:10
LH:0
BRDA:12,0,0,0
BRDA:12,0,1,0
BRDA:14,1,0,0
BRDA:14,1,1,0
BRDA:27,2,0,0
BRDA:27,2,1,0
BRF:6
BRH:0
end_of_record
TN:
SF:src/hooks/useStoreDetail.ts
FN:4,useStoreDetail
FN:10,(anonymous_1)
FN:18,(anonymous_2)
FNF:3
FNH:0
FNDA:0,useStoreDetail
FNDA:0,(anonymous_1)
FNDA:0,(anonymous_2)
DA:6,0
DA:8,0
DA:12,0
DA:18,0
LF:4
LH:0
BRDA:6,0,0,0
BRDA:6,0,1,0
BRDA:15,1,0,0
BRDA:15,1,1,0
BRF:4
BRH:0
end_of_record
TN:
SF:src/hooks/useSwitchMode.ts
FN:6,useSwitchMode
FN:8,(anonymous_1)
FN:11,(anonymous_2)
FN:22,(anonymous_3)
FNF:4
FNH:0
FNDA:0,useSwitchMode
FNDA:0,(anonymous_1)
FNDA:0,(anonymous_2)
FNDA:0,(anonymous_3)
DA:7,0
DA:8,0
DA:10,0
DA:12,0
DA:13,0
DA:14,0
DA:16,0
DA:22,0
DA:23,0
DA:24,0
DA:25,0
DA:28,0
LF:12
LH:0
BRDA:13,0,0,0
BRDA:13,0,1,0
BRDA:13,1,0,0
BRDA:13,1,1,0
BRDA:23,2,0,0
BRDA:23,2,1,0
BRDA:24,3,0,0
BRDA:24,3,1,0
BRDA:24,4,0,0
BRDA:24,4,1,0
BRF:10
BRH:0
end_of_record
TN:
SF:src/hooks/useTheme.ts
FN:4,useTheme
FNF:1
FNH:0
FNDA:0,useTheme
DA:5,0
DA:6,0
DA:7,0
LF:3
LH:0
BRDA:9,0,0,0
BRDA:9,0,1,0
BRF:2
BRH:0
end_of_record
TN:
SF:src/hooks/useUnreadCount.ts
FN:4,useUnreadCount
FN:7,(anonymous_1)
FNF:2
FNH:0
FNDA:0,useUnreadCount
FNDA:0,(anonymous_1)
DA:5,0
DA:7,0
DA:12,0
DA:14,0
LF:4
LH:0
BRDA:12,0,0,0
BRDA:12,0,1,0
BRF:2
BRH:0
end_of_record
TN:
SF:src/hooks/useUpdateLocation.ts
FN:4,useUpdateLocation
FN:9,(anonymous_1)
FN:15,(anonymous_2)
FN:23,(anonymous_3)
FNF:4
FNH:0
FNDA:0,useUpdateLocation
FNDA:0,(anonymous_1)
FNDA:0,(anonymous_2)
FNDA:0,(anonymous_3)
DA:5,0
DA:7,0
DA:10,0
DA:11,0
DA:17,0
DA:20,0
DA:24,0
LF:7
LH:0
BRF:0
BRH:0
end_of_record
TN:
SF:src/hooks/useUserLocation.ts
FN:5,useUserLocation
FN:12,(anonymous_1)
FN:15,(anonymous_2)
FN:40,(anonymous_3)
FNF:4
FNH:0
FNDA:0,useUserLocation
FNDA:0,(anonymous_1)
FNDA:0,(anonymous_2)
FNDA:0,(anonymous_3)
DA:6,0
DA:10,0
DA:12,0
DA:15,0
DA:16,0
DA:17,0
DA:18,0
DA:19,0
DA:21,0
DA:22,0
DA:27,0
DA:28,0
DA:34,0
DA:36,0
DA:40,0
DA:41,0
DA:44,0
LF:17
LH:0
BRDA:19,0,0,0
BRDA:19,0,1,0
BRF:2
BRH:0
end_of_record
TN:
SF:src/hooks/useValidateBooking.ts
FN:5,useValidateBooking
FN:8,(anonymous_1)
FN:12,(anonymous_2)
FNF:3
FNH:0
FNDA:0,useValidateBooking
FNDA:0,(anonymous_1)
FNDA:0,(anonymous_2)
DA:6,0
DA:8,0
DA:13,0
LF:3
LH:0
BRF:0
BRH:0
end_of_record
TN:
SF:src/i18n/index.ts
FN:9,(anonymous_0)
FNF:1
FNH:0
FNDA:0,(anonymous_0)
DA:7,0
DA:9,0
DA:10,0
LF:3
LH:0
BRDA:12,0,0,0
BRDA:12,0,1,0
BRF:2
BRH:0
end_of_record
TN:
SF:src/schemas/auth.schema.ts
FN:10,(anonymous_0)
FNF:1
FNH:0
FNDA:0,(anonymous_0)
DA:4,0
DA:10,0
LF:2
LH:0
BRF:0
BRH:0
end_of_record
TN:
SF:src/screens/LegalScreen.tsx
FN:14,LegalScreen
FN:20,(anonymous_1)
FN:21,(anonymous_2)
FN:36,(anonymous_3)
FNF:4
FNH:0
FNDA:0,LegalScreen
FNDA:0,(anonymous_1)
FNDA:0,(anonymous_2)
FNDA:0,(anonymous_3)
DA:7,0
DA:15,0
DA:16,0
DA:17,0
DA:18,0
DA:20,0
DA:21,0
DA:22,0
DA:23,0
DA:24,0
DA:26,0
DA:28,0
DA:33,0
DA:36,0
DA:56,0
LF:15
LH:0
BRDA:23,0,0,0
BRDA:23,0,1,0
BRDA:39,1,0,0
BRDA:39,1,1,0
BRDA:39,2,0,0
BRDA:39,2,1,0
BRDA:43,3,0,0
BRDA:43,3,1,0
BRF:8
BRH:0
end_of_record
TN:
SF:src/screens/auth/ForgotPasswordScreen.tsx
FN:19,ForgotPasswordScreen
FN:25,(anonymous_1)
FN:47,(anonymous_2)
FNF:3
FNH:0
FNDA:0,ForgotPasswordScreen
FNDA:0,(anonymous_1)
FNDA:0,(anonymous_2)
DA:20,0
DA:21,0
DA:22,0
DA:23,0
DA:25,0
DA:26,0
DA:27,0
DA:28,0
DA:31,0
DA:32,0
DA:33,0
DA:34,0
DA:36,0
DA:38,0
DA:42,0
DA:47,0
DA:91,0
LF:17
LH:0
BRDA:26,0,0,0
BRDA:26,0,1,0
BRDA:36,1,0,0
BRDA:36,1,1,0
BRDA:44,2,0,0
BRDA:44,2,1,0
BRDA:72,3,0,0
BRDA:72,3,1,0
BRDA:78,4,0,0
BRDA:78,4,1,0
BRF:10
BRH:0
end_of_record
TN:
SF:src/screens/auth/LoginScreen.tsx
FN:30,(anonymous_0)
FN:45,(anonymous_1)
FN:49,(anonymous_2)
FN:74,(anonymous_3)
FN:101,(anonymous_4)
FN:108,(anonymous_5)
FN:127,(anonymous_6)
FN:167,(anonymous_7)
FN:177,(anonymous_8)
FNF:9
FNH:0
FNDA:0,(anonymous_0)
FNDA:0,(anonymous_1)
FNDA:0,(anonymous_2)
FNDA:0,(anonymous_3)
FNDA:0,(anonymous_4)
FNDA:0,(anonymous_5)
FNDA:0,(anonymous_6)
FNDA:0,(anonymous_7)
FNDA:0,(anonymous_8)
DA:23,0
DA:30,0
DA:31,0
DA:32,0
DA:33,0
DA:34,0
DA:40,0
DA:45,0
DA:46,0
DA:49,0
DA:51,0
DA:75,0
DA:101,0
DA:109,0
DA:127,0
DA:167,0
DA:177,0
LF:17
LH:0
BRDA:54,0,0,0
BRDA:54,0,1,0
BRDA:75,1,0,0
BRDA:75,1,1,0
BRDA:97,2,0,0
BRDA:97,2,1,0
BRDA:109,3,0,0
BRDA:109,3,1,0
BRDA:127,4,0,0
BRDA:127,4,1,0
BRDA:129,5,0,0
BRDA:129,5,1,0
BRDA:137,6,0,0
BRDA:137,6,1,0
BRDA:140,7,0,0
BRDA:140,7,1,0
BRDA:146,8,0,0
BRDA:146,8,1,0
BRF:18
BRH:0
end_of_record
TN:
SF:src/screens/auth/OnboardingScreen.tsx
FN:39,OnboardingScreen
FN:45,(anonymous_1)
FN:51,(anonymous_2)
FN:69,(anonymous_3)
FN:70,(anonymous_4)
FN:71,(anonymous_5)
FN:82,(anonymous_6)
FNF:7
FNH:0
FNDA:0,OnboardingScreen
FNDA:0,(anonymous_1)
FNDA:0,(anonymous_2)
FNDA:0,(anonymous_3)
FNDA:0,(anonymous_4)
FNDA:0,(anonymous_5)
FNDA:0,(anonymous_6)
DA:8,0
DA:10,0
DA:37,0
DA:40,0
DA:41,0
DA:42,0
DA:43,0
DA:45,0
DA:46,0
DA:47,0
DA:51,0
DA:52,0
DA:53,0
DA:56,0
DA:58,0
DA:69,0
DA:70,0
DA:72,0
DA:83,0
DA:106,0
LF:20
LH:0
BRDA:46,0,0,0
BRDA:46,0,1,0
BRDA:83,1,0,0
BRDA:83,1,1,0
BRDA:89,2,0,0
BRDA:89,2,1,0
BRF:6
BRH:0
end_of_record
TN:
SF:src/screens/auth/ResetPasswordScreen.tsx
FN:18,ResetPasswordScreen
FN:28,(anonymous_1)
FN:33,(anonymous_2)
FN:50,(anonymous_3)
FN:56,(anonymous_4)
FN:71,(anonymous_5)
FN:85,(anonymous_6)
FN:98,(anonymous_7)
FN:101,(anonymous_8)
FN:106,(anonymous_9)
FN:107,(anonymous_10)
FN:125,(anonymous_11)
FNF:12
FNH:0
FNDA:0,ResetPasswordScreen
FNDA:0,(anonymous_1)
FNDA:0,(anonymous_2)
FNDA:0,(anonymous_3)
FNDA:0,(anonymous_4)
FNDA:0,(anonymous_5)
FNDA:0,(anonymous_6)
FNDA:0,(anonymous_7)
FNDA:0,(anonymous_8)
FNDA:0,(anonymous_9)
FNDA:0,(anonymous_10)
FNDA:0,(anonymous_11)
DA:19,0
DA:20,0
DA:22,0
DA:23,0
DA:24,0
DA:25,0
DA:26,0
DA:28,0
DA:29,0
DA:30,0
DA:31,0
DA:32,0
DA:33,0
DA:34,0
DA:35,0
DA:36,0
DA:38,0
DA:41,0
DA:42,0
DA:43,0
DA:45,0
DA:46,0
DA:50,0
DA:51,0
DA:52,0
DA:56,0
DA:57,0
DA:58,0
DA:59,0
DA:60,0
DA:62,0
DA:63,0
DA:64,0
DA:67,0
DA:68,0
DA:69,0
DA:70,0
DA:71,0
DA:74,0
DA:76,0
DA:80,0
DA:85,0
DA:99,0
DA:101,0
DA:106,0
DA:107,0
DA:125,0
DA:150,0
LF:48
LH:0
BRDA:30,0,0,0
BRDA:30,0,1,0
BRDA:35,1,0,0
BRDA:35,1,1,0
BRDA:45,2,0,0
BRDA:45,2,1,0
BRDA:45,3,0,0
BRDA:45,3,1,0
BRDA:51,4,0,0
BRDA:51,4,1,0
BRDA:51,5,0,0
BRDA:51,5,1,0
BRDA:51,5,2,0
BRDA:58,6,0,0
BRDA:58,6,1,0
BRDA:62,7,0,0
BRDA:62,7,1,0
BRDA:74,8,0,0
BRDA:74,8,1,0
BRDA:82,9,0,0
BRDA:82,9,1,0
BRDA:93,10,0,0
BRDA:93,10,1,0
BRDA:125,11,0,0
BRDA:125,11,1,0
BRDA:126,12,0,0
BRDA:126,12,1,0
BRDA:131,13,0,0
BRDA:131,13,1,0
BRDA:137,14,0,0
BRDA:137,14,1,0
BRF:31
BRH:0
end_of_record
TN:
SF:src/screens/auth/SplashScreen.tsx
FN:8,(anonymous_0)
FNF:1
FNH:0
FNDA:0,(anonymous_0)
DA:6,0
DA:8,0
DA:9,0
DA:46,0
LF:4
LH:0
BRF:0
BRH:0
end_of_record
TN:
SF:src/screens/auth/VerifyEmailScreen.tsx
FN:20,VerifyEmailScreen
FN:23,(anonymous_1)
FN:30,(anonymous_2)
FN:37,(anonymous_3)
FN:55,(anonymous_4)
FN:62,(anonymous_5)
FN:115,(anonymous_6)
FN:143,(anonymous_7)
FN:169,(anonymous_8)
FN:172,(anonymous_9)
FN:177,(anonymous_10)
FN:178,(anonymous_11)
FNF:12
FNH:0
FNDA:0,VerifyEmailScreen
FNDA:0,(anonymous_1)
FNDA:0,(anonymous_2)
FNDA:0,(anonymous_3)
FNDA:0,(anonymous_4)
FNDA:0,(anonymous_5)
FNDA:0,(anonymous_6)
FNDA:0,(anonymous_7)
FNDA:0,(anonymous_8)
FNDA:0,(anonymous_9)
FNDA:0,(anonymous_10)
FNDA:0,(anonymous_11)
DA:21,0
DA:22,0
DA:23,0
DA:25,0
DA:26,0
DA:27,0
DA:28,0
DA:30,0
DA:32,0
DA:33,0
DA:35,0
DA:36,0
DA:37,0
DA:38,0
DA:39,0
DA:40,0
DA:42,0
DA:45,0
DA:46,0
DA:47,0
DA:50,0
DA:51,0
DA:55,0
DA:57,0
DA:58,0
DA:62,0
DA:63,0
DA:64,0
DA:65,0
DA:71,0
DA:74,0
DA:75,0
DA:76,0
DA:77,0
DA:78,0
DA:79,0
DA:81,0
DA:82,0
DA:83,0
DA:84,0
DA:85,0
DA:86,0
DA:87,0
DA:88,0
DA:90,0
DA:97,0
DA:98,0
DA:99,0
DA:101,0
DA:104,0
DA:111,0
DA:115,0
DA:116,0
DA:117,0
DA:118,0
DA:119,0
DA:126,0
DA:133,0
DA:137,0
DA:143,0
DA:170,0
DA:172,0
DA:177,0
DA:178,0
DA:212,0
LF:65
LH:0
BRDA:33,0,0,0
BRDA:33,0,1,0
BRDA:39,1,0,0
BRDA:39,1,1,0
BRDA:50,2,0,0
BRDA:50,2,1,0
BRDA:50,3,0,0
BRDA:50,3,1,0
BRDA:57,4,0,0
BRDA:57,4,1,0
BRDA:57,5,0,0
BRDA:57,5,1,0
BRDA:57,5,2,0
BRDA:64,6,0,0
BRDA:64,6,1,0
BRDA:77,7,0,0
BRDA:77,7,1,0
BRDA:81,8,0,0
BRDA:81,8,1,0
BRDA:85,9,0,0
BRDA:85,9,1,0
BRDA:87,10,0,0
BRDA:87,10,1,0
BRDA:98,11,0,0
BRDA:98,11,1,0
BRDA:99,12,0,0
BRDA:99,12,1,0
BRDA:99,13,0,0
BRDA:99,13,1,0
BRDA:107,14,0,0
BRDA:107,14,1,0
BRDA:129,15,0,0
BRDA:129,15,1,0
BRDA:139,16,0,0
BRDA:139,16,1,0
BRDA:186,17,0,0
BRDA:186,17,1,0
BRDA:190,18,0,0
BRDA:190,18,1,0
BRDA:201,19,0,0
BRDA:201,19,1,0
BRF:41
BRH:0
end_of_record
TN:
SF:src/screens/client/BecomeOwnerScreen.tsx
FN:82,StatBadge
FN:91,FeatureCard
FN:105,StepRow
FN:124,BecomeOwnerScreen
FN:138,(anonymous_4)
FN:146,(anonymous_5)
FN:150,(anonymous_6)
FN:153,(anonymous_7)
FN:163,(anonymous_8)
FN:169,(anonymous_9)
FN:173,(anonymous_10)
FN:176,(anonymous_11)
FN:190,(anonymous_12)
FN:206,(anonymous_13)
FN:240,(anonymous_14)
FN:264,(anonymous_15)
FN:313,(anonymous_16)
FNF:17
FNH:0
FNDA:0,StatBadge
FNDA:0,FeatureCard
FNDA:0,StepRow
FNDA:0,BecomeOwnerScreen
FNDA:0,(anonymous_4)
FNDA:0,(anonymous_5)
FNDA:0,(anonymous_6)
FNDA:0,(anonymous_7)
FNDA:0,(anonymous_8)
FNDA:0,(anonymous_9)
FNDA:0,(anonymous_10)
FNDA:0,(anonymous_11)
FNDA:0,(anonymous_12)
FNDA:0,(anonymous_13)
FNDA:0,(anonymous_14)
FNDA:0,(anonymous_15)
FNDA:0,(anonymous_16)
DA:23,0
DA:27,0
DA:62,0
DA:83,0
DA:92,0
DA:106,0
DA:125,0
DA:126,0
DA:127,0
DA:128,0
DA:129,0
DA:130,0
DA:132,0
DA:138,0
DA:139,0
DA:140,0
DA:141,0
DA:142,0
DA:143,0
DA:145,0
DA:147,0
DA:150,0
DA:154,0
DA:155,0
DA:159,0
DA:163,0
DA:164,0
DA:165,0
DA:166,0
DA:167,0
DA:168,0
DA:170,0
DA:173,0
DA:177,0
DA:178,0
DA:182,0
DA:186,0
DA:190,0
DA:206,0
DA:241,0
DA:265,0
DA:313,0
DA:333,0
LF:43
LH:0
BRDA:112,0,0,0
BRDA:112,0,1,0
BRDA:154,1,0,0
BRDA:154,1,1,0
BRDA:164,2,0,0
BRDA:164,2,1,0
BRDA:177,3,0,0
BRDA:177,3,1,0
BRDA:278,4,0,0
BRDA:278,4,1,0
BRDA:283,5,0,0
BRDA:283,5,1,0
BRDA:347,6,0,0
BRDA:347,6,1,0
BRDA:365,7,0,0
BRDA:365,7,1,0
BRF:16
BRH:0
end_of_record
TN:
SF:src/screens/client/HelpScreen.tsx
FN:19,HelpScreen
FN:26,(anonymous_1)
FN:29,(anonymous_2)
FN:32,(anonymous_3)
FN:49,(anonymous_4)
FN:78,(anonymous_5)
FN:84,(anonymous_6)
FN:96,(anonymous_7)
FN:125,(anonymous_8)
FN:149,(anonymous_9)
FN:162,(anonymous_10)
FN:175,(anonymous_11)
FNF:12
FNH:0
FNDA:0,HelpScreen
FNDA:0,(anonymous_1)
FNDA:0,(anonymous_2)
FNDA:0,(anonymous_3)
FNDA:0,(anonymous_4)
FNDA:0,(anonymous_5)
FNDA:0,(anonymous_6)
FNDA:0,(anonymous_7)
FNDA:0,(anonymous_8)
FNDA:0,(anonymous_9)
FNDA:0,(anonymous_10)
FNDA:0,(anonymous_11)
DA:20,0
DA:21,0
DA:22,0
DA:24,0
DA:26,0
DA:29,0
DA:30,0
DA:31,0
DA:32,0
DA:33,0
DA:34,0
DA:36,0
DA:39,0
DA:46,0
DA:49,0
DA:79,0
DA:85,0
DA:86,0
DA:96,0
DA:125,0
DA:149,0
DA:162,0
DA:175,0
DA:186,0
LF:24
LH:0
BRDA:30,0,0,0
BRDA:30,0,1,0
BRDA:33,1,0,0
BRDA:33,1,1,0
BRDA:73,2,0,0
BRDA:73,2,1,0
BRDA:77,3,0,0
BRDA:77,3,1,0
BRDA:77,4,0,0
BRDA:77,4,1,0
BRDA:81,5,0,0
BRDA:81,5,1,0
BRDA:91,6,0,0
BRDA:91,6,1,0
BRDA:96,7,0,0
BRDA:96,7,1,0
BRDA:101,8,0,0
BRDA:101,8,1,0
BRDA:106,9,0,0
BRDA:106,9,1,0
BRF:20
BRH:0
end_of_record
TN:
SF:src/screens/client/ProfileScreen.tsx
FN:27,ProfileScreen
FN:33,(anonymous_1)
FN:133,(anonymous_2)
FN:148,(anonymous_3)
FN:159,(anonymous_4)
FN:170,(anonymous_5)
FNF:6
FNH:0
FNDA:0,ProfileScreen
FNDA:0,(anonymous_1)
FNDA:0,(anonymous_2)
FNDA:0,(anonymous_3)
FNDA:0,(anonymous_4)
FNDA:0,(anonymous_5)
DA:25,0
DA:28,0
DA:29,0
DA:30,0
DA:31,0
DA:33,0
DA:34,0
DA:35,0
DA:36,0
DA:41,0
DA:44,0
DA:51,0
DA:52,0
DA:53,0
DA:54,0
DA:56,0
DA:58,0
DA:62,0
DA:64,0
DA:70,0
DA:71,0
DA:77,0
DA:82,0
DA:133,0
DA:148,0
DA:159,0
DA:170,0
DA:203,0
LF:28
LH:0
BRDA:35,0,0,0
BRDA:35,0,1,0
BRDA:51,1,0,0
BRDA:51,1,1,0
BRDA:97,2,0,0
BRDA:97,2,1,0
BRDA:116,3,0,0
BRDA:116,3,1,0
BRF:8
BRH:0
end_of_record
TN:
SF:src/screens/client/SettingsScreen.tsx
FN:32,SettingsScreen
FN:57,(anonymous_1)
FN:59,(anonymous_2)
FN:68,(anonymous_3)
FN:73,(anonymous_4)
FN:84,(anonymous_5)
FN:88,(anonymous_6)
FN:112,(anonymous_7)
FN:145,(anonymous_8)
FN:146,(anonymous_9)
FN:158,(anonymous_10)
FN:170,(anonymous_11)
FN:182,(anonymous_12)
FN:197,(anonymous_13)
FN:208,(anonymous_14)
FN:214,(anonymous_15)
FN:223,(anonymous_16)
FN:231,(anonymous_17)
FN:235,(anonymous_18)
FN:275,(anonymous_19)
FN:310,(anonymous_20)
FN:320,(anonymous_21)
FN:330,(anonymous_22)
FN:335,(anonymous_23)
FN:357,(anonymous_24)
FN:364,(anonymous_25)
FN:368,(anonymous_26)
FNF:27
FNH:0
FNDA:0,SettingsScreen
FNDA:0,(anonymous_1)
FNDA:0,(anonymous_2)
FNDA:0,(anonymous_3)
FNDA:0,(anonymous_4)
FNDA:0,(anonymous_5)
FNDA:0,(anonymous_6)
FNDA:0,(anonymous_7)
FNDA:0,(anonymous_8)
FNDA:0,(anonymous_9)
FNDA:0,(anonymous_10)
FNDA:0,(anonymous_11)
FNDA:0,(anonymous_12)
FNDA:0,(anonymous_13)
FNDA:0,(anonymous_14)
FNDA:0,(anonymous_15)
FNDA:0,(anonymous_16)
FNDA:0,(anonymous_17)
FNDA:0,(anonymous_18)
FNDA:0,(anonymous_19)
FNDA:0,(anonymous_20)
FNDA:0,(anonymous_21)
FNDA:0,(anonymous_22)
FNDA:0,(anonymous_23)
FNDA:0,(anonymous_24)
FNDA:0,(anonymous_25)
FNDA:0,(anonymous_26)
DA:25,0
DA:26,0
DA:33,0
DA:34,0
DA:35,0
DA:38,0
DA:39,0
DA:42,0
DA:43,0
DA:44,0
DA:45,0
DA:46,0
DA:49,0
DA:50,0
DA:53,0
DA:54,0
DA:55,0
DA:57,0
DA:58,0
DA:60,0
DA:61,0
DA:62,0
DA:63,0
DA:68,0
DA:69,0
DA:70,0
DA:73,0
DA:74,0
DA:75,0
DA:76,0
DA:77,0
DA:78,0
DA:79,0
DA:83,0
DA:84,0
DA:85,0
DA:88,0
DA:89,0
DA:90,0
DA:91,0
DA:93,0
DA:94,0
DA:95,0
DA:99,0
DA:100,0
DA:101,0
DA:103,0
DA:105,0
DA:110,0
DA:112,0
DA:113,0
DA:114,0
DA:115,0
DA:117,0
DA:118,0
DA:119,0
DA:121,0
DA:122,0
DA:123,0
DA:125,0
DA:126,0
DA:127,0
DA:131,0
DA:132,0
DA:133,0
DA:135,0
DA:137,0
DA:141,0
DA:145,0
DA:146,0
DA:158,0
DA:170,0
DA:182,0
DA:197,0
DA:208,0
DA:214,0
DA:220,0
DA:223,0
DA:232,0
DA:236,0
DA:275,0
DA:310,0
DA:320,0
DA:330,0
DA:335,0
DA:357,0
DA:365,0
DA:368,0
DA:383,0
LF:89
LH:0
BRDA:60,0,0,0
BRDA:60,0,1,0
BRDA:61,1,0,0
BRDA:61,1,1,0
BRDA:62,2,0,0
BRDA:62,2,1,0
BRDA:63,3,0,0
BRDA:63,3,1,0
BRDA:83,4,0,0
BRDA:83,4,1,0
BRDA:85,5,0,0
BRDA:85,5,1,0
BRDA:85,6,0,0
BRDA:85,6,1,0
BRDA:89,7,0,0
BRDA:89,7,1,0
BRDA:97,8,0,0
BRDA:97,8,1,0
BRDA:103,9,0,0
BRDA:103,9,1,0
BRDA:113,10,0,0
BRDA:113,10,1,0
BRDA:113,11,0,0
BRDA:113,11,1,0
BRDA:117,12,0,0
BRDA:117,12,1,0
BRDA:121,13,0,0
BRDA:121,13,1,0
BRDA:135,14,0,0
BRDA:135,14,1,0
BRDA:196,15,0,0
BRDA:196,15,1,0
BRDA:238,16,0,0
BRDA:238,16,1,0
BRDA:241,17,0,0
BRDA:241,17,1,0
BRDA:249,18,0,0
BRDA:249,18,1,0
BRDA:249,18,2,0
BRDA:279,19,0,0
BRDA:279,19,1,0
BRDA:283,20,0,0
BRDA:283,20,1,0
BRDA:339,21,0,0
BRDA:339,21,1,0
BRDA:343,22,0,0
BRDA:343,22,1,0
BRDA:367,23,0,0
BRDA:367,23,1,0
BRDA:370,24,0,0
BRDA:370,24,1,0
BRDA:373,25,0,0
BRDA:373,25,1,0
BRF:53
BRH:0
end_of_record
TN:
SF:src/screens/client/booking/BookingDetail.tsx
FN:24,BookingDetail
FN:33,(anonymous_1)
FN:38,(anonymous_2)
FN:56,(anonymous_3)
FN:77,(anonymous_4)
FN:83,(anonymous_5)
FN:88,(anonymous_6)
FN:97,(anonymous_7)
FN:165,(anonymous_8)
FN:186,(anonymous_9)
FN:192,(anonymous_10)
FNF:11
FNH:0
FNDA:0,BookingDetail
FNDA:0,(anonymous_1)
FNDA:0,(anonymous_2)
FNDA:0,(anonymous_3)
FNDA:0,(anonymous_4)
FNDA:0,(anonymous_5)
FNDA:0,(anonymous_6)
FNDA:0,(anonymous_7)
FNDA:0,(anonymous_8)
FNDA:0,(anonymous_9)
FNDA:0,(anonymous_10)
DA:25,0
DA:26,0
DA:29,0
DA:31,0
DA:34,0
DA:35,0
DA:36,0
DA:39,0
DA:44,0
DA:45,0
DA:52,0
DA:53,0
DA:56,0
DA:75,0
DA:77,0
DA:78,0
DA:83,0
DA:88,0
DA:89,0
DA:91,0
DA:93,0
DA:97,0
DA:166,0
DA:193,0
DA:208,0
LF:25
LH:0
BRDA:39,0,0,0
BRDA:39,0,1,0
BRDA:44,1,0,0
BRDA:44,1,1,0
BRDA:52,2,0,0
BRDA:52,2,1,0
BRDA:69,3,0,0
BRDA:73,4,0,0
BRDA:74,5,0,0
BRDA:106,6,0,0
BRDA:106,6,1,0
BRDA:109,7,0,0
BRDA:109,7,1,0
BRDA:111,8,0,0
BRDA:111,8,1,0
BRDA:113,9,0,0
BRDA:113,9,1,0
BRDA:126,10,0,0
BRDA:126,10,1,0
BRDA:127,11,0,0
BRDA:127,11,1,0
BRDA:132,12,0,0
BRDA:132,12,1,0
BRDA:138,13,0,0
BRDA:138,13,1,0
BRDA:166,14,0,0
BRDA:166,14,1,0
BRDA:171,15,0,0
BRDA:171,15,1,0
BRDA:189,16,0,0
BRDA:189,16,1,0
BRF:31
BRH:0
end_of_record
TN:
SF:src/screens/client/booking/BookingTicketScreen.tsx
FN:12,BookingTicketScreen
FN:24,(anonymous_1)
FNF:2
FNH:0
FNDA:0,BookingTicketScreen
FNDA:0,(anonymous_1)
DA:13,0
DA:14,0
DA:15,0
DA:18,0
DA:19,0
DA:20,0
DA:21,0
DA:24,0
DA:50,0
LF:9
LH:0
BRF:0
BRH:0
end_of_record
TN:
SF:src/screens/client/booking/PastBookings.tsx
FN:21,BookingDetailsScreen
FN:27,(anonymous_1)
FN:41,(anonymous_2)
FN:48,(anonymous_3)
FN:69,(anonymous_4)
FN:142,(anonymous_5)
FN:148,(anonymous_6)
FN:161,(anonymous_7)
FN:202,(anonymous_8)
FN:202,(anonymous_9)
FN:207,(anonymous_10)
FNF:11
FNH:0
FNDA:0,BookingDetailsScreen
FNDA:0,(anonymous_1)
FNDA:0,(anonymous_2)
FNDA:0,(anonymous_3)
FNDA:0,(anonymous_4)
FNDA:0,(anonymous_5)
FNDA:0,(anonymous_6)
FNDA:0,(anonymous_7)
FNDA:0,(anonymous_8)
FNDA:0,(anonymous_9)
FNDA:0,(anonymous_10)
DA:22,0
DA:23,0
DA:24,0
DA:25,0
DA:26,0
DA:27,0
DA:29,0
DA:30,0
DA:37,0
DA:38,0
DA:41,0
DA:48,0
DA:49,0
DA:50,0
DA:56,0
DA:57,0
DA:58,0
DA:60,0
DA:64,0
DA:69,0
DA:149,0
DA:161,0
DA:202,0
DA:207,0
LF:24
LH:0
BRDA:29,0,0,0
BRDA:29,0,1,0
BRDA:37,1,0,0
BRDA:37,1,1,0
BRDA:60,2,0,0
BRDA:60,2,1,0
BRDA:61,3,0,0
BRDA:61,3,1,0
BRDA:79,4,0,0
BRDA:79,4,1,0
BRDA:81,5,0,0
BRDA:81,5,1,0
BRDA:83,6,0,0
BRDA:83,6,1,0
BRDA:88,7,0,0
BRDA:88,7,1,0
BRDA:93,8,0,0
BRDA:93,8,1,0
BRDA:138,9,0,0
BRDA:138,9,1,0
BRDA:145,10,0,0
BRDA:145,10,1,0
BRDA:145,11,0,0
BRDA:145,11,1,0
BRDA:148,12,0,0
BRDA:148,12,1,0
BRDA:160,13,0,0
BRDA:160,13,1,0
BRDA:160,13,2,0
BRDA:160,13,3,0
BRDA:173,14,0,0
BRDA:173,14,1,0
BRDA:173,14,2,0
BRDA:187,15,0,0
BRDA:187,15,1,0
BRF:35
BRH:0
end_of_record
TN:
SF:src/screens/owner/ActivityLogsScreen.tsx
FN:7,ActivityLogsScreen
FN:12,(anonymous_1)
FN:21,(anonymous_2)
FN:36,(anonymous_3)
FN:48,(anonymous_4)
FN:57,(anonymous_5)
FNF:6
FNH:0
FNDA:0,ActivityLogsScreen
FNDA:0,(anonymous_1)
FNDA:0,(anonymous_2)
FNDA:0,(anonymous_3)
FNDA:0,(anonymous_4)
FNDA:0,(anonymous_5)
DA:8,0
DA:9,0
DA:10,0
DA:12,0
DA:13,0
DA:14,0
DA:15,0
DA:16,0
DA:17,0
DA:18,0
DA:21,0
DA:22,0
DA:23,0
DA:24,0
DA:25,0
DA:26,0
DA:27,0
DA:28,0
DA:29,0
DA:33,0
DA:36,0
DA:48,0
DA:58,0
DA:59,0
DA:78,0
LF:25
LH:0
BRDA:15,0,0,0
BRDA:15,0,1,0
BRDA:17,1,0,0
BRDA:17,1,1,0
BRDA:22,2,0,0
BRDA:22,2,1,0
BRDA:22,2,2,0
BRDA:22,2,3,0
BRDA:22,2,4,0
BRDA:22,2,5,0
BRDA:22,2,6,0
BRDA:43,3,0,0
BRDA:43,3,1,0
BRDA:47,4,0,0
BRDA:47,4,1,0
BRDA:66,5,0,0
BRDA:66,5,1,0
BRF:17
BRH:0
end_of_record
TN:
SF:src/screens/owner/DashBoardScreen.styles.ts
FNF:0
FNH:0
DA:4,0
LF:1
LH:0
BRF:0
BRH:0
end_of_record
TN:
SF:src/screens/owner/DashBoardScreen.tsx
FN:21,DashboardScreen
FN:28,(anonymous_1)
FN:35,(anonymous_2)
FN:37,(anonymous_3)
FN:69,(anonymous_4)
FN:83,(anonymous_5)
FN:112,(anonymous_6)
FN:114,(anonymous_7)
FN:126,(anonymous_8)
FN:181,(anonymous_9)
FN:217,(anonymous_10)
FN:229,(anonymous_11)
FN:235,(anonymous_12)
FN:242,(anonymous_13)
FNF:14
FNH:0
FNDA:0,DashboardScreen
FNDA:0,(anonymous_1)
FNDA:0,(anonymous_2)
FNDA:0,(anonymous_3)
FNDA:0,(anonymous_4)
FNDA:0,(anonymous_5)
FNDA:0,(anonymous_6)
FNDA:0,(anonymous_7)
FNDA:0,(anonymous_8)
FNDA:0,(anonymous_9)
FNDA:0,(anonymous_10)
FNDA:0,(anonymous_11)
FNDA:0,(anonymous_12)
FNDA:0,(anonymous_13)
DA:22,0
DA:23,0
DA:24,0
DA:25,0
DA:26,0
DA:28,0
DA:30,0
DA:31,0
DA:32,0
DA:33,0
DA:34,0
DA:35,0
DA:37,0
DA:38,0
DA:39,0
DA:40,0
DA:44,0
DA:49,0
DA:50,0
DA:51,0
DA:63,0
DA:64,0
DA:66,0
DA:69,0
DA:83,0
DA:112,0
DA:115,0
DA:116,0
DA:127,0
DA:128,0
DA:181,0
DA:217,0
DA:229,0
DA:235,0
DA:242,0
LF:35
LH:0
BRDA:35,0,0,0
BRDA:35,0,1,0
BRDA:35,1,0,0
BRDA:35,1,1,0
BRDA:38,2,0,0
BRDA:38,2,1,0
BRDA:39,3,0,0
BRDA:39,3,1,0
BRDA:39,4,0,0
BRDA:39,4,1,0
BRDA:39,4,2,0
BRDA:45,5,0,0
BRDA:45,5,1,0
BRDA:49,6,0,0
BRDA:49,6,1,0
BRDA:49,7,0,0
BRDA:49,7,1,0
BRDA:49,7,2,0
BRDA:49,7,3,0
BRDA:50,8,0,0
BRDA:50,8,1,0
BRDA:50,9,0,0
BRDA:50,9,1,0
BRDA:63,10,0,0
BRDA:63,10,1,0
BRDA:64,11,0,0
BRDA:64,11,1,0
BRDA:64,12,0,0
BRDA:64,12,1,0
BRDA:69,13,0,0
BRDA:69,13,1,0
BRDA:69,14,0,0
BRDA:69,14,1,0
BRDA:70,15,0,0
BRDA:70,15,1,0
BRDA:138,16,0,0
BRDA:138,16,1,0
BRDA:145,17,0,0
BRDA:145,17,1,0
BRDA:150,18,0,0
BRDA:150,18,1,0
BRDA:151,19,0,0
BRDA:151,19,1,0
BRDA:156,20,0,0
BRDA:156,20,1,0
BRDA:166,21,0,0
BRDA:166,21,1,0
BRDA:170,22,0,0
BRDA:170,22,1,0
BRDA:190,23,0,0
BRDA:190,23,1,0
BRDA:201,24,0,0
BRDA:201,24,1,0
BRDA:202,25,0,0
BRDA:202,25,1,0
BRDA:212,26,0,0
BRDA:212,26,1,0
BRDA:212,26,2,0
BRDA:241,27,0,0
BRDA:241,27,1,0
BRDA:252,28,0,0
BRDA:252,28,1,0
BRDA:254,29,0,0
BRDA:254,29,1,0
BRF:64
BRH:0
end_of_record
TN:
SF:src/screens/owner/LoadingDashboard.tsx
FN:5,(anonymous_0)
FN:10,(anonymous_1)
FNF:2
FNH:0
FNDA:0,(anonymous_0)
FNDA:0,(anonymous_1)
DA:5,0
DA:6,0
DA:8,0
DA:10,0
DA:11,0
DA:19,0
DA:46,0
LF:7
LH:0
BRDA:5,0,0,0
BRF:1
BRH:0
end_of_record
TN:
SF:src/screens/owner/StatsDetailScreen.tsx
FN:8,StatsDetailScreen
FN:15,(anonymous_1)
FN:17,(anonymous_2)
FN:30,(anonymous_3)
FN:31,(anonymous_4)
FN:32,(anonymous_5)
FN:37,(anonymous_6)
FNF:7
FNH:0
FNDA:0,StatsDetailScreen
FNDA:0,(anonymous_1)
FNDA:0,(anonymous_2)
FNDA:0,(anonymous_3)
FNDA:0,(anonymous_4)
FNDA:0,(anonymous_5)
FNDA:0,(anonymous_6)
DA:9,0
DA:10,0
DA:11,0
DA:13,0
DA:15,0
DA:17,0
DA:18,0
DA:29,0
DA:30,0
DA:31,0
DA:32,0
DA:34,0
DA:37,0
DA:131,0
LF:14
LH:0
BRDA:11,0,0,0
BRDA:11,0,1,0
BRDA:13,1,0,0
BRDA:13,1,1,0
BRDA:15,2,0,0
BRDA:15,2,1,0
BRDA:29,3,0,0
BRDA:29,3,1,0
BRDA:30,4,0,0
BRDA:30,4,1,0
BRDA:31,5,0,0
BRDA:31,5,1,0
BRDA:32,6,0,0
BRDA:32,6,1,0
BRDA:40,7,0,0
BRDA:40,7,1,0
BRDA:62,8,0,0
BRDA:62,8,1,0
BRDA:63,9,0,0
BRDA:63,9,1,0
BRDA:101,10,0,0
BRDA:101,10,1,0
BRDA:101,10,2,0
BRDA:105,11,0,0
BRDA:105,11,1,0
BRDA:114,12,0,0
BRDA:114,12,1,0
BRF:27
BRH:0
end_of_record
TN:
SF:src/screens/owner/booking/BookingValidated.tsx
FN:24,BookingValidated
FN:43,(anonymous_1)
FN:60,(anonymous_2)
FN:69,(anonymous_3)
FN:79,(anonymous_4)
FN:82,(anonymous_5)
FN:89,(anonymous_6)
FN:94,(anonymous_7)
FN:95,(anonymous_8)
FN:95,(anonymous_9)
FN:176,(anonymous_10)
FN:208,(anonymous_11)
FN:211,(anonymous_12)
FNF:13
FNH:0
FNDA:0,BookingValidated
FNDA:0,(anonymous_1)
FNDA:0,(anonymous_2)
FNDA:0,(anonymous_3)
FNDA:0,(anonymous_4)
FNDA:0,(anonymous_5)
FNDA:0,(anonymous_6)
FNDA:0,(anonymous_7)
FNDA:0,(anonymous_8)
FNDA:0,(anonymous_9)
FNDA:0,(anonymous_10)
FNDA:0,(anonymous_11)
FNDA:0,(anonymous_12)
DA:25,0
DA:26,0
DA:27,0
DA:28,0
DA:29,0
DA:31,0
DA:32,0
DA:40,0
DA:41,0
DA:43,0
DA:44,0
DA:45,0
DA:46,0
DA:47,0
DA:50,0
DA:56,0
DA:57,0
DA:58,0
DA:59,0
DA:60,0
DA:62,0
DA:64,0
DA:69,0
DA:70,0
DA:71,0
DA:72,0
DA:78,0
DA:80,0
DA:83,0
DA:84,0
DA:89,0
DA:90,0
DA:91,0
DA:94,0
DA:95,0
DA:98,0
DA:177,0
DA:178,0
DA:209,0
DA:211,0
DA:266,0
LF:41
LH:0
BRDA:31,0,0,0
BRDA:31,0,1,0
BRDA:45,1,0,0
BRDA:45,1,1,0
BRDA:56,2,0,0
BRDA:56,2,1,0
BRDA:56,3,0,0
BRDA:56,3,1,0
BRDA:70,4,0,0
BRDA:70,4,1,0
BRDA:70,5,0,0
BRDA:70,5,1,0
BRDA:83,6,0,0
BRDA:83,6,1,0
BRDA:125,7,0,0
BRDA:125,7,1,0
BRDA:127,8,0,0
BRDA:127,8,1,0
BRDA:129,9,0,0
BRDA:129,9,1,0
BRDA:131,10,0,0
BRDA:131,10,1,0
BRDA:132,11,0,0
BRDA:132,11,1,0
BRDA:141,12,0,0
BRDA:141,12,1,0
BRDA:160,13,0,0
BRDA:160,13,1,0
BRDA:160,14,0,0
BRDA:160,14,1,0
BRDA:166,15,0,0
BRDA:166,15,1,0
BRDA:176,16,0,0
BRDA:176,16,1,0
BRDA:177,17,0,0
BRDA:177,17,1,0
BRDA:177,18,0,0
BRDA:177,18,1,0
BRDA:182,19,0,0
BRDA:182,19,1,0
BRDA:189,20,0,0
BRDA:189,20,1,0
BRDA:199,21,0,0
BRDA:199,21,1,0
BRDA:206,22,0,0
BRDA:206,22,1,0
BRDA:222,23,0,0
BRDA:222,23,1,0
BRDA:226,24,0,0
BRDA:226,24,1,0
BRDA:232,25,0,0
BRDA:232,25,1,0
BRDA:242,26,0,0
BRDA:242,26,1,0
BRDA:245,27,0,0
BRDA:245,27,1,0
BRDA:248,28,0,0
BRDA:248,28,1,0
BRDA:252,29,0,0
BRDA:252,29,1,0
BRF:60
BRH:0
end_of_record
TN:
SF:src/screens/owner/booking/ChekinSuccess.tsx
FN:22,(anonymous_0)
FN:38,(anonymous_1)
FN:40,(anonymous_2)
FN:84,(anonymous_3)
FNF:4
FNH:0
FNDA:0,(anonymous_0)
FNDA:0,(anonymous_1)
FNDA:0,(anonymous_2)
FNDA:0,(anonymous_3)
DA:16,0
DA:22,0
DA:23,0
DA:24,0
DA:26,0
DA:27,0
DA:35,0
DA:36,0
DA:37,0
DA:38,0
DA:40,0
DA:41,0
DA:42,0
DA:45,0
DA:85,0
DA:86,0
DA:117,0
LF:17
LH:0
BRDA:26,0,0,0
BRDA:26,0,1,0
BRDA:37,1,0,0
BRDA:37,1,1,0
BRDA:56,2,0,0
BRDA:56,2,1,0
BRDA:59,3,0,0
BRDA:59,3,1,0
BRDA:69,4,0,0
BRDA:69,4,1,0
BRDA:81,5,0,0
BRDA:81,5,1,0
BRDA:85,6,0,0
BRDA:85,6,1,0
BRDA:85,7,0,0
BRDA:85,7,1,0
BRDA:90,8,0,0
BRDA:90,8,1,0
BRDA:97,9,0,0
BRDA:97,9,1,0
BRF:20
BRH:0
end_of_record
TN:
SF:src/screens/owner/booking/ScannerScreen.tsx
FN:9,ScannerScreen
FN:14,(anonymous_1)
FN:37,(anonymous_2)
FN:44,(anonymous_3)
FN:58,(anonymous_4)
FN:61,(anonymous_5)
FN:98,(anonymous_6)
FNF:7
FNH:0
FNDA:0,ScannerScreen
FNDA:0,(anonymous_1)
FNDA:0,(anonymous_2)
FNDA:0,(anonymous_3)
FNDA:0,(anonymous_4)
FNDA:0,(anonymous_5)
FNDA:0,(anonymous_6)
DA:10,0
DA:12,0
DA:13,0
DA:14,0
DA:16,0
DA:19,0
DA:20,0
DA:24,0
DA:25,0
DA:37,0
DA:38,0
DA:40,0
DA:43,0
DA:46,0
DA:49,0
DA:59,0
DA:60,0
DA:61,0
DA:67,0
DA:98,0
DA:110,0
LF:21
LH:0
BRDA:19,0,0,0
BRDA:19,0,1,0
BRDA:24,1,0,0
BRDA:24,1,1,0
BRDA:38,2,0,0
BRDA:38,2,1,0
BRDA:38,3,0,0
BRDA:38,3,1,0
BRDA:59,4,0,0
BRDA:59,4,1,0
BRDA:71,5,0,0
BRDA:71,5,1,0
BRDA:95,6,0,0
BRDA:95,6,1,0
BRF:14
BRH:0
end_of_record
TN:
SF:src/screens/owner/notifications/NotificationItem.tsx
FN:18,(anonymous_0)
FN:29,(anonymous_1)
FN:31,(anonymous_2)
FNF:3
FNH:0
FNDA:0,(anonymous_0)
FNDA:0,(anonymous_1)
FNDA:0,(anonymous_2)
DA:18,0
DA:28,0
DA:29,0
DA:31,0
DA:32,0
DA:33,0
DA:34,0
DA:35,0
DA:39,0
LF:9
LH:0
BRDA:32,0,0,0
BRDA:32,0,1,0
BRDA:32,0,2,0
BRDA:44,1,0,0
BRDA:44,1,1,0
BRDA:49,2,0,0
BRDA:49,2,1,0
BRDA:61,3,0,0
BRDA:61,3,1,0
BRDA:64,4,0,0
BRDA:64,4,1,0
BRF:11
BRH:0
end_of_record
TN:
SF:src/screens/owner/notifications/NotificationScreen.tsx
FN:24,NotificationsScreen
FN:37,(anonymous_1)
FN:43,(anonymous_2)
FN:48,(anonymous_3)
FN:72,(anonymous_4)
FN:87,(anonymous_5)
FN:94,(anonymous_6)
FN:116,(anonymous_7)
FN:125,(anonymous_8)
FN:144,(anonymous_9)
FNF:10
FNH:0
FNDA:0,NotificationsScreen
FNDA:0,(anonymous_1)
FNDA:0,(anonymous_2)
FNDA:0,(anonymous_3)
FNDA:0,(anonymous_4)
FNDA:0,(anonymous_5)
FNDA:0,(anonymous_6)
FNDA:0,(anonymous_7)
FNDA:0,(anonymous_8)
FNDA:0,(anonymous_9)
DA:20,0
DA:22,0
DA:25,0
DA:26,0
DA:27,0
DA:35,0
DA:37,0
DA:38,0
DA:39,0
DA:43,0
DA:45,0
DA:48,0
DA:72,0
DA:88,0
DA:94,0
DA:117,0
DA:125,0
DA:144,0
LF:18
LH:0
BRDA:38,0,0,0
BRDA:38,0,1,0
BRDA:92,1,0,0
BRDA:92,1,1,0
BRDA:101,2,0,0
BRDA:101,2,1,0
BRDA:111,3,0,0
BRDA:111,3,1,0
BRDA:111,4,0,0
BRDA:111,4,1,0
BRDA:119,5,0,0
BRDA:119,5,1,0
BRDA:124,6,0,0
BRDA:124,6,1,0
BRDA:130,7,0,0
BRDA:130,7,1,0
BRDA:130,7,2,0
BRDA:140,8,0,0
BRDA:140,8,1,0
BRDA:140,8,2,0
BRF:20
BRH:0
end_of_record
TN:
SF:src/screens/profile/ProfileScreen.tsx
FN:30,(anonymous_0)
FN:60,(anonymous_1)
FN:63,(anonymous_2)
FN:67,(anonymous_3)
FN:84,(anonymous_4)
FN:98,(anonymous_5)
FN:102,(anonymous_6)
FN:104,(anonymous_7)
FN:117,(anonymous_8)
FN:127,(anonymous_9)
FN:136,(anonymous_10)
FN:138,(anonymous_11)
FN:156,(anonymous_12)
FN:157,(anonymous_13)
FN:158,(anonymous_14)
FN:165,(anonymous_15)
FN:166,(anonymous_16)
FN:188,(anonymous_17)
FN:189,(anonymous_18)
FN:190,(anonymous_19)
FN:200,(anonymous_20)
FN:205,(anonymous_21)
FN:215,(anonymous_22)
FN:218,(anonymous_23)
FN:219,(anonymous_24)
FN:220,(anonymous_25)
FN:222,(anonymous_26)
FN:232,(anonymous_27)
FN:236,(anonymous_28)
FN:237,(anonymous_29)
FN:238,(anonymous_30)
FN:239,(anonymous_31)
FN:245,(anonymous_32)
FN:251,(anonymous_33)
FN:255,(anonymous_34)
FN:264,(anonymous_35)
FN:273,(anonymous_36)
FNF:37
FNH:0
FNDA:0,(anonymous_0)
FNDA:0,(anonymous_1)
FNDA:0,(anonymous_2)
FNDA:0,(anonymous_3)
FNDA:0,(anonymous_4)
FNDA:0,(anonymous_5)
FNDA:0,(anonymous_6)
FNDA:0,(anonymous_7)
FNDA:0,(anonymous_8)
FNDA:0,(anonymous_9)
FNDA:0,(anonymous_10)
FNDA:0,(anonymous_11)
FNDA:0,(anonymous_12)
FNDA:0,(anonymous_13)
FNDA:0,(anonymous_14)
FNDA:0,(anonymous_15)
FNDA:0,(anonymous_16)
FNDA:0,(anonymous_17)
FNDA:0,(anonymous_18)
FNDA:0,(anonymous_19)
FNDA:0,(anonymous_20)
FNDA:0,(anonymous_21)
FNDA:0,(anonymous_22)
FNDA:0,(anonymous_23)
FNDA:0,(anonymous_24)
FNDA:0,(anonymous_25)
FNDA:0,(anonymous_26)
FNDA:0,(anonymous_27)
FNDA:0,(anonymous_28)
FNDA:0,(anonymous_29)
FNDA:0,(anonymous_30)
FNDA:0,(anonymous_31)
FNDA:0,(anonymous_32)
FNDA:0,(anonymous_33)
FNDA:0,(anonymous_34)
FNDA:0,(anonymous_35)
FNDA:0,(anonymous_36)
DA:28,0
DA:30,0
DA:31,0
DA:32,0
DA:33,0
DA:34,0
DA:35,0
DA:36,0
DA:37,0
DA:38,0
DA:40,0
DA:41,0
DA:42,0
DA:44,0
DA:45,0
DA:46,0
DA:47,0
DA:48,0
DA:49,0
DA:50,0
DA:51,0
DA:53,0
DA:54,0
DA:55,0
DA:56,0
DA:58,0
DA:60,0
DA:61,0
DA:63,0
DA:67,0
DA:68,0
DA:69,0
DA:70,0
DA:71,0
DA:72,0
DA:73,0
DA:74,0
DA:75,0
DA:76,0
DA:78,0
DA:80,0
DA:84,0
DA:85,0
DA:86,0
DA:87,0
DA:88,0
DA:89,0
DA:90,0
DA:91,0
DA:92,0
DA:94,0
DA:95,0
DA:98,0
DA:99,0
DA:102,0
DA:104,0
DA:105,0
DA:106,0
DA:117,0
DA:118,0
DA:127,0
DA:128,0
DA:133,0
DA:136,0
DA:138,0
DA:156,0
DA:157,0
DA:158,0
DA:165,0
DA:166,0
DA:188,0
DA:189,0
DA:190,0
DA:200,0
DA:205,0
DA:215,0
DA:218,0
DA:219,0
DA:220,0
DA:222,0
DA:232,0
DA:236,0
DA:237,0
DA:238,0
DA:240,0
DA:245,0
DA:251,0
DA:255,0
DA:264,0
DA:273,0
LF:90
LH:0
BRDA:41,0,0,0
BRDA:41,0,1,0
BRDA:68,1,0,0
BRDA:68,1,1,0
BRDA:72,2,0,0
BRDA:72,2,1,0
BRDA:78,3,0,0
BRDA:78,3,1,0
BRDA:85,4,0,0
BRDA:85,4,1,0
BRDA:85,5,0,0
BRDA:85,5,1,0
BRDA:86,6,0,0
BRDA:86,6,1,0
BRDA:87,7,0,0
BRDA:87,7,1,0
BRDA:94,8,0,0
BRDA:94,8,1,0
BRDA:104,9,0,0
BRDA:105,10,0,0
BRDA:105,10,1,0
BRDA:105,11,0,0
BRDA:105,11,1,0
BRDA:121,12,0,0
BRDA:121,12,1,0
BRDA:122,13,0,0
BRDA:122,13,1,0
BRDA:122,14,0,0
BRDA:122,14,1,0
BRDA:122,15,0,0
BRDA:122,15,1,0
BRDA:146,16,0,0
BRDA:146,16,1,0
BRDA:156,17,0,0
BRDA:156,17,1,0
BRDA:171,18,0,0
BRDA:171,18,1,0
BRDA:171,18,2,0
BRDA:171,18,3,0
BRDA:189,19,0,0
BRDA:189,19,1,0
BRDA:208,20,0,0
BRDA:208,20,1,0
BRDA:209,21,0,0
BRDA:209,21,1,0
BRDA:225,22,0,0
BRDA:225,22,1,0
BRDA:226,23,0,0
BRDA:226,23,1,0
BRF:49
BRH:0
end_of_record
TN:
SF:src/services/QRGenerator.tsx
FN:16,(anonymous_0)
FNF:1
FNH:0
FNDA:0,(anonymous_0)
DA:5,0
DA:16,0
DA:18,0
DA:20,0
DA:21,0
DA:28,0
DA:48,0
LF:7
LH:0
BRDA:16,0,0,0
BRDA:20,1,0,0
BRDA:20,1,1,0
BRF:3
BRH:0
end_of_record
TN:
SF:src/services/api.ts
FN:13,(anonymous_0)
FN:23,(anonymous_1)
FN:24,(anonymous_2)
FNF:3
FNH:0
FNDA:0,(anonymous_0)
FNDA:0,(anonymous_1)
FNDA:0,(anonymous_2)
DA:5,0
DA:13,0
DA:14,0
DA:15,0
DA:16,0
DA:18,0
DA:22,0
DA:23,0
DA:25,0
DA:28,0
DA:29,0
DA:31,0
DA:33,0
DA:34,0
DA:36,0
DA:40,0
DA:43,0
DA:46,0
DA:47,0
DA:50,0
DA:51,0
DA:52,0
DA:56,0
DA:57,0
DA:61,0
LF:25
LH:0
BRDA:15,0,0,0
BRDA:15,0,1,0
BRDA:28,1,0,0
BRDA:28,1,1,0
BRDA:28,2,0,0
BRDA:28,2,1,0
BRDA:33,3,0,0
BRDA:33,3,1,0
BRDA:33,4,0,0
BRDA:33,4,1,0
BRF:10
BRH:0
end_of_record
TN:
SF:src/services/authService.ts
FN:6,(anonymous_0)
FN:11,(anonymous_1)
FN:21,(anonymous_2)
FNF:3
FNH:0
FNDA:0,(anonymous_0)
FNDA:0,(anonymous_1)
FNDA:0,(anonymous_2)
DA:4,0
DA:7,0
DA:8,0
DA:12,0
DA:13,0
DA:14,0
DA:23,0
DA:27,0
LF:8
LH:0
BRF:0
BRH:0
end_of_record
TN:
SF:src/services/bookingService.ts
FN:17,(anonymous_0)
FN:27,(anonymous_1)
FN:32,(anonymous_2)
FN:37,(anonymous_3)
FN:42,(anonymous_4)
FN:47,(anonymous_5)
FNF:6
FNH:0
FNDA:0,(anonymous_0)
FNDA:0,(anonymous_1)
FNDA:0,(anonymous_2)
FNDA:0,(anonymous_3)
FNDA:0,(anonymous_4)
FNDA:0,(anonymous_5)
DA:16,0
DA:18,0
DA:20,0
DA:21,0
DA:22,0
DA:24,0
DA:25,0
DA:28,0
DA:29,0
DA:33,0
DA:34,0
DA:38,0
DA:39,0
DA:43,0
DA:44,0
DA:48,0
DA:49,0
LF:17
LH:0
BRDA:20,0,0,0
BRDA:20,0,1,0
BRDA:20,1,0,0
BRDA:20,1,1,0
BRDA:21,2,0,0
BRDA:21,2,1,0
BRDA:22,3,0,0
BRDA:22,3,1,0
BRF:8
BRH:0
end_of_record
TN:
SF:src/services/faqService.ts
FN:12,(anonymous_0)
FN:18,(anonymous_1)
FNF:2
FNH:0
FNDA:0,(anonymous_0)
FNDA:0,(anonymous_1)
DA:11,0
DA:13,0
DA:14,0
DA:15,0
DA:19,0
DA:20,0
LF:6
LH:0
BRDA:13,0,0,0
BRDA:13,0,1,0
BRF:2
BRH:0
end_of_record
TN:
SF:src/services/locationServices.ts
FN:5,(anonymous_0)
FN:11,(anonymous_1)
FN:17,(anonymous_2)
FN:23,(anonymous_3)
FN:37,(anonymous_4)
FNF:5
FNH:0
FNDA:0,(anonymous_0)
FNDA:0,(anonymous_1)
FNDA:0,(anonymous_2)
FNDA:0,(anonymous_3)
FNDA:0,(anonymous_4)
DA:3,0
DA:6,0
DA:7,0
DA:12,0
DA:13,0
DA:18,0
DA:19,0
DA:24,0
DA:35,0
DA:39,0
DA:40,0
LF:11
LH:0
BRF:0
BRH:0
end_of_record
TN:
SF:src/services/notificationService.ts
FN:31,(anonymous_0)
FN:40,(anonymous_1)
FN:44,(anonymous_2)
FN:52,(anonymous_3)
FN:58,(anonymous_4)
FN:63,(anonymous_5)
FNF:6
FNH:5
FNDA:1,(anonymous_0)
FNDA:0,(anonymous_1)
FNDA:2,(anonymous_2)
FNDA:1,(anonymous_3)
FNDA:1,(anonymous_4)
FNDA:1,(anonymous_5)
DA:26,1
DA:32,1
DA:33,1
DA:41,0
DA:42,0
DA:45,2
DA:48,2
DA:53,1
DA:54,1
DA:59,1
DA:60,1
DA:64,1
DA:65,1
LF:13
LH:11
BRDA:46,0,0,1
BRDA:46,0,1,1
BRF:2
BRH:2
end_of_record
TN:
SF:src/services/paymentServices.ts
FN:14,(anonymous_0)
FN:25,(anonymous_1)
FN:33,(anonymous_2)
FN:45,(anonymous_3)
FNF:4
FNH:4
FNDA:1,(anonymous_0)
FNDA:1,(anonymous_1)
FNDA:1,(anonymous_2)
FNDA:1,(anonymous_3)
DA:10,1
DA:15,1
DA:19,1
DA:26,1
DA:27,1
DA:34,1
DA:39,1
DA:46,1
DA:47,1
LF:9
LH:9
BRDA:14,0,0,0
BRF:1
BRH:0
end_of_record
TN:
SF:src/services/reviewServices.ts
FN:24,(anonymous_0)
FN:29,(anonymous_1)
FN:34,(anonymous_2)
FNF:3
FNH:0
FNDA:0,(anonymous_0)
FNDA:0,(anonymous_1)
FNDA:0,(anonymous_2)
DA:23,0
DA:25,0
DA:26,0
DA:30,0
DA:31,0
DA:35,0
DA:36,0
LF:7
LH:0
BRF:0
BRH:0
end_of_record
TN:
SF:src/services/sentry.ts
FN:5,initSentry
FN:21,captureError
FN:31,captureMessage
FNF:3
FNH:0
FNDA:0,initSentry
FNDA:0,captureError
FNDA:0,captureMessage
DA:3,0
DA:6,0
DA:7,0
DA:8,0
DA:11,0
DA:18,0
DA:22,0
DA:23,0
DA:24,0
DA:26,0
DA:27,0
DA:32,0
DA:33,0
DA:34,0
DA:36,0
DA:37,0
LF:16
LH:0
BRDA:3,0,0,0
BRDA:3,0,1,0
BRDA:6,1,0,0
BRDA:6,1,1,0
BRDA:15,2,0,0
BRDA:15,2,1,0
BRDA:22,3,0,0
BRDA:22,3,1,0
BRDA:23,4,0,0
BRDA:23,4,1,0
BRDA:26,5,0,0
BRDA:26,5,1,0
BRDA:31,6,0,0
BRDA:32,7,0,0
BRDA:32,7,1,0
BRDA:36,8,0,0
BRDA:36,8,1,0
BRF:17
BRH:0
end_of_record
TN:
SF:src/services/staffService.ts
FN:4,(anonymous_0)
FN:9,(anonymous_1)
FN:15,(anonymous_2)
FN:20,(anonymous_3)
FN:24,(anonymous_4)
FNF:5
FNH:0
FNDA:0,(anonymous_0)
FNDA:0,(anonymous_1)
FNDA:0,(anonymous_2)
FNDA:0,(anonymous_3)
FNDA:0,(anonymous_4)
DA:3,0
DA:5,0
DA:6,0
DA:10,0
DA:11,0
DA:12,0
DA:16,0
DA:17,0
DA:21,0
DA:25,0
DA:26,0
LF:11
LH:0
BRDA:10,0,0,0
BRDA:10,0,1,0
BRF:2
BRH:0
end_of_record
TN:
SF:src/services/termsService.ts
FN:12,(anonymous_0)
FN:17,(anonymous_1)
FNF:2
FNH:0
FNDA:0,(anonymous_0)
FNDA:0,(anonymous_1)
DA:11,0
DA:13,0
DA:14,0
DA:18,0
LF:4
LH:0
BRF:0
BRH:0
end_of_record
TN:
SF:src/services/uploadService.ts
FN:4,(anonymous_0)
FNF:1
FNH:0
FNDA:0,(anonymous_0)
DA:3,0
DA:5,0
DA:8,0
DA:11,0
DA:12,0
DA:15,0
DA:21,0
DA:27,0
LF:8
LH:0
BRDA:4,0,0,0
BRDA:8,1,0,0
BRDA:8,1,1,0
BRDA:12,2,0,0
BRDA:12,2,1,0
BRF:5
BRH:0
end_of_record
TN:
SF:src/store/useAuthStore.ts
FN:25,(anonymous_0)
FN:31,(anonymous_1)
FN:39,(anonymous_2)
FN:44,(anonymous_3)
FN:51,(anonymous_4)
FNF:5
FNH:0
FNDA:0,(anonymous_0)
FNDA:0,(anonymous_1)
FNDA:0,(anonymous_2)
FNDA:0,(anonymous_3)
FNDA:0,(anonymous_4)
DA:25,0
DA:32,0
DA:33,0
DA:34,0
DA:36,0
DA:40,0
DA:41,0
DA:45,0
DA:46,0
DA:47,0
DA:48,0
DA:52,0
DA:58,0
DA:60,0
LF:14
LH:0
BRDA:58,0,0,0
BRDA:58,0,1,0
BRF:2
BRH:0
end_of_record
TN:
SF:src/store/useBookingStore.ts
FN:9,(anonymous_0)
FN:12,(anonymous_1)
FN:14,(anonymous_2)
FNF:3
FNH:0
FNDA:0,(anonymous_0)
FNDA:0,(anonymous_1)
FNDA:0,(anonymous_2)
DA:9,0
DA:12,0
DA:14,0
LF:3
LH:0
BRF:0
BRH:0
end_of_record
TN:
SF:src/store/useLocationStore.ts
FN:11,(anonymous_0)
FN:15,(anonymous_1)
FN:16,(anonymous_2)
FNF:3
FNH:0
FNDA:0,(anonymous_0)
FNDA:0,(anonymous_1)
FNDA:0,(anonymous_2)
DA:11,0
DA:15,0
DA:16,0
LF:3
LH:0
BRF:0
BRH:0
end_of_record
TN:
SF:src/store/useOwnerStore.ts
FN:10,(anonymous_0)
FN:13,(anonymous_1)
FN:17,(anonymous_2)
FNF:3
FNH:0
FNDA:0,(anonymous_0)
FNDA:0,(anonymous_1)
FNDA:0,(anonymous_2)
DA:10,0
DA:13,0
DA:17,0
LF:3
LH:0
BRDA:15,0,0,0
BRDA:15,0,1,0
BRF:2
BRH:0
end_of_record
TN:
SF:src/styles/colors.ts
FNF:0
FNH:0
DA:1,1
DA:32,1
DA:68,1
LF:3
LH:3
BRF:0
BRH:0
end_of_record
TN:
SF:src/styles/globalStyles.ts
FNF:0
FNH:0
DA:4,0
DA:35,0
LF:2
LH:0
BRF:0
BRH:0
end_of_record
TN:
SF:src/types/booking.types.ts
FNF:0
FNH:0
LF:0
LH:0
BRF:0
BRH:0
end_of_record
TN:
SF:src/types/bookings/BookingData.ts
FNF:0
FNH:0
LF:0
LH:0
BRF:0
BRH:0
end_of_record
TN:
SF:src/utils/dateFormatter.ts
FN:5,(anonymous_0)
FNF:1
FNH:0
FNDA:0,(anonymous_0)
DA:5,0
DA:6,0
DA:7,0
LF:3
LH:0
BRF:0
BRH:0
end_of_record
TN:
SF:src/utils/modeStorage.ts
FN:6,(anonymous_0)
FN:7,(anonymous_1)
FNF:2
FNH:0
FNDA:0,(anonymous_0)
FNDA:0,(anonymous_1)
DA:3,0
DA:5,0
DA:6,0
DA:7,0
LF:4
LH:0
BRF:0
BRH:0
end_of_record
